[0.008s] Invoking command in '/home/khizer/amr_project/build/robile_navigation': CMAKE_PREFIX_PATH=/home/khizer/amr_project/install/robile_interfaces:/home/khizer/amr_project/install/robile_navigation:/home/khizer/amr_project/install/robile_gazebo:/home/khizer/amr_project/install/robile_description:/home/khizer/amr_project/install/robile_slam:/home/khizer/amr_project/install/robile_reach_goal:/home/khizer/amr_project/install/robile_control_simple:/home/khizer/amr_project/install/robile_bringup:/home/khizer/amr_project/install/robile_autonomous:/opt/ros/humble /usr/bin/cmake --build /home/khizer/amr_project/build/robile_navigation -- -j12 -l12
[0.086s] Built target ament_cmake_python_copy_robile_navigation
[0.295s] running egg_info
[0.295s] writing robile_navigation.egg-info/PKG-INFO
[0.295s] writing dependency_links to robile_navigation.egg-info/dependency_links.txt
[0.295s] writing top-level names to robile_navigation.egg-info/top_level.txt
[0.299s] reading manifest file 'robile_navigation.egg-info/SOURCES.txt'
[0.299s] writing manifest file 'robile_navigation.egg-info/SOURCES.txt'
[0.336s] Built target ament_cmake_python_build_robile_navigation_egg
[0.351s] Invoked command in '/home/khizer/amr_project/build/robile_navigation' returned '0': CMAKE_PREFIX_PATH=/home/khizer/amr_project/install/robile_interfaces:/home/khizer/amr_project/install/robile_navigation:/home/khizer/amr_project/install/robile_gazebo:/home/khizer/amr_project/install/robile_description:/home/khizer/amr_project/install/robile_slam:/home/khizer/amr_project/install/robile_reach_goal:/home/khizer/amr_project/install/robile_control_simple:/home/khizer/amr_project/install/robile_bringup:/home/khizer/amr_project/install/robile_autonomous:/opt/ros/humble /usr/bin/cmake --build /home/khizer/amr_project/build/robile_navigation -- -j12 -l12
[0.353s] Invoking command in '/home/khizer/amr_project/build/robile_navigation': CMAKE_PREFIX_PATH=/home/khizer/amr_project/install/robile_interfaces:/home/khizer/amr_project/install/robile_navigation:/home/khizer/amr_project/install/robile_gazebo:/home/khizer/amr_project/install/robile_description:/home/khizer/amr_project/install/robile_slam:/home/khizer/amr_project/install/robile_reach_goal:/home/khizer/amr_project/install/robile_control_simple:/home/khizer/amr_project/install/robile_bringup:/home/khizer/amr_project/install/robile_autonomous:/opt/ros/humble /usr/bin/cmake --install /home/khizer/amr_project/build/robile_navigation
[0.360s] -- Install configuration: ""
[0.360s] -- Up-to-date: /home/khizer/amr_project/install/robile_navigation/share/robile_navigation/launch
[0.360s] -- Up-to-date: /home/khizer/amr_project/install/robile_navigation/share/robile_navigation/launch/landmark_based_localisation.launch.py
[0.360s] -- Up-to-date: /home/khizer/amr_project/install/robile_navigation/share/robile_navigation/launch/navigation.launch.py
[0.360s] -- Up-to-date: /home/khizer/amr_project/install/robile_navigation/share/robile_navigation/launch/localization.launch.py
[0.360s] -- Up-to-date: /home/khizer/amr_project/install/robile_navigation/share/robile_navigation/launch/online_async.launch.py
[0.360s] -- Up-to-date: /home/khizer/amr_project/install/robile_navigation/share/robile_navigation/launch/robile_nav2_bringup.launch.py
[0.360s] -- Up-to-date: /home/khizer/amr_project/install/robile_navigation/share/robile_navigation/config
[0.360s] -- Up-to-date: /home/khizer/amr_project/install/robile_navigation/share/robile_navigation/config/nav2_params.yaml
[0.360s] -- Up-to-date: /home/khizer/amr_project/install/robile_navigation/share/robile_navigation/config/robile_ros2_nav.rviz
[0.360s] -- Up-to-date: /home/khizer/amr_project/install/robile_navigation/share/robile_navigation/config/smacPlannerLattice.json
[0.361s] -- Up-to-date: /home/khizer/amr_project/install/robile_navigation/share/robile_navigation/config/amcl_config.yaml
[0.361s] -- Up-to-date: /home/khizer/amr_project/install/robile_navigation/share/robile_navigation/config/robile_nav_params.yaml
[0.361s] -- Up-to-date: /home/khizer/amr_project/install/robile_navigation/share/robile_navigation/config/mapper_params_online_async.yaml
[0.361s] -- Up-to-date: /home/khizer/amr_project/install/robile_navigation/share/robile_navigation/maps
[0.361s] -- Up-to-date: /home/khizer/amr_project/install/robile_navigation/share/robile_navigation/maps/closed_walls_map.pgm
[0.361s] -- Up-to-date: /home/khizer/amr_project/install/robile_navigation/share/robile_navigation/maps/map.pgm
[0.361s] -- Up-to-date: /home/khizer/amr_project/install/robile_navigation/share/robile_navigation/maps/map.yaml
[0.361s] -- Up-to-date: /home/khizer/amr_project/install/robile_navigation/share/robile_navigation/maps/closed_walls_map.yaml
[0.361s] -- Up-to-date: /home/khizer/amr_project/install/robile_navigation/share/robile_navigation/environment/pythonpath.sh
[0.361s] -- Up-to-date: /home/khizer/amr_project/install/robile_navigation/share/robile_navigation/environment/pythonpath.dsv
[0.361s] -- Up-to-date: /home/khizer/amr_project/install/robile_navigation/local/lib/python3.10/dist-packages/robile_navigation-0.0.0-py3.10.egg-info
[0.361s] -- Installing: /home/khizer/amr_project/install/robile_navigation/local/lib/python3.10/dist-packages/robile_navigation-0.0.0-py3.10.egg-info/top_level.txt
[0.361s] -- Installing: /home/khizer/amr_project/install/robile_navigation/local/lib/python3.10/dist-packages/robile_navigation-0.0.0-py3.10.egg-info/SOURCES.txt
[0.362s] -- Installing: /home/khizer/amr_project/install/robile_navigation/local/lib/python3.10/dist-packages/robile_navigation-0.0.0-py3.10.egg-info/PKG-INFO
[0.362s] -- Installing: /home/khizer/amr_project/install/robile_navigation/local/lib/python3.10/dist-packages/robile_navigation-0.0.0-py3.10.egg-info/dependency_links.txt
[0.362s] -- Up-to-date: /home/khizer/amr_project/install/robile_navigation/local/lib/python3.10/dist-packages/robile_navigation
[0.362s] -- Up-to-date: /home/khizer/amr_project/install/robile_navigation/local/lib/python3.10/dist-packages/robile_navigation/__init__.py
[0.389s] Listing '/home/khizer/amr_project/install/robile_navigation/local/lib/python3.10/dist-packages/robile_navigation'...
[0.393s] -- Up-to-date: /home/khizer/amr_project/install/robile_navigation/lib/robile_navigation/robile_rfid_tag_finder.py
[0.393s] -- Up-to-date: /home/khizer/amr_project/install/robile_navigation/share/ament_index/resource_index/package_run_dependencies/robile_navigation
[0.393s] -- Up-to-date: /home/khizer/amr_project/install/robile_navigation/share/ament_index/resource_index/parent_prefix_path/robile_navigation
[0.393s] -- Up-to-date: /home/khizer/amr_project/install/robile_navigation/share/robile_navigation/environment/ament_prefix_path.sh
[0.393s] -- Up-to-date: /home/khizer/amr_project/install/robile_navigation/share/robile_navigation/environment/ament_prefix_path.dsv
[0.393s] -- Up-to-date: /home/khizer/amr_project/install/robile_navigation/share/robile_navigation/environment/path.sh
[0.393s] -- Up-to-date: /home/khizer/amr_project/install/robile_navigation/share/robile_navigation/environment/path.dsv
[0.393s] -- Up-to-date: /home/khizer/amr_project/install/robile_navigation/share/robile_navigation/local_setup.bash
[0.393s] -- Up-to-date: /home/khizer/amr_project/install/robile_navigation/share/robile_navigation/local_setup.sh
[0.393s] -- Up-to-date: /home/khizer/amr_project/install/robile_navigation/share/robile_navigation/local_setup.zsh
[0.393s] -- Up-to-date: /home/khizer/amr_project/install/robile_navigation/share/robile_navigation/local_setup.dsv
[0.393s] -- Installing: /home/khizer/amr_project/install/robile_navigation/share/robile_navigation/package.dsv
[0.393s] -- Up-to-date: /home/khizer/amr_project/install/robile_navigation/share/ament_index/resource_index/packages/robile_navigation
[0.393s] -- Up-to-date: /home/khizer/amr_project/install/robile_navigation/share/robile_navigation/cmake/robile_navigationConfig.cmake
[0.393s] -- Up-to-date: /home/khizer/amr_project/install/robile_navigation/share/robile_navigation/cmake/robile_navigationConfig-version.cmake
[0.393s] -- Up-to-date: /home/khizer/amr_project/install/robile_navigation/share/robile_navigation/package.xml
[0.396s] Invoked command in '/home/khizer/amr_project/build/robile_navigation' returned '0': CMAKE_PREFIX_PATH=/home/khizer/amr_project/install/robile_interfaces:/home/khizer/amr_project/install/robile_navigation:/home/khizer/amr_project/install/robile_gazebo:/home/khizer/amr_project/install/robile_description:/home/khizer/amr_project/install/robile_slam:/home/khizer/amr_project/install/robile_reach_goal:/home/khizer/amr_project/install/robile_control_simple:/home/khizer/amr_project/install/robile_bringup:/home/khizer/amr_project/install/robile_autonomous:/opt/ros/humble /usr/bin/cmake --install /home/khizer/amr_project/build/robile_navigation
