[1.185s] Invoking command in '/home/khizer/amr_project/Robile/robile_bringup': PYTHONPATH=/home/khizer/amr_project/build/robile_bringup/prefix_override:/usr/lib/python3/dist-packages/colcon_core/task/python/colcon_distutils_commands:/home/khizer/amr_project/install/robile_bringup/lib/python3.10/site-packages:${PYTHONPATH} /usr/bin/python3 -W ignore:setup.py install is deprecated -W ignore:easy_install command is deprecated setup.py egg_info --egg-base ../../build/robile_bringup build --build-base /home/khizer/amr_project/build/robile_bringup/build install --record /home/khizer/amr_project/build/robile_bringup/install.log --single-version-externally-managed install_data
[1.374s] running egg_info
[1.374s] writing ../../build/robile_bringup/robile_bringup.egg-info/PKG-INFO
[1.375s] writing dependency_links to ../../build/robile_bringup/robile_bringup.egg-info/dependency_links.txt
[1.375s] writing entry points to ../../build/robile_bringup/robile_bringup.egg-info/entry_points.txt
[1.375s] writing requirements to ../../build/robile_bringup/robile_bringup.egg-info/requires.txt
[1.375s] writing top-level names to ../../build/robile_bringup/robile_bringup.egg-info/top_level.txt
[1.377s] reading manifest file '../../build/robile_bringup/robile_bringup.egg-info/SOURCES.txt'
[1.379s] writing manifest file '../../build/robile_bringup/robile_bringup.egg-info/SOURCES.txt'
[1.379s] running build
[1.379s] running build_py
[1.379s] running install
[1.379s] running install_lib
[1.380s] running install_data
[1.380s] running install_egg_info
[1.382s] removing '/home/khizer/amr_project/install/robile_bringup/lib/python3.10/site-packages/robile_bringup-0.0.0-py3.10.egg-info' (and everything under it)
[1.384s] Copying ../../build/robile_bringup/robile_bringup.egg-info to /home/khizer/amr_project/install/robile_bringup/lib/python3.10/site-packages/robile_bringup-0.0.0-py3.10.egg-info
[1.384s] running install_scripts
[1.402s] writing list of installed files to '/home/khizer/amr_project/build/robile_bringup/install.log'
[1.440s] Invoked command in '/home/khizer/amr_project/Robile/robile_bringup' returned '0': PYTHONPATH=/home/khizer/amr_project/build/robile_bringup/prefix_override:/usr/lib/python3/dist-packages/colcon_core/task/python/colcon_distutils_commands:/home/khizer/amr_project/install/robile_bringup/lib/python3.10/site-packages:${PYTHONPATH} /usr/bin/python3 -W ignore:setup.py install is deprecated -W ignore:easy_install command is deprecated setup.py egg_info --egg-base ../../build/robile_bringup build --build-base /home/khizer/amr_project/build/robile_bringup/build install --record /home/khizer/amr_project/build/robile_bringup/install.log --single-version-externally-managed install_data
