running egg_info
creating ../../build/robile_bringup/robile_bringup.egg-info
writing ../../build/robile_bringup/robile_bringup.egg-info/PKG-INFO
writing dependency_links to ../../build/robile_bringup/robile_bringup.egg-info/dependency_links.txt
writing entry points to ../../build/robile_bringup/robile_bringup.egg-info/entry_points.txt
writing requirements to ../../build/robile_bringup/robile_bringup.egg-info/requires.txt
writing top-level names to ../../build/robile_bringup/robile_bringup.egg-info/top_level.txt
writing manifest file '../../build/robile_bringup/robile_bringup.egg-info/SOURCES.txt'
reading manifest file '../../build/robile_bringup/robile_bringup.egg-info/SOURCES.txt'
writing manifest file '../../build/robile_bringup/robile_bringup.egg-info/SOURCES.txt'
running build
running build_py
creating /home/khizer/amr_project/build/robile_bringup/build
creating /home/khizer/amr_project/build/robile_bringup/build/lib
creating /home/khizer/amr_project/build/robile_bringup/build/lib/robile_bringup
copying robile_bringup/__init__.py -> /home/khizer/amr_project/build/robile_bringup/build/lib/robile_bringup
running install
running install_lib
creating /home/khizer/amr_project/install/robile_bringup/lib/python3.10/site-packages/robile_bringup
copying /home/khizer/amr_project/build/robile_bringup/build/lib/robile_bringup/__init__.py -> /home/khizer/amr_project/install/robile_bringup/lib/python3.10/site-packages/robile_bringup
byte-compiling /home/khizer/amr_project/install/robile_bringup/lib/python3.10/site-packages/robile_bringup/__init__.py to __init__.cpython-310.pyc
running install_data
creating /home/khizer/amr_project/install/robile_bringup/share/ament_index
creating /home/khizer/amr_project/install/robile_bringup/share/ament_index/resource_index
creating /home/khizer/amr_project/install/robile_bringup/share/ament_index/resource_index/packages
copying resource/robile_bringup -> /home/khizer/amr_project/install/robile_bringup/share/ament_index/resource_index/packages
copying package.xml -> /home/khizer/amr_project/install/robile_bringup/share/robile_bringup
copying launch/robot.launch.py -> /home/khizer/amr_project/install/robile_bringup/share/robile_bringup
running install_egg_info
Copying ../../build/robile_bringup/robile_bringup.egg-info to /home/khizer/amr_project/install/robile_bringup/lib/python3.10/site-packages/robile_bringup-0.0.0-py3.10.egg-info
running install_scripts
writing list of installed files to '/home/khizer/amr_project/build/robile_bringup/install.log'
