[0.029s] Invoking command in '/home/khizer/amr_project/build/robile_description': CMAKE_PREFIX_PATH=${CMAKE_PREFIX_PATH}:/home/khizer/amr_project/install/robile_slam:/home/khizer/amr_project/install/robile_reach_goal:/home/khizer/amr_project/install/robile_control_simple:/home/khizer/amr_project/install/robile_bringup:/home/khizer/amr_project/install/robile_autonomous:/opt/ros/humble /usr/bin/cmake --build /home/khizer/amr_project/build/robile_description -- -j12 -l12
[0.813s] Invoked command in '/home/khizer/amr_project/build/robile_description' returned '0': CMAKE_PREFIX_PATH=${CMAKE_PREFIX_PATH}:/home/khizer/amr_project/install/robile_slam:/home/khizer/amr_project/install/robile_reach_goal:/home/khizer/amr_project/install/robile_control_simple:/home/khizer/amr_project/install/robile_bringup:/home/khizer/amr_project/install/robile_autonomous:/opt/ros/humble /usr/bin/cmake --build /home/khizer/amr_project/build/robile_description -- -j12 -l12
[0.814s] Invoking command in '/home/khizer/amr_project/build/robile_description': CMAKE_PREFIX_PATH=${CMAKE_PREFIX_PATH}:/home/khizer/amr_project/install/robile_slam:/home/khizer/amr_project/install/robile_reach_goal:/home/khizer/amr_project/install/robile_control_simple:/home/khizer/amr_project/install/robile_bringup:/home/khizer/amr_project/install/robile_autonomous:/opt/ros/humble /usr/bin/cmake --install /home/khizer/amr_project/build/robile_description
[0.818s] -- Install configuration: ""
[0.818s] -- Up-to-date: /home/khizer/amr_project/install/robile_description/share/robile_description//meshes
[0.818s] -- Up-to-date: /home/khizer/amr_project/install/robile_description/share/robile_description//meshes/robile_brick_housing
[0.818s] -- Up-to-date: /home/khizer/amr_project/install/robile_description/share/robile_description//meshes/robile_brick_housing/lid_cover_green.dae
[0.818s] -- Up-to-date: /home/khizer/amr_project/install/robile_description/share/robile_description//meshes/robile_brick_housing/lid_cover_blue.dae
[0.818s] -- Up-to-date: /home/khizer/amr_project/install/robile_description/share/robile_description//meshes/robile_brick_housing/general_brick_housing.dae
[0.818s] -- Up-to-date: /home/khizer/amr_project/install/robile_description/share/robile_description//meshes/robile_brick_housing/lid_cover_yellow.dae
[0.818s] -- Up-to-date: /home/khizer/amr_project/install/robile_description/share/robile_description//meshes/robile_brick_housing/lid.dae
[0.818s] -- Up-to-date: /home/khizer/amr_project/install/robile_description/share/robile_description//meshes/robile_brick_housing/lid_cover_red.dae
[0.818s] -- Up-to-date: /home/khizer/amr_project/install/robile_description/share/robile_description//meshes/robile_brick_housing/wheeled_brick_housing.dae
[0.818s] -- Up-to-date: /home/khizer/amr_project/install/robile_description/share/robile_description//meshes/passive_caster_wheel
[0.819s] -- Up-to-date: /home/khizer/amr_project/install/robile_description/share/robile_description//meshes/passive_caster_wheel/pivot.dae
[0.819s] -- Up-to-date: /home/khizer/amr_project/install/robile_description/share/robile_description//meshes/passive_caster_wheel/wheel.dae
[0.819s] -- Up-to-date: /home/khizer/amr_project/install/robile_description/share/robile_description//meshes/sensors
[0.819s] -- Up-to-date: /home/khizer/amr_project/install/robile_description/share/robile_description//meshes/sensors/hokuyo_convex.dae
[0.820s] -- Up-to-date: /home/khizer/amr_project/install/robile_description/share/robile_description//meshes/sensors/sick-lms1xx.dae
[0.820s] -- Up-to-date: /home/khizer/amr_project/install/robile_description/share/robile_description//meshes/sensors/hokuyo.dae
[0.820s] -- Up-to-date: /home/khizer/amr_project/install/robile_description/share/robile_description//meshes/kelo_drive
[0.821s] -- Up-to-date: /home/khizer/amr_project/install/robile_description/share/robile_description//meshes/kelo_drive/kelo_drive_base.dae
[0.821s] -- Up-to-date: /home/khizer/amr_project/install/robile_description/share/robile_description//meshes/kelo_drive/kelo_drive_wheel.dae
[0.821s] -- Up-to-date: /home/khizer/amr_project/install/robile_description/share/robile_description//robots
[0.821s] -- Up-to-date: /home/khizer/amr_project/install/robile_description/share/robile_description//robots/robile3_config.urdf.xacro
[0.821s] -- Up-to-date: /home/khizer/amr_project/install/robile_description/share/robile_description//robots/4_wheel_config.urdf.xacro
[0.821s] -- Up-to-date: /home/khizer/amr_project/install/robile_description/share/robile_description//robots/6_wheel_config.urdf.xacro
[0.821s] -- Up-to-date: /home/khizer/amr_project/install/robile_description/share/robile_description//robots/2_wheel_config.urdf.xacro
[0.821s] -- Up-to-date: /home/khizer/amr_project/install/robile_description/share/robile_description//urdf
[0.821s] -- Up-to-date: /home/khizer/amr_project/install/robile_description/share/robile_description//urdf/robile_bricks
[0.821s] -- Up-to-date: /home/khizer/amr_project/install/robile_description/share/robile_description//urdf/robile_bricks/robile_active_wheel_brick.urdf.xacro
[0.821s] -- Up-to-date: /home/khizer/amr_project/install/robile_description/share/robile_description//urdf/robile_bricks/robile_master_battery_brick.urdf.xacro
[0.821s] -- Up-to-date: /home/khizer/amr_project/install/robile_description/share/robile_description//urdf/robile_bricks/robile_cpu_brick.urdf.xacro
[0.821s] -- Up-to-date: /home/khizer/amr_project/install/robile_description/share/robile_description//urdf/robile_bricks/robile_passive_wheel_brick.urdf.xacro
[0.821s] -- Up-to-date: /home/khizer/amr_project/install/robile_description/share/robile_description//urdf/robile_bricks/robile_empty_brick.urdf.xacro
[0.821s] -- Up-to-date: /home/khizer/amr_project/install/robile_description/share/robile_description//urdf/robile_bricks/robile_slave_battery_brick.urdf.xacro
[0.822s] -- Up-to-date: /home/khizer/amr_project/install/robile_description/share/robile_description//urdf/sensors
[0.822s] -- Up-to-date: /home/khizer/amr_project/install/robile_description/share/robile_description//urdf/sensors/camera_front.urdf.xacro
[0.822s] -- Up-to-date: /home/khizer/amr_project/install/robile_description/share/robile_description//urdf/sensors/hokuyo_urg04_laser.urdf.xacro
[0.822s] -- Up-to-date: /home/khizer/amr_project/install/robile_description/share/robile_description//urdf/sensors/camera_front.gazebo.xacro
[0.822s] -- Up-to-date: /home/khizer/amr_project/install/robile_description/share/robile_description//urdf/sensors/hokuyo_urg04_laser.gazebo.xacro
[0.822s] -- Up-to-date: /home/khizer/amr_project/install/robile_description/share/robile_description//urdf/sensors/sick_lms1xx.urdf.xacro
[0.822s] -- Up-to-date: /home/khizer/amr_project/install/robile_description/share/robile_description//urdf/sensors/sick_lms1xx_mount.urdf.xacro
[0.822s] -- Up-to-date: /home/khizer/amr_project/install/robile_description/share/robile_description//urdf/base_macros
[0.822s] -- Up-to-date: /home/khizer/amr_project/install/robile_description/share/robile_description//urdf/base_macros/kelo_drive_wheel.urdf.xacro
[0.822s] -- Up-to-date: /home/khizer/amr_project/install/robile_description/share/robile_description//urdf/base_macros/common.xacro
[0.822s] -- Up-to-date: /home/khizer/amr_project/install/robile_description/share/robile_description//urdf/base_macros/passive_caster_wheel.urdf.xacro
[0.822s] -- Up-to-date: /home/khizer/amr_project/install/robile_description/share/robile_description//urdf/base_macros/brick_housing.urdf.xacro
[0.822s] -- Up-to-date: /home/khizer/amr_project/install/robile_description/share/robile_description//urdf/base_macros/kelo_drive.urdf.xacro
[0.822s] -- Up-to-date: /home/khizer/amr_project/install/robile_description/share/robile_description//urdf/base_macros/materials.urdf.xacro
[0.822s] -- Up-to-date: /home/khizer/amr_project/install/robile_description/share/robile_description//gazebo
[0.822s] -- Up-to-date: /home/khizer/amr_project/install/robile_description/share/robile_description//gazebo/gazebo_robile_laser_scanner.xacro
[0.822s] -- Up-to-date: /home/khizer/amr_project/install/robile_description/share/robile_description//gazebo/gazebo_ros_control.xacro
[0.823s] -- Up-to-date: /home/khizer/amr_project/install/robile_description/share/robile_description//gazebo/gazebo_robile_laserscanner_camera.xacro
[0.823s] -- Up-to-date: /home/khizer/amr_project/install/robile_description/share/robile_description//gazebo/gazebo_ros_planar_move.xacro
[0.823s] -- Up-to-date: /home/khizer/amr_project/install/robile_description/share/robile_description//gazebo/gazebo_robile.xacro
[0.823s] -- Up-to-date: /home/khizer/amr_project/install/robile_description/share/ament_index/resource_index/package_run_dependencies/robile_description
[0.823s] -- Up-to-date: /home/khizer/amr_project/install/robile_description/share/ament_index/resource_index/parent_prefix_path/robile_description
[0.823s] -- Up-to-date: /home/khizer/amr_project/install/robile_description/share/robile_description/environment/ament_prefix_path.sh
[0.823s] -- Up-to-date: /home/khizer/amr_project/install/robile_description/share/robile_description/environment/ament_prefix_path.dsv
[0.823s] -- Up-to-date: /home/khizer/amr_project/install/robile_description/share/robile_description/environment/path.sh
[0.825s] -- Up-to-date: /home/khizer/amr_project/install/robile_description/share/robile_description/environment/path.dsv
[0.825s] -- Up-to-date: /home/khizer/amr_project/install/robile_description/share/robile_description/local_setup.bash
[0.825s] -- Up-to-date: /home/khizer/amr_project/install/robile_description/share/robile_description/local_setup.sh
[0.825s] -- Up-to-date: /home/khizer/amr_project/install/robile_description/share/robile_description/local_setup.zsh
[0.826s] -- Up-to-date: /home/khizer/amr_project/install/robile_description/share/robile_description/local_setup.dsv
[0.826s] -- Installing: /home/khizer/amr_project/install/robile_description/share/robile_description/package.dsv
[0.826s] -- Up-to-date: /home/khizer/amr_project/install/robile_description/share/ament_index/resource_index/packages/robile_description
[0.826s] -- Up-to-date: /home/khizer/amr_project/install/robile_description/share/robile_description/cmake/robile_descriptionConfig.cmake
[0.826s] -- Up-to-date: /home/khizer/amr_project/install/robile_description/share/robile_description/cmake/robile_descriptionConfig-version.cmake
[0.826s] -- Up-to-date: /home/khizer/amr_project/install/robile_description/share/robile_description/package.xml
[0.829s] Invoked command in '/home/khizer/amr_project/build/robile_description' returned '0': CMAKE_PREFIX_PATH=${CMAKE_PREFIX_PATH}:/home/khizer/amr_project/install/robile_slam:/home/khizer/amr_project/install/robile_reach_goal:/home/khizer/amr_project/install/robile_control_simple:/home/khizer/amr_project/install/robile_bringup:/home/khizer/amr_project/install/robile_autonomous:/opt/ros/humble /usr/bin/cmake --install /home/khizer/amr_project/build/robile_description
