[0.010s] Invoking command in '/home/khizer/amr_project/build/robile_gazebo': CMAKE_PREFIX_PATH=/home/khizer/amr_project/install/robile_description:/home/khizer/amr_project/install/robile_navigation:/home/khizer/amr_project/install/robile_interfaces:/home/khizer/amr_project/install/robile_gazebo:/home/khizer/amr_project/amr-ss25-projects-stark_syndicate_m42/install/robile_navigation:/home/khizer/amr_project/amr-ss25-projects-stark_syndicate_m42/install/robile_interfaces:/home/khizer/amr_project/amr-ss25-projects-stark_syndicate_m42/install/robile_gazebo:/home/khizer/amr_project/amr-ss25-projects-stark_syndicate_m42/install/robile_description:/home/khizer/ros2_ws/install/robile_navigation:/home/khizer/ros2_ws/install/robile_interfaces:/home/khizer/ros2_ws/install/robile_gazebo:/home/khizer/ros2_ws/install/robile_description:/home/khizer/amr_project/install/robile_slam:/home/khizer/amr_project/install/robile_autonomous:/home/khizer/amr_project/install/robile_reach_goal:/home/khizer/amr_project/install/robile_control_simple:/home/khizer/amr_project/install/robile_bringup:/home/khizer/amr_project/amr-ss25-projects-stark_syndicate_m42/install/robile_slam:/home/khizer/amr_project/amr-ss25-projects-stark_syndicate_m42/install/robile_reach_goal:/home/khizer/amr_project/amr-ss25-projects-stark_syndicate_m42/install/robile_control_simple:/home/khizer/amr_project/amr-ss25-projects-stark_syndicate_m42/install/robile_bringup:/home/khizer/amr_project/amr-ss25-projects-stark_syndicate_m42/install/robile_autonomous:/home/khizer/ros2_ws/install/robile_reach_goal:/home/khizer/ros2_ws/install/robile_control_simple:/home/khizer/ros2_ws/install/robile_bringup:/home/khizer/ros2_ws/install/my_robot_controller:/opt/ros/humble /usr/bin/cmake --build /home/khizer/amr_project/build/robile_gazebo -- -j12 -l12
[0.043s] Invoked command in '/home/khizer/amr_project/build/robile_gazebo' returned '0': CMAKE_PREFIX_PATH=/home/khizer/amr_project/install/robile_description:/home/khizer/amr_project/install/robile_navigation:/home/khizer/amr_project/install/robile_interfaces:/home/khizer/amr_project/install/robile_gazebo:/home/khizer/amr_project/amr-ss25-projects-stark_syndicate_m42/install/robile_navigation:/home/khizer/amr_project/amr-ss25-projects-stark_syndicate_m42/install/robile_interfaces:/home/khizer/amr_project/amr-ss25-projects-stark_syndicate_m42/install/robile_gazebo:/home/khizer/amr_project/amr-ss25-projects-stark_syndicate_m42/install/robile_description:/home/khizer/ros2_ws/install/robile_navigation:/home/khizer/ros2_ws/install/robile_interfaces:/home/khizer/ros2_ws/install/robile_gazebo:/home/khizer/ros2_ws/install/robile_description:/home/khizer/amr_project/install/robile_slam:/home/khizer/amr_project/install/robile_autonomous:/home/khizer/amr_project/install/robile_reach_goal:/home/khizer/amr_project/install/robile_control_simple:/home/khizer/amr_project/install/robile_bringup:/home/khizer/amr_project/amr-ss25-projects-stark_syndicate_m42/install/robile_slam:/home/khizer/amr_project/amr-ss25-projects-stark_syndicate_m42/install/robile_reach_goal:/home/khizer/amr_project/amr-ss25-projects-stark_syndicate_m42/install/robile_control_simple:/home/khizer/amr_project/amr-ss25-projects-stark_syndicate_m42/install/robile_bringup:/home/khizer/amr_project/amr-ss25-projects-stark_syndicate_m42/install/robile_autonomous:/home/khizer/ros2_ws/install/robile_reach_goal:/home/khizer/ros2_ws/install/robile_control_simple:/home/khizer/ros2_ws/install/robile_bringup:/home/khizer/ros2_ws/install/my_robot_controller:/opt/ros/humble /usr/bin/cmake --build /home/khizer/amr_project/build/robile_gazebo -- -j12 -l12
[0.045s] Invoking command in '/home/khizer/amr_project/build/robile_gazebo': CMAKE_PREFIX_PATH=/home/khizer/amr_project/install/robile_description:/home/khizer/amr_project/install/robile_navigation:/home/khizer/amr_project/install/robile_interfaces:/home/khizer/amr_project/install/robile_gazebo:/home/khizer/amr_project/amr-ss25-projects-stark_syndicate_m42/install/robile_navigation:/home/khizer/amr_project/amr-ss25-projects-stark_syndicate_m42/install/robile_interfaces:/home/khizer/amr_project/amr-ss25-projects-stark_syndicate_m42/install/robile_gazebo:/home/khizer/amr_project/amr-ss25-projects-stark_syndicate_m42/install/robile_description:/home/khizer/ros2_ws/install/robile_navigation:/home/khizer/ros2_ws/install/robile_interfaces:/home/khizer/ros2_ws/install/robile_gazebo:/home/khizer/ros2_ws/install/robile_description:/home/khizer/amr_project/install/robile_slam:/home/khizer/amr_project/install/robile_autonomous:/home/khizer/amr_project/install/robile_reach_goal:/home/khizer/amr_project/install/robile_control_simple:/home/khizer/amr_project/install/robile_bringup:/home/khizer/amr_project/amr-ss25-projects-stark_syndicate_m42/install/robile_slam:/home/khizer/amr_project/amr-ss25-projects-stark_syndicate_m42/install/robile_reach_goal:/home/khizer/amr_project/amr-ss25-projects-stark_syndicate_m42/install/robile_control_simple:/home/khizer/amr_project/amr-ss25-projects-stark_syndicate_m42/install/robile_bringup:/home/khizer/amr_project/amr-ss25-projects-stark_syndicate_m42/install/robile_autonomous:/home/khizer/ros2_ws/install/robile_reach_goal:/home/khizer/ros2_ws/install/robile_control_simple:/home/khizer/ros2_ws/install/robile_bringup:/home/khizer/ros2_ws/install/my_robot_controller:/opt/ros/humble /usr/bin/cmake --install /home/khizer/amr_project/build/robile_gazebo
[0.052s] -- Install configuration: ""
[0.052s] -- Up-to-date: /home/khizer/amr_project/install/robile_gazebo/share/robile_gazebo//config
[0.052s] -- Up-to-date: /home/khizer/amr_project/install/robile_gazebo/share/robile_gazebo//config/rviz
[0.052s] -- Up-to-date: /home/khizer/amr_project/install/robile_gazebo/share/robile_gazebo//config/rviz/robile_rolling.rviz
[0.052s] -- Up-to-date: /home/khizer/amr_project/install/robile_gazebo/share/robile_gazebo//config/rviz/robile.rviz
[0.052s] -- Up-to-date: /home/khizer/amr_project/install/robile_gazebo/share/robile_gazebo//config/rviz/robile_foxy_nav.rviz
[0.052s] -- Up-to-date: /home/khizer/amr_project/install/robile_gazebo/share/robile_gazebo//config/doxygen
[0.052s] -- Up-to-date: /home/khizer/amr_project/install/robile_gazebo/share/robile_gazebo//config/doxygen/Doxyfile.in
[0.053s] -- Up-to-date: /home/khizer/amr_project/install/robile_gazebo/share/robile_gazebo//launch
[0.053s] -- Up-to-date: /home/khizer/amr_project/install/robile_gazebo/share/robile_gazebo//launch/gazebo_4_wheel.launch.py
[0.053s] -- Up-to-date: /home/khizer/amr_project/install/robile_gazebo/share/robile_gazebo//worlds
[0.053s] -- Up-to-date: /home/khizer/amr_project/install/robile_gazebo/share/robile_gazebo//worlds/turtlebot3_worlds
[0.053s] -- Up-to-date: /home/khizer/amr_project/install/robile_gazebo/share/robile_gazebo//worlds/turtlebot3_worlds/ar_in_tb3_world.model
[0.053s] -- Up-to-date: /home/khizer/amr_project/install/robile_gazebo/share/robile_gazebo//worlds/cafe.world
[0.053s] -- Up-to-date: /home/khizer/amr_project/install/robile_gazebo/share/robile_gazebo//worlds/experiment_rooms
[0.053s] -- Up-to-date: /home/khizer/amr_project/install/robile_gazebo/share/robile_gazebo//worlds/experiment_rooms/experiment_rooms.png
[0.053s] -- Up-to-date: /home/khizer/amr_project/install/robile_gazebo/share/robile_gazebo//worlds/experiment_rooms/models
[0.053s] -- Up-to-date: /home/khizer/amr_project/install/robile_gazebo/share/robile_gazebo//worlds/experiment_rooms/models/dynamic_obstacle
[0.053s] -- Up-to-date: /home/khizer/amr_project/install/robile_gazebo/share/robile_gazebo//worlds/experiment_rooms/models/dynamic_obstacle/model.config
[0.053s] -- Up-to-date: /home/khizer/amr_project/install/robile_gazebo/share/robile_gazebo//worlds/experiment_rooms/models/dynamic_obstacle/model.sdf
[0.053s] -- Up-to-date: /home/khizer/amr_project/install/robile_gazebo/share/robile_gazebo//worlds/experiment_rooms/models/exp_empty_rooms
[0.053s] -- Up-to-date: /home/khizer/amr_project/install/robile_gazebo/share/robile_gazebo//worlds/experiment_rooms/models/exp_empty_rooms/model.config
[0.053s] -- Up-to-date: /home/khizer/amr_project/install/robile_gazebo/share/robile_gazebo//worlds/experiment_rooms/models/exp_empty_rooms/model.sdf
[0.054s] -- Up-to-date: /home/khizer/amr_project/install/robile_gazebo/share/robile_gazebo//worlds/experiment_rooms/worlds
[0.054s] -- Up-to-date: /home/khizer/amr_project/install/robile_gazebo/share/robile_gazebo//worlds/experiment_rooms/worlds/room2
[0.054s] -- Up-to-date: /home/khizer/amr_project/install/robile_gazebo/share/robile_gazebo//worlds/experiment_rooms/worlds/room2/map
[0.054s] -- Up-to-date: /home/khizer/amr_project/install/robile_gazebo/share/robile_gazebo//worlds/experiment_rooms/worlds/room2/map/room2.yaml
[0.054s] -- Up-to-date: /home/khizer/amr_project/install/robile_gazebo/share/robile_gazebo//worlds/experiment_rooms/worlds/room2/map/room2.png
[0.054s] -- Up-to-date: /home/khizer/amr_project/install/robile_gazebo/share/robile_gazebo//worlds/experiment_rooms/worlds/room2/world.model
[0.054s] -- Up-to-date: /home/khizer/amr_project/install/robile_gazebo/share/robile_gazebo//worlds/experiment_rooms/worlds/room2/world_dynamic.model
[0.054s] -- Up-to-date: /home/khizer/amr_project/install/robile_gazebo/share/robile_gazebo//worlds/experiment_rooms/worlds/room4
[0.054s] -- Up-to-date: /home/khizer/amr_project/install/robile_gazebo/share/robile_gazebo//worlds/experiment_rooms/worlds/room4/map
[0.054s] -- Up-to-date: /home/khizer/amr_project/install/robile_gazebo/share/robile_gazebo//worlds/experiment_rooms/worlds/room4/map/room4.png
[0.054s] -- Up-to-date: /home/khizer/amr_project/install/robile_gazebo/share/robile_gazebo//worlds/experiment_rooms/worlds/room4/map/room4.yaml
[0.054s] -- Up-to-date: /home/khizer/amr_project/install/robile_gazebo/share/robile_gazebo//worlds/experiment_rooms/worlds/room4/world.model
[0.054s] -- Up-to-date: /home/khizer/amr_project/install/robile_gazebo/share/robile_gazebo//worlds/experiment_rooms/worlds/room4/world_dynamic.model
[0.054s] -- Up-to-date: /home/khizer/amr_project/install/robile_gazebo/share/robile_gazebo//worlds/experiment_rooms/worlds/room4/room4.png
[0.054s] -- Up-to-date: /home/khizer/amr_project/install/robile_gazebo/share/robile_gazebo//worlds/experiment_rooms/worlds/room3
[0.054s] -- Up-to-date: /home/khizer/amr_project/install/robile_gazebo/share/robile_gazebo//worlds/experiment_rooms/worlds/room3/room3.png
[0.054s] -- Up-to-date: /home/khizer/amr_project/install/robile_gazebo/share/robile_gazebo//worlds/experiment_rooms/worlds/room3/map
[0.054s] -- Up-to-date: /home/khizer/amr_project/install/robile_gazebo/share/robile_gazebo//worlds/experiment_rooms/worlds/room3/map/room3.png
[0.054s] -- Up-to-date: /home/khizer/amr_project/install/robile_gazebo/share/robile_gazebo//worlds/experiment_rooms/worlds/room3/map/room3.yaml
[0.054s] -- Up-to-date: /home/khizer/amr_project/install/robile_gazebo/share/robile_gazebo//worlds/experiment_rooms/worlds/room3/world.model
[0.054s] -- Up-to-date: /home/khizer/amr_project/install/robile_gazebo/share/robile_gazebo//worlds/experiment_rooms/worlds/room3/world_dynamic.model
[0.054s] -- Up-to-date: /home/khizer/amr_project/install/robile_gazebo/share/robile_gazebo//worlds/experiment_rooms/worlds/room1
[0.054s] -- Up-to-date: /home/khizer/amr_project/install/robile_gazebo/share/robile_gazebo//worlds/experiment_rooms/worlds/room1/map
[0.054s] -- Up-to-date: /home/khizer/amr_project/install/robile_gazebo/share/robile_gazebo//worlds/experiment_rooms/worlds/room1/map/room1.yaml
[0.055s] -- Up-to-date: /home/khizer/amr_project/install/robile_gazebo/share/robile_gazebo//worlds/experiment_rooms/worlds/room1/map/room1.png
[0.055s] -- Up-to-date: /home/khizer/amr_project/install/robile_gazebo/share/robile_gazebo//worlds/experiment_rooms/worlds/room1/world.model
[0.055s] -- Up-to-date: /home/khizer/amr_project/install/robile_gazebo/share/robile_gazebo//worlds/experiment_rooms/README.md
[0.056s] -- Up-to-date: /home/khizer/amr_project/install/robile_gazebo/share/robile_gazebo//worlds/experiment_rooms/pics
[0.056s] -- Up-to-date: /home/khizer/amr_project/install/robile_gazebo/share/robile_gazebo//worlds/experiment_rooms/pics/room3.png
[0.056s] -- Up-to-date: /home/khizer/amr_project/install/robile_gazebo/share/robile_gazebo//worlds/experiment_rooms/pics/room2.png
[0.056s] -- Up-to-date: /home/khizer/amr_project/install/robile_gazebo/share/robile_gazebo//worlds/experiment_rooms/pics/room4.png
[0.056s] -- Up-to-date: /home/khizer/amr_project/install/robile_gazebo/share/robile_gazebo//worlds/experiment_rooms/pics/room1.png
[0.056s] -- Up-to-date: /home/khizer/amr_project/install/robile_gazebo/share/robile_gazebo//worlds/office
[0.056s] -- Up-to-date: /home/khizer/amr_project/install/robile_gazebo/share/robile_gazebo//worlds/office/office_part2.zip
[0.056s] -- Up-to-date: /home/khizer/amr_project/install/robile_gazebo/share/robile_gazebo//worlds/office/office_part1.zip
[0.056s] -- Up-to-date: /home/khizer/amr_project/install/robile_gazebo/share/robile_gazebo//worlds/office/office.jpg
[0.056s] -- Up-to-date: /home/khizer/amr_project/install/robile_gazebo/share/robile_gazebo//worlds/amazon_warehouse.world
[0.056s] -- Up-to-date: /home/khizer/amr_project/install/robile_gazebo/share/robile_gazebo//worlds/dynamic_obstacle
[0.056s] -- Up-to-date: /home/khizer/amr_project/install/robile_gazebo/share/robile_gazebo//worlds/dynamic_obstacle/model.config
[0.056s] -- Up-to-date: /home/khizer/amr_project/install/robile_gazebo/share/robile_gazebo//worlds/dynamic_obstacle/model.sdf
[0.056s] -- Up-to-date: /home/khizer/amr_project/install/robile_gazebo/share/robile_gazebo//worlds/potential_field_gazebo.world
[0.056s] -- Up-to-date: /home/khizer/amr_project/install/robile_gazebo/share/robile_gazebo//worlds/.DS_Store
[0.056s] -- Up-to-date: /home/khizer/amr_project/install/robile_gazebo/share/robile_gazebo//worlds/small_house
[0.057s] -- Up-to-date: /home/khizer/amr_project/install/robile_gazebo/share/robile_gazebo//worlds/small_house/small_house.jpg
[0.057s] -- Up-to-date: /home/khizer/amr_project/install/robile_gazebo/share/robile_gazebo//worlds/small_house/small_house.zip
[0.057s] -- Up-to-date: /home/khizer/amr_project/install/robile_gazebo/share/robile_gazebo//worlds/star_room_with_walls
[0.057s] -- Up-to-date: /home/khizer/amr_project/install/robile_gazebo/share/robile_gazebo//worlds/star_room_with_walls/map_0.1m-px.png
[0.057s] -- Up-to-date: /home/khizer/amr_project/install/robile_gazebo/share/robile_gazebo//worlds/star_room_with_walls/map.yaml
[0.057s] -- Up-to-date: /home/khizer/amr_project/install/robile_gazebo/share/robile_gazebo//worlds/star_room_with_walls/room_with_walls_star
[0.057s] -- Up-to-date: /home/khizer/amr_project/install/robile_gazebo/share/robile_gazebo//worlds/star_room_with_walls/room_with_walls_star/model.config
[0.057s] -- Up-to-date: /home/khizer/amr_project/install/robile_gazebo/share/robile_gazebo//worlds/star_room_with_walls/room_with_walls_star/model.sdf
[0.057s] -- Up-to-date: /home/khizer/amr_project/install/robile_gazebo/share/robile_gazebo//worlds/star_room_with_walls/map_0.05m-px.png
[0.057s] -- Up-to-date: /home/khizer/amr_project/install/robile_gazebo/share/robile_gazebo//worlds/warehouse.world
[0.057s] -- Up-to-date: /home/khizer/amr_project/install/robile_gazebo/share/robile_gazebo//worlds/dynamix.world
[0.057s] -- Up-to-date: /home/khizer/amr_project/install/robile_gazebo/share/robile_gazebo//worlds/random_world
[0.057s] -- Up-to-date: /home/khizer/amr_project/install/robile_gazebo/share/robile_gazebo//worlds/random_world/model.config
[0.057s] -- Up-to-date: /home/khizer/amr_project/install/robile_gazebo/share/robile_gazebo//worlds/random_world/media
[0.057s] -- Up-to-date: /home/khizer/amr_project/install/robile_gazebo/share/robile_gazebo//worlds/random_world/media/materials
[0.057s] -- Up-to-date: /home/khizer/amr_project/install/robile_gazebo/share/robile_gazebo//worlds/random_world/media/materials/texture
[0.058s] -- Up-to-date: /home/khizer/amr_project/install/robile_gazebo/share/robile_gazebo//worlds/random_world/media/materials/texture/random_world.png
[0.058s] -- Up-to-date: /home/khizer/amr_project/install/robile_gazebo/share/robile_gazebo//worlds/random_world/random_world.jpg
[0.058s] -- Up-to-date: /home/khizer/amr_project/install/robile_gazebo/share/robile_gazebo//worlds/random_world/model.sdf
[0.058s] -- Up-to-date: /home/khizer/amr_project/install/robile_gazebo/share/robile_gazebo//worlds/bookstore
[0.058s] -- Up-to-date: /home/khizer/amr_project/install/robile_gazebo/share/robile_gazebo//worlds/bookstore/bookstore.zip
[0.058s] -- Up-to-date: /home/khizer/amr_project/install/robile_gazebo/share/robile_gazebo//worlds/bookstore/bookstore.jpg
[0.058s] -- Up-to-date: /home/khizer/amr_project/install/robile_gazebo/share/robile_gazebo//worlds/room_with_walls_2
[0.058s] -- Up-to-date: /home/khizer/amr_project/install/robile_gazebo/share/robile_gazebo//worlds/room_with_walls_2/map_0.1m-px.png
[0.058s] -- Up-to-date: /home/khizer/amr_project/install/robile_gazebo/share/robile_gazebo//worlds/room_with_walls_2/map.yaml
[0.058s] -- Up-to-date: /home/khizer/amr_project/install/robile_gazebo/share/robile_gazebo//worlds/room_with_walls_2/map_0.05m-px.png
[0.058s] -- Up-to-date: /home/khizer/amr_project/install/robile_gazebo/share/robile_gazebo//worlds/room_with_walls_2/room3
[0.058s] -- Up-to-date: /home/khizer/amr_project/install/robile_gazebo/share/robile_gazebo//worlds/room_with_walls_2/room3/model.config
[0.058s] -- Up-to-date: /home/khizer/amr_project/install/robile_gazebo/share/robile_gazebo//worlds/room_with_walls_2/room3/model.sdf
[0.058s] -- Up-to-date: /home/khizer/amr_project/install/robile_gazebo/share/robile_gazebo//worlds/turtlebot3_houses
[0.058s] -- Up-to-date: /home/khizer/amr_project/install/robile_gazebo/share/robile_gazebo//worlds/turtlebot3_houses/amazon_robot_in_house.model
[0.058s] -- Up-to-date: /home/khizer/amr_project/install/robile_gazebo/share/robile_gazebo//worlds/factory
[0.059s] -- Up-to-date: /home/khizer/amr_project/install/robile_gazebo/share/robile_gazebo//worlds/factory/factory.model
[0.059s] -- Up-to-date: /home/khizer/amr_project/install/robile_gazebo/share/robile_gazebo//worlds/factory/models
[0.059s] -- Up-to-date: /home/khizer/amr_project/install/robile_gazebo/share/robile_gazebo//worlds/factory/models/sun
[0.059s] -- Up-to-date: /home/khizer/amr_project/install/robile_gazebo/share/robile_gazebo//worlds/factory/models/sun/model.config
[0.059s] -- Up-to-date: /home/khizer/amr_project/install/robile_gazebo/share/robile_gazebo//worlds/factory/models/sun/model-1_3.sdf
[0.059s] -- Up-to-date: /home/khizer/amr_project/install/robile_gazebo/share/robile_gazebo//worlds/factory/models/sun/model-1_4.sdf
[0.059s] -- Up-to-date: /home/khizer/amr_project/install/robile_gazebo/share/robile_gazebo//worlds/factory/models/sun/model-1_2.sdf
[0.059s] -- Up-to-date: /home/khizer/amr_project/install/robile_gazebo/share/robile_gazebo//worlds/factory/models/sun/model.sdf
[0.059s] -- Up-to-date: /home/khizer/amr_project/install/robile_gazebo/share/robile_gazebo//worlds/factory/models/disk_part_ariac
[0.059s] -- Up-to-date: /home/khizer/amr_project/install/robile_gazebo/share/robile_gazebo//worlds/factory/models/disk_part_ariac/model.config
[0.059s] -- Up-to-date: /home/khizer/amr_project/install/robile_gazebo/share/robile_gazebo//worlds/factory/models/disk_part_ariac/model.sdf
[0.059s] -- Up-to-date: /home/khizer/amr_project/install/robile_gazebo/share/robile_gazebo//worlds/factory/models/disk_part_ariac/meshes
[0.059s] -- Up-to-date: /home/khizer/amr_project/install/robile_gazebo/share/robile_gazebo//worlds/factory/models/disk_part_ariac/meshes/disk.dae
[0.059s] -- Up-to-date: /home/khizer/amr_project/install/robile_gazebo/share/robile_gazebo//worlds/factory/models/wooden_case
[0.059s] -- Up-to-date: /home/khizer/amr_project/install/robile_gazebo/share/robile_gazebo//worlds/factory/models/wooden_case/model.config
[0.059s] -- Up-to-date: /home/khizer/amr_project/install/robile_gazebo/share/robile_gazebo//worlds/factory/models/wooden_case/model.sdf
[0.059s] -- Up-to-date: /home/khizer/amr_project/install/robile_gazebo/share/robile_gazebo//worlds/factory/models/wooden_case/model.rsdf
[0.059s] -- Up-to-date: /home/khizer/amr_project/install/robile_gazebo/share/robile_gazebo//worlds/factory/models/shipping_container_conveyor_ariac
[0.059s] -- Up-to-date: /home/khizer/amr_project/install/robile_gazebo/share/robile_gazebo//worlds/factory/models/shipping_container_conveyor_ariac/model.config
[0.060s] -- Up-to-date: /home/khizer/amr_project/install/robile_gazebo/share/robile_gazebo//worlds/factory/models/shipping_container_conveyor_ariac/materials
[0.060s] -- Up-to-date: /home/khizer/amr_project/install/robile_gazebo/share/robile_gazebo//worlds/factory/models/shipping_container_conveyor_ariac/materials/textures
[0.060s] -- Up-to-date: /home/khizer/amr_project/install/robile_gazebo/share/robile_gazebo//worlds/factory/models/shipping_container_conveyor_ariac/materials/textures/ShippingContainer.png
[0.060s] -- Up-to-date: /home/khizer/amr_project/install/robile_gazebo/share/robile_gazebo//worlds/factory/models/shipping_container_conveyor_ariac/model.sdf
[0.060s] -- Up-to-date: /home/khizer/amr_project/install/robile_gazebo/share/robile_gazebo//worlds/factory/models/shipping_container_conveyor_ariac/meshes
[0.060s] -- Up-to-date: /home/khizer/amr_project/install/robile_gazebo/share/robile_gazebo//worlds/factory/models/shipping_container_conveyor_ariac/meshes/ShippingContainer_Textured.mtl
[0.060s] -- Up-to-date: /home/khizer/amr_project/install/robile_gazebo/share/robile_gazebo//worlds/factory/models/shipping_container_conveyor_ariac/meshes/ShippingContainer_Textured.obj
[0.060s] -- Up-to-date: /home/khizer/amr_project/install/robile_gazebo/share/robile_gazebo//worlds/factory/models/drone_ariac
[0.060s] -- Up-to-date: /home/khizer/amr_project/install/robile_gazebo/share/robile_gazebo//worlds/factory/models/drone_ariac/model.config
[0.060s] -- Up-to-date: /home/khizer/amr_project/install/robile_gazebo/share/robile_gazebo//worlds/factory/models/drone_ariac/materials
[0.060s] -- Up-to-date: /home/khizer/amr_project/install/robile_gazebo/share/robile_gazebo//worlds/factory/models/drone_ariac/materials/textures
[0.060s] -- Up-to-date: /home/khizer/amr_project/install/robile_gazebo/share/robile_gazebo//worlds/factory/models/drone_ariac/materials/textures/Drone.png
[0.060s] -- Up-to-date: /home/khizer/amr_project/install/robile_gazebo/share/robile_gazebo//worlds/factory/models/drone_ariac/model.sdf
[0.060s] -- Up-to-date: /home/khizer/amr_project/install/robile_gazebo/share/robile_gazebo//worlds/factory/models/drone_ariac/meshes
[0.060s] -- Up-to-date: /home/khizer/amr_project/install/robile_gazebo/share/robile_gazebo//worlds/factory/models/drone_ariac/meshes/Drone.dae
[0.060s] -- Up-to-date: /home/khizer/amr_project/install/robile_gazebo/share/robile_gazebo//worlds/factory/models/drone_ariac/model.config~HEAD
[0.060s] -- Up-to-date: /home/khizer/amr_project/install/robile_gazebo/share/robile_gazebo//worlds/factory/models/plastic_cup
[0.060s] -- Up-to-date: /home/khizer/amr_project/install/robile_gazebo/share/robile_gazebo//worlds/factory/models/plastic_cup/model.config
[0.060s] -- Up-to-date: /home/khizer/amr_project/install/robile_gazebo/share/robile_gazebo//worlds/factory/models/plastic_cup/model.sdf
[0.060s] -- Up-to-date: /home/khizer/amr_project/install/robile_gazebo/share/robile_gazebo//worlds/factory/models/plastic_cup/meshes
[0.060s] -- Up-to-date: /home/khizer/amr_project/install/robile_gazebo/share/robile_gazebo//worlds/factory/models/plastic_cup/meshes/plastic_cup.dae
[0.060s] -- Up-to-date: /home/khizer/amr_project/install/robile_gazebo/share/robile_gazebo//worlds/factory/models/plastic_cup/model.rsdf
[0.060s] -- Up-to-date: /home/khizer/amr_project/install/robile_gazebo/share/robile_gazebo//worlds/factory/models/conveyor_belt_ariac
[0.060s] -- Up-to-date: /home/khizer/amr_project/install/robile_gazebo/share/robile_gazebo//worlds/factory/models/conveyor_belt_ariac/model.config
[0.061s] -- Up-to-date: /home/khizer/amr_project/install/robile_gazebo/share/robile_gazebo//worlds/factory/models/conveyor_belt_ariac/model.sdf
[0.061s] -- Up-to-date: /home/khizer/amr_project/install/robile_gazebo/share/robile_gazebo//worlds/factory/models/grey_wall
[0.061s] -- Up-to-date: /home/khizer/amr_project/install/robile_gazebo/share/robile_gazebo//worlds/factory/models/grey_wall/model.config
[0.061s] -- Up-to-date: /home/khizer/amr_project/install/robile_gazebo/share/robile_gazebo//worlds/factory/models/grey_wall/model-1_3.sdf
[0.061s] -- Up-to-date: /home/khizer/amr_project/install/robile_gazebo/share/robile_gazebo//worlds/factory/models/grey_wall/materials
[0.061s] -- Up-to-date: /home/khizer/amr_project/install/robile_gazebo/share/robile_gazebo//worlds/factory/models/grey_wall/materials/textures
[0.061s] -- Up-to-date: /home/khizer/amr_project/install/robile_gazebo/share/robile_gazebo//worlds/factory/models/grey_wall/materials/textures/grey_wall.png
[0.061s] -- Up-to-date: /home/khizer/amr_project/install/robile_gazebo/share/robile_gazebo//worlds/factory/models/grey_wall/materials/scripts
[0.061s] -- Up-to-date: /home/khizer/amr_project/install/robile_gazebo/share/robile_gazebo//worlds/factory/models/grey_wall/materials/scripts/grey_wall.material
[0.061s] -- Up-to-date: /home/khizer/amr_project/install/robile_gazebo/share/robile_gazebo//worlds/factory/models/grey_wall/model-1_4.sdf
[0.061s] -- Up-to-date: /home/khizer/amr_project/install/robile_gazebo/share/robile_gazebo//worlds/factory/models/grey_wall/model.sdf
[0.061s] -- Up-to-date: /home/khizer/amr_project/install/robile_gazebo/share/robile_gazebo//worlds/factory/models/part3_ariac
[0.061s] -- Up-to-date: /home/khizer/amr_project/install/robile_gazebo/share/robile_gazebo//worlds/factory/models/part3_ariac/model.config
[0.061s] -- Up-to-date: /home/khizer/amr_project/install/robile_gazebo/share/robile_gazebo//worlds/factory/models/part3_ariac/model.sdf
[0.061s] -- Up-to-date: /home/khizer/amr_project/install/robile_gazebo/share/robile_gazebo//worlds/factory/models/workcell_bin
[0.061s] -- Up-to-date: /home/khizer/amr_project/install/robile_gazebo/share/robile_gazebo//worlds/factory/models/workcell_bin/model.config
[0.061s] -- Up-to-date: /home/khizer/amr_project/install/robile_gazebo/share/robile_gazebo//worlds/factory/models/workcell_bin/materials
[0.061s] -- Up-to-date: /home/khizer/amr_project/install/robile_gazebo/share/robile_gazebo//worlds/factory/models/workcell_bin/materials/textures
[0.061s] -- Up-to-date: /home/khizer/amr_project/install/robile_gazebo/share/robile_gazebo//worlds/factory/models/workcell_bin/materials/textures/bin.png
[0.061s] -- Up-to-date: /home/khizer/amr_project/install/robile_gazebo/share/robile_gazebo//worlds/factory/models/workcell_bin/model.sdf
[0.061s] -- Up-to-date: /home/khizer/amr_project/install/robile_gazebo/share/robile_gazebo//worlds/factory/models/workcell_bin/meshes
[0.062s] -- Up-to-date: /home/khizer/amr_project/install/robile_gazebo/share/robile_gazebo//worlds/factory/models/workcell_bin/meshes/bin.dae
[0.062s] -- Up-to-date: /home/khizer/amr_project/install/robile_gazebo/share/robile_gazebo//worlds/factory/models/construction_barrel
[0.062s] -- Up-to-date: /home/khizer/amr_project/install/robile_gazebo/share/robile_gazebo//worlds/factory/models/construction_barrel/model.config
[0.062s] -- Up-to-date: /home/khizer/amr_project/install/robile_gazebo/share/robile_gazebo//worlds/factory/models/construction_barrel/model-1_3.sdf
[0.062s] -- Up-to-date: /home/khizer/amr_project/install/robile_gazebo/share/robile_gazebo//worlds/factory/models/construction_barrel/materials
[0.062s] -- Up-to-date: /home/khizer/amr_project/install/robile_gazebo/share/robile_gazebo//worlds/factory/models/construction_barrel/materials/textures
[0.062s] -- Up-to-date: /home/khizer/amr_project/install/robile_gazebo/share/robile_gazebo//worlds/factory/models/construction_barrel/materials/textures/Construction_Barrel_Spec.png
[0.062s] -- Up-to-date: /home/khizer/amr_project/install/robile_gazebo/share/robile_gazebo//worlds/factory/models/construction_barrel/materials/textures/Construction_Barrel_Diffuse.png
[0.062s] -- Up-to-date: /home/khizer/amr_project/install/robile_gazebo/share/robile_gazebo//worlds/factory/models/construction_barrel/model-1_4.sdf
[0.062s] -- Up-to-date: /home/khizer/amr_project/install/robile_gazebo/share/robile_gazebo//worlds/factory/models/construction_barrel/model.sdf
[0.062s] -- Up-to-date: /home/khizer/amr_project/install/robile_gazebo/share/robile_gazebo//worlds/factory/models/construction_barrel/meshes
[0.062s] -- Up-to-date: /home/khizer/amr_project/install/robile_gazebo/share/robile_gazebo//worlds/factory/models/construction_barrel/meshes/construction_barrel.dae
[0.062s] -- Up-to-date: /home/khizer/amr_project/install/robile_gazebo/share/robile_gazebo//worlds/factory/models/shipping_container_short_ariac
[0.062s] -- Up-to-date: /home/khizer/amr_project/install/robile_gazebo/share/robile_gazebo//worlds/factory/models/shipping_container_short_ariac/model.config
[0.062s] -- Up-to-date: /home/khizer/amr_project/install/robile_gazebo/share/robile_gazebo//worlds/factory/models/shipping_container_short_ariac/materials
[0.062s] -- Up-to-date: /home/khizer/amr_project/install/robile_gazebo/share/robile_gazebo//worlds/factory/models/shipping_container_short_ariac/materials/textures
[0.062s] -- Up-to-date: /home/khizer/amr_project/install/robile_gazebo/share/robile_gazebo//worlds/factory/models/shipping_container_short_ariac/materials/textures/ShippingContainer.png
[0.063s] -- Up-to-date: /home/khizer/amr_project/install/robile_gazebo/share/robile_gazebo//worlds/factory/models/shipping_container_short_ariac/model.sdf
[0.063s] -- Up-to-date: /home/khizer/amr_project/install/robile_gazebo/share/robile_gazebo//worlds/factory/models/shipping_container_short_ariac/meshes
[0.063s] -- Up-to-date: /home/khizer/amr_project/install/robile_gazebo/share/robile_gazebo//worlds/factory/models/shipping_container_short_ariac/meshes/ShippingContainer_Textured.mtl
[0.063s] -- Up-to-date: /home/khizer/amr_project/install/robile_gazebo/share/robile_gazebo//worlds/factory/models/shipping_container_short_ariac/meshes/ShippingContainer_Textured.obj
[0.063s] -- Up-to-date: /home/khizer/amr_project/install/robile_gazebo/share/robile_gazebo//worlds/factory/models/euro_pallet
[0.063s] -- Up-to-date: /home/khizer/amr_project/install/robile_gazebo/share/robile_gazebo//worlds/factory/models/euro_pallet/model.config
[0.064s] -- Up-to-date: /home/khizer/amr_project/install/robile_gazebo/share/robile_gazebo//worlds/factory/models/euro_pallet/model.sdf
[0.064s] -- Up-to-date: /home/khizer/amr_project/install/robile_gazebo/share/robile_gazebo//worlds/factory/models/euro_pallet/meshes
[0.064s] -- Up-to-date: /home/khizer/amr_project/install/robile_gazebo/share/robile_gazebo//worlds/factory/models/euro_pallet/meshes/pallet.dae
[0.064s] -- Up-to-date: /home/khizer/amr_project/install/robile_gazebo/share/robile_gazebo//worlds/factory/models/ground_plane
[0.064s] -- Up-to-date: /home/khizer/amr_project/install/robile_gazebo/share/robile_gazebo//worlds/factory/models/ground_plane/model.config
[0.064s] -- Up-to-date: /home/khizer/amr_project/install/robile_gazebo/share/robile_gazebo//worlds/factory/models/ground_plane/model-1_3.sdf
[0.064s] -- Up-to-date: /home/khizer/amr_project/install/robile_gazebo/share/robile_gazebo//worlds/factory/models/ground_plane/model-1_4.sdf
[0.064s] -- Up-to-date: /home/khizer/amr_project/install/robile_gazebo/share/robile_gazebo//worlds/factory/models/ground_plane/model-1_2.sdf
[0.064s] -- Up-to-date: /home/khizer/amr_project/install/robile_gazebo/share/robile_gazebo//worlds/factory/models/ground_plane/model.sdf
[0.064s] -- Up-to-date: /home/khizer/amr_project/install/robile_gazebo/share/robile_gazebo//worlds/factory/models/cabinet
[0.064s] -- Up-to-date: /home/khizer/amr_project/install/robile_gazebo/share/robile_gazebo//worlds/factory/models/cabinet/model.config
[0.064s] -- Up-to-date: /home/khizer/amr_project/install/robile_gazebo/share/robile_gazebo//worlds/factory/models/cabinet/model-1_3.sdf
[0.065s] -- Up-to-date: /home/khizer/amr_project/install/robile_gazebo/share/robile_gazebo//worlds/factory/models/cabinet/model-1_4.sdf
[0.065s] -- Up-to-date: /home/khizer/amr_project/install/robile_gazebo/share/robile_gazebo//worlds/factory/models/cabinet/model-1_2.sdf
[0.065s] -- Up-to-date: /home/khizer/amr_project/install/robile_gazebo/share/robile_gazebo//worlds/factory/models/cabinet/model.sdf
[0.065s] -- Up-to-date: /home/khizer/amr_project/install/robile_gazebo/share/robile_gazebo//worlds/factory/models/warehouse_robot_ariac
[0.065s] -- Up-to-date: /home/khizer/amr_project/install/robile_gazebo/share/robile_gazebo//worlds/factory/models/warehouse_robot_ariac/model.config
[0.065s] -- Up-to-date: /home/khizer/amr_project/install/robile_gazebo/share/robile_gazebo//worlds/factory/models/warehouse_robot_ariac/materials
[0.065s] -- Up-to-date: /home/khizer/amr_project/install/robile_gazebo/share/robile_gazebo//worlds/factory/models/warehouse_robot_ariac/materials/textures
[0.065s] -- Up-to-date: /home/khizer/amr_project/install/robile_gazebo/share/robile_gazebo//worlds/factory/models/warehouse_robot_ariac/materials/textures/robot.png
[0.065s] -- Up-to-date: /home/khizer/amr_project/install/robile_gazebo/share/robile_gazebo//worlds/factory/models/warehouse_robot_ariac/model.sdf
[0.065s] -- Up-to-date: /home/khizer/amr_project/install/robile_gazebo/share/robile_gazebo//worlds/factory/models/warehouse_robot_ariac/meshes
[0.065s] -- Up-to-date: /home/khizer/amr_project/install/robile_gazebo/share/robile_gazebo//worlds/factory/models/warehouse_robot_ariac/meshes/robot.dae
[0.065s] -- Up-to-date: /home/khizer/amr_project/install/robile_gazebo/share/robile_gazebo//worlds/factory/models/dumpster
[0.065s] -- Up-to-date: /home/khizer/amr_project/install/robile_gazebo/share/robile_gazebo//worlds/factory/models/dumpster/model.config
[0.065s] -- Up-to-date: /home/khizer/amr_project/install/robile_gazebo/share/robile_gazebo//worlds/factory/models/dumpster/model-1_3.sdf
[0.065s] -- Up-to-date: /home/khizer/amr_project/install/robile_gazebo/share/robile_gazebo//worlds/factory/models/dumpster/materials
[0.065s] -- Up-to-date: /home/khizer/amr_project/install/robile_gazebo/share/robile_gazebo//worlds/factory/models/dumpster/materials/textures
[0.065s] -- Up-to-date: /home/khizer/amr_project/install/robile_gazebo/share/robile_gazebo//worlds/factory/models/dumpster/materials/textures/Dumpster_Spec.png
[0.065s] -- Up-to-date: /home/khizer/amr_project/install/robile_gazebo/share/robile_gazebo//worlds/factory/models/dumpster/materials/textures/Dumpster_Diffuse.png
[0.065s] -- Up-to-date: /home/khizer/amr_project/install/robile_gazebo/share/robile_gazebo//worlds/factory/models/dumpster/materials/scripts
[0.066s] -- Up-to-date: /home/khizer/amr_project/install/robile_gazebo/share/robile_gazebo//worlds/factory/models/dumpster/materials/scripts/dumpster.material
[0.066s] -- Up-to-date: /home/khizer/amr_project/install/robile_gazebo/share/robile_gazebo//worlds/factory/models/dumpster/model-1_4.sdf
[0.066s] -- Up-to-date: /home/khizer/amr_project/install/robile_gazebo/share/robile_gazebo//worlds/factory/models/dumpster/model.sdf
[0.066s] -- Up-to-date: /home/khizer/amr_project/install/robile_gazebo/share/robile_gazebo//worlds/factory/models/dumpster/meshes
[0.066s] -- Up-to-date: /home/khizer/amr_project/install/robile_gazebo/share/robile_gazebo//worlds/factory/models/dumpster/meshes/dumpster.dae
[0.066s] -- Up-to-date: /home/khizer/amr_project/install/robile_gazebo/share/robile_gazebo//worlds/factory/models/conveyor_belt_tall_ariac
[0.066s] -- Up-to-date: /home/khizer/amr_project/install/robile_gazebo/share/robile_gazebo//worlds/factory/models/conveyor_belt_tall_ariac/model.config
[0.066s] -- Up-to-date: /home/khizer/amr_project/install/robile_gazebo/share/robile_gazebo//worlds/factory/models/conveyor_belt_tall_ariac/model.sdf
[0.066s] -- Up-to-date: /home/khizer/amr_project/install/robile_gazebo/share/robile_gazebo//worlds/factory/models/gasket_part_ariac
[0.066s] -- Up-to-date: /home/khizer/amr_project/install/robile_gazebo/share/robile_gazebo//worlds/factory/models/gasket_part_ariac/model.config
[0.066s] -- Up-to-date: /home/khizer/amr_project/install/robile_gazebo/share/robile_gazebo//worlds/factory/models/gasket_part_ariac/model.sdf
[0.066s] -- Up-to-date: /home/khizer/amr_project/install/robile_gazebo/share/robile_gazebo//worlds/factory/models/gasket_part_ariac/meshes
[0.066s] -- Up-to-date: /home/khizer/amr_project/install/robile_gazebo/share/robile_gazebo//worlds/factory/models/gasket_part_ariac/meshes/gasket.dae
[0.066s] -- Up-to-date: /home/khizer/amr_project/install/robile_gazebo/share/robile_gazebo//worlds/factory/models/cordless_drill
[0.066s] -- Up-to-date: /home/khizer/amr_project/install/robile_gazebo/share/robile_gazebo//worlds/factory/models/cordless_drill/model.config
[0.066s] -- Up-to-date: /home/khizer/amr_project/install/robile_gazebo/share/robile_gazebo//worlds/factory/models/cordless_drill/model-1_3.sdf
[0.066s] -- Up-to-date: /home/khizer/amr_project/install/robile_gazebo/share/robile_gazebo//worlds/factory/models/cordless_drill/materials
[0.067s] -- Up-to-date: /home/khizer/amr_project/install/robile_gazebo/share/robile_gazebo//worlds/factory/models/cordless_drill/materials/textures
[0.067s] -- Up-to-date: /home/khizer/amr_project/install/robile_gazebo/share/robile_gazebo//worlds/factory/models/cordless_drill/materials/textures/cordless_drill.png
[0.067s] -- Up-to-date: /home/khizer/amr_project/install/robile_gazebo/share/robile_gazebo//worlds/factory/models/cordless_drill/model-1_4.sdf
[0.067s] -- Up-to-date: /home/khizer/amr_project/install/robile_gazebo/share/robile_gazebo//worlds/factory/models/cordless_drill/model-1_2.sdf
[0.067s] -- Up-to-date: /home/khizer/amr_project/install/robile_gazebo/share/robile_gazebo//worlds/factory/models/cordless_drill/model.sdf
[0.067s] -- Up-to-date: /home/khizer/amr_project/install/robile_gazebo/share/robile_gazebo//worlds/factory/models/cordless_drill/meshes
[0.067s] -- Up-to-date: /home/khizer/amr_project/install/robile_gazebo/share/robile_gazebo//worlds/factory/models/cordless_drill/meshes/cordless_drill.dae
[0.067s] -- Up-to-date: /home/khizer/amr_project/install/robile_gazebo/share/robile_gazebo//worlds/factory/models/cordless_drill/meshes/cordless_drill.stl
[0.067s] -- Up-to-date: /home/khizer/amr_project/install/robile_gazebo/share/robile_gazebo//worlds/factory/models/tube_2_25cm
[0.067s] -- Up-to-date: /home/khizer/amr_project/install/robile_gazebo/share/robile_gazebo//worlds/factory/models/tube_2_25cm/model.config
[0.067s] -- Up-to-date: /home/khizer/amr_project/install/robile_gazebo/share/robile_gazebo//worlds/factory/models/tube_2_25cm/model.sdf
[0.067s] -- Up-to-date: /home/khizer/amr_project/install/robile_gazebo/share/robile_gazebo//worlds/factory/models/tube_2_25cm/meshes
[0.067s] -- Up-to-date: /home/khizer/amr_project/install/robile_gazebo/share/robile_gazebo//worlds/factory/models/tube_2_25cm/meshes/tube_2_25.dae
[0.067s] -- Up-to-date: /home/khizer/amr_project/install/robile_gazebo/share/robile_gazebo//worlds/factory/models/tube_2_25cm/model.rsdf
[0.067s] -- Up-to-date: /home/khizer/amr_project/install/robile_gazebo/share/robile_gazebo//worlds/factory/models/drone_with_box_ariac
[0.067s] -- Up-to-date: /home/khizer/amr_project/install/robile_gazebo/share/robile_gazebo//worlds/factory/models/drone_with_box_ariac/model.config
[0.067s] -- Up-to-date: /home/khizer/amr_project/install/robile_gazebo/share/robile_gazebo//worlds/factory/models/drone_with_box_ariac/model.sdf
[0.067s] -- Up-to-date: /home/khizer/amr_project/install/robile_gazebo/share/robile_gazebo//worlds/factory/models/open_box_ariac
[0.067s] -- Up-to-date: /home/khizer/amr_project/install/robile_gazebo/share/robile_gazebo//worlds/factory/models/open_box_ariac/model.config
[0.067s] -- Up-to-date: /home/khizer/amr_project/install/robile_gazebo/share/robile_gazebo//worlds/factory/models/open_box_ariac/materials
[0.067s] -- Up-to-date: /home/khizer/amr_project/install/robile_gazebo/share/robile_gazebo//worlds/factory/models/open_box_ariac/materials/textures
[0.068s] -- Up-to-date: /home/khizer/amr_project/install/robile_gazebo/share/robile_gazebo//worlds/factory/models/open_box_ariac/materials/textures/open_box.png
[0.068s] -- Up-to-date: /home/khizer/amr_project/install/robile_gazebo/share/robile_gazebo//worlds/factory/models/open_box_ariac/model.sdf
[0.068s] -- Up-to-date: /home/khizer/amr_project/install/robile_gazebo/share/robile_gazebo//worlds/factory/models/open_box_ariac/meshes
[0.068s] -- Up-to-date: /home/khizer/amr_project/install/robile_gazebo/share/robile_gazebo//worlds/factory/models/open_box_ariac/meshes/open_box.mtl
[0.068s] -- Up-to-date: /home/khizer/amr_project/install/robile_gazebo/share/robile_gazebo//worlds/factory/models/open_box_ariac/meshes/open_box.obj
[0.068s] -- Up-to-date: /home/khizer/amr_project/install/robile_gazebo/share/robile_gazebo//worlds/factory/models/kit_tray_ariac
[0.068s] -- Up-to-date: /home/khizer/amr_project/install/robile_gazebo/share/robile_gazebo//worlds/factory/models/kit_tray_ariac/model.config
[0.068s] -- Up-to-date: /home/khizer/amr_project/install/robile_gazebo/share/robile_gazebo//worlds/factory/models/kit_tray_ariac/model.sdf
[0.068s] -- Up-to-date: /home/khizer/amr_project/install/robile_gazebo/share/robile_gazebo//worlds/factory/models/part2_ariac
[0.068s] -- Up-to-date: /home/khizer/amr_project/install/robile_gazebo/share/robile_gazebo//worlds/factory/models/part2_ariac/model.config
[0.068s] -- Up-to-date: /home/khizer/amr_project/install/robile_gazebo/share/robile_gazebo//worlds/factory/models/part2_ariac/model.sdf
[0.068s] -- Up-to-date: /home/khizer/amr_project/install/robile_gazebo/share/robile_gazebo//worlds/factory/models/logical_camera_ariac
[0.068s] -- Up-to-date: /home/khizer/amr_project/install/robile_gazebo/share/robile_gazebo//worlds/factory/models/logical_camera_ariac/model.config
[0.068s] -- Up-to-date: /home/khizer/amr_project/install/robile_gazebo/share/robile_gazebo//worlds/factory/models/logical_camera_ariac/materials
[0.068s] -- Up-to-date: /home/khizer/amr_project/install/robile_gazebo/share/robile_gazebo//worlds/factory/models/logical_camera_ariac/materials/textures
[0.068s] -- Up-to-date: /home/khizer/amr_project/install/robile_gazebo/share/robile_gazebo//worlds/factory/models/logical_camera_ariac/materials/textures/camera.png
[0.068s] -- Up-to-date: /home/khizer/amr_project/install/robile_gazebo/share/robile_gazebo//worlds/factory/models/logical_camera_ariac/model.sdf
[0.068s] -- Up-to-date: /home/khizer/amr_project/install/robile_gazebo/share/robile_gazebo//worlds/factory/models/logical_camera_ariac/meshes
[0.068s] -- Up-to-date: /home/khizer/amr_project/install/robile_gazebo/share/robile_gazebo//worlds/factory/models/logical_camera_ariac/meshes/camera.dae
[0.068s] -- Up-to-date: /home/khizer/amr_project/install/robile_gazebo/share/robile_gazebo//worlds/factory/models/table
[0.068s] -- Up-to-date: /home/khizer/amr_project/install/robile_gazebo/share/robile_gazebo//worlds/factory/models/table/model.config
[0.068s] -- Up-to-date: /home/khizer/amr_project/install/robile_gazebo/share/robile_gazebo//worlds/factory/models/table/model-1_3.sdf
[0.069s] -- Up-to-date: /home/khizer/amr_project/install/robile_gazebo/share/robile_gazebo//worlds/factory/models/table/model-1_4.sdf
[0.069s] -- Up-to-date: /home/khizer/amr_project/install/robile_gazebo/share/robile_gazebo//worlds/factory/models/table/model-1_2.sdf
[0.069s] -- Up-to-date: /home/khizer/amr_project/install/robile_gazebo/share/robile_gazebo//worlds/factory/models/table/model.sdf
[0.069s] -- Up-to-date: /home/khizer/amr_project/install/robile_gazebo/share/robile_gazebo//worlds/factory/models/control_console
[0.069s] -- Up-to-date: /home/khizer/amr_project/install/robile_gazebo/share/robile_gazebo//worlds/factory/models/control_console/model.config
[0.069s] -- Up-to-date: /home/khizer/amr_project/install/robile_gazebo/share/robile_gazebo//worlds/factory/models/control_console/materials
[0.069s] -- Up-to-date: /home/khizer/amr_project/install/robile_gazebo/share/robile_gazebo//worlds/factory/models/control_console/materials/textures
[0.069s] -- Up-to-date: /home/khizer/amr_project/install/robile_gazebo/share/robile_gazebo//worlds/factory/models/control_console/materials/textures/light.png
[0.069s] -- Up-to-date: /home/khizer/amr_project/install/robile_gazebo/share/robile_gazebo//worlds/factory/models/control_console/materials/textures/console.png
[0.069s] -- Up-to-date: /home/khizer/amr_project/install/robile_gazebo/share/robile_gazebo//worlds/factory/models/control_console/model.sdf
[0.069s] -- Up-to-date: /home/khizer/amr_project/install/robile_gazebo/share/robile_gazebo//worlds/factory/models/control_console/meshes
[0.069s] -- Up-to-date: /home/khizer/amr_project/install/robile_gazebo/share/robile_gazebo//worlds/factory/models/control_console/meshes/console.dae
[0.069s] -- Up-to-date: /home/khizer/amr_project/install/robile_gazebo/share/robile_gazebo//worlds/factory/models/workcell
[0.069s] -- Up-to-date: /home/khizer/amr_project/install/robile_gazebo/share/robile_gazebo//worlds/factory/models/workcell/model.config
[0.069s] -- Up-to-date: /home/khizer/amr_project/install/robile_gazebo/share/robile_gazebo//worlds/factory/models/workcell/materials
[0.069s] -- Up-to-date: /home/khizer/amr_project/install/robile_gazebo/share/robile_gazebo//worlds/factory/models/workcell/materials/textures
[0.070s] -- Up-to-date: /home/khizer/amr_project/install/robile_gazebo/share/robile_gazebo//worlds/factory/models/workcell/materials/textures/Floor.png
[0.070s] -- Up-to-date: /home/khizer/amr_project/install/robile_gazebo/share/robile_gazebo//worlds/factory/models/workcell/materials/textures/Pallet.png
[0.070s] -- Up-to-date: /home/khizer/amr_project/install/robile_gazebo/share/robile_gazebo//worlds/factory/models/workcell/materials/textures/RubberMat.png
[0.070s] -- Up-to-date: /home/khizer/amr_project/install/robile_gazebo/share/robile_gazebo//worlds/factory/models/workcell/materials/textures/Yellow.png
[0.070s] -- Up-to-date: /home/khizer/amr_project/install/robile_gazebo/share/robile_gazebo//worlds/factory/models/workcell/materials/textures/Door_Window.png
[0.070s] -- Up-to-date: /home/khizer/amr_project/install/robile_gazebo/share/robile_gazebo//worlds/factory/models/workcell/materials/textures/Wall_Corrugated.png
[0.070s] -- Up-to-date: /home/khizer/amr_project/install/robile_gazebo/share/robile_gazebo//worlds/factory/models/workcell/materials/textures/PalletWrap.png
[0.070s] -- Up-to-date: /home/khizer/amr_project/install/robile_gazebo/share/robile_gazebo//worlds/factory/models/workcell/materials/textures/Stairs.png
[0.070s] -- Up-to-date: /home/khizer/amr_project/install/robile_gazebo/share/robile_gazebo//worlds/factory/models/workcell/materials/textures/Wall_Concrete.png
[0.070s] -- Up-to-date: /home/khizer/amr_project/install/robile_gazebo/share/robile_gazebo//worlds/factory/models/workcell/materials/textures/Shelves.png
[0.070s] -- Up-to-date: /home/khizer/amr_project/install/robile_gazebo/share/robile_gazebo//worlds/factory/models/workcell/materials/textures/Bin.png
[0.071s] -- Up-to-date: /home/khizer/amr_project/install/robile_gazebo/share/robile_gazebo//worlds/factory/models/workcell/materials/textures/CardboardBoxes.png
[0.071s] -- Up-to-date: /home/khizer/amr_project/install/robile_gazebo/share/robile_gazebo//worlds/factory/models/workcell/materials/textures/WorkCell_Render.png
[0.071s] -- Up-to-date: /home/khizer/amr_project/install/robile_gazebo/share/robile_gazebo//worlds/factory/models/workcell/materials/textures/ControlPanel.png
[0.071s] -- Up-to-date: /home/khizer/amr_project/install/robile_gazebo/share/robile_gazebo//worlds/factory/models/workcell/materials/textures/RollupDoor.png
[0.071s] -- Up-to-date: /home/khizer/amr_project/install/robile_gazebo/share/robile_gazebo//worlds/factory/models/workcell/materials/textures/Plywood.png
[0.071s] -- Up-to-date: /home/khizer/amr_project/install/robile_gazebo/share/robile_gazebo//worlds/factory/models/workcell/materials/textures/Pillar.png
[0.071s] -- Up-to-date: /home/khizer/amr_project/install/robile_gazebo/share/robile_gazebo//worlds/factory/models/workcell/materials/textures/Conveyor.png
[0.071s] -- Up-to-date: /home/khizer/amr_project/install/robile_gazebo/share/robile_gazebo//worlds/factory/models/workcell/materials/textures/Mesh.png
[0.071s] -- Up-to-date: /home/khizer/amr_project/install/robile_gazebo/share/robile_gazebo//worlds/factory/models/workcell/model.sdf
[0.071s] -- Up-to-date: /home/khizer/amr_project/install/robile_gazebo/share/robile_gazebo//worlds/factory/models/workcell/meshes
[0.071s] -- Up-to-date: /home/khizer/amr_project/install/robile_gazebo/share/robile_gazebo//worlds/factory/models/workcell/meshes/mesh.dae
[0.071s] -- Up-to-date: /home/khizer/amr_project/install/robile_gazebo/share/robile_gazebo//worlds/factory/models/hokuyo_ariac
[0.072s] -- Up-to-date: /home/khizer/amr_project/install/robile_gazebo/share/robile_gazebo//worlds/factory/models/hokuyo_ariac/model.config
[0.072s] -- Up-to-date: /home/khizer/amr_project/install/robile_gazebo/share/robile_gazebo//worlds/factory/models/hokuyo_ariac/model.sdf
[0.072s] -- Up-to-date: /home/khizer/amr_project/install/robile_gazebo/share/robile_gazebo//worlds/factory/models/hokuyo_ariac/meshes
[0.072s] -- Up-to-date: /home/khizer/amr_project/install/robile_gazebo/share/robile_gazebo//worlds/factory/models/hokuyo_ariac/meshes/hokuyo_convex.stl
[0.072s] -- Up-to-date: /home/khizer/amr_project/install/robile_gazebo/share/robile_gazebo//worlds/factory/models/hokuyo_ariac/meshes/hokuyo.dae
[0.072s] -- Up-to-date: /home/khizer/amr_project/install/robile_gazebo/share/robile_gazebo//worlds/factory/models/shipping_container_ariac
[0.072s] -- Up-to-date: /home/khizer/amr_project/install/robile_gazebo/share/robile_gazebo//worlds/factory/models/shipping_container_ariac/model.config
[0.072s] -- Up-to-date: /home/khizer/amr_project/install/robile_gazebo/share/robile_gazebo//worlds/factory/models/shipping_container_ariac/materials
[0.072s] -- Up-to-date: /home/khizer/amr_project/install/robile_gazebo/share/robile_gazebo//worlds/factory/models/shipping_container_ariac/materials/textures
[0.072s] -- Up-to-date: /home/khizer/amr_project/install/robile_gazebo/share/robile_gazebo//worlds/factory/models/shipping_container_ariac/materials/textures/ShippingContainer.png
[0.072s] -- Up-to-date: /home/khizer/amr_project/install/robile_gazebo/share/robile_gazebo//worlds/factory/models/shipping_container_ariac/model.sdf
[0.072s] -- Up-to-date: /home/khizer/amr_project/install/robile_gazebo/share/robile_gazebo//worlds/factory/models/shipping_container_ariac/meshes
[0.072s] -- Up-to-date: /home/khizer/amr_project/install/robile_gazebo/share/robile_gazebo//worlds/factory/models/shipping_container_ariac/meshes/ShippingContainer_Textured.mtl
[0.072s] -- Up-to-date: /home/khizer/amr_project/install/robile_gazebo/share/robile_gazebo//worlds/factory/models/shipping_container_ariac/meshes/ShippingContainer_Textured.obj
[0.072s] -- Up-to-date: /home/khizer/amr_project/install/robile_gazebo/share/robile_gazebo//worlds/factory/models/shipping_container_conveyor_tall_ariac
[0.072s] -- Up-to-date: /home/khizer/amr_project/install/robile_gazebo/share/robile_gazebo//worlds/factory/models/shipping_container_conveyor_tall_ariac/model.config
[0.073s] -- Up-to-date: /home/khizer/amr_project/install/robile_gazebo/share/robile_gazebo//worlds/factory/models/shipping_container_conveyor_tall_ariac/materials
[0.073s] -- Up-to-date: /home/khizer/amr_project/install/robile_gazebo/share/robile_gazebo//worlds/factory/models/shipping_container_conveyor_tall_ariac/materials/textures
[0.073s] -- Up-to-date: /home/khizer/amr_project/install/robile_gazebo/share/robile_gazebo//worlds/factory/models/shipping_container_conveyor_tall_ariac/materials/textures/ShippingContainer.png
[0.073s] -- Up-to-date: /home/khizer/amr_project/install/robile_gazebo/share/robile_gazebo//worlds/factory/models/shipping_container_conveyor_tall_ariac/model.sdf
[0.073s] -- Up-to-date: /home/khizer/amr_project/install/robile_gazebo/share/robile_gazebo//worlds/factory/models/shipping_container_conveyor_tall_ariac/meshes
[0.073s] -- Up-to-date: /home/khizer/amr_project/install/robile_gazebo/share/robile_gazebo//worlds/factory/models/shipping_container_conveyor_tall_ariac/meshes/ShippingContainer_Textured.mtl
[0.073s] -- Up-to-date: /home/khizer/amr_project/install/robile_gazebo/share/robile_gazebo//worlds/factory/models/shipping_container_conveyor_tall_ariac/meshes/ShippingContainer_Textured.obj
[0.073s] -- Up-to-date: /home/khizer/amr_project/install/robile_gazebo/share/robile_gazebo//worlds/factory/models/ladder_75deg_0rails
[0.073s] -- Up-to-date: /home/khizer/amr_project/install/robile_gazebo/share/robile_gazebo//worlds/factory/models/ladder_75deg_0rails/model.config
[0.073s] -- Up-to-date: /home/khizer/amr_project/install/robile_gazebo/share/robile_gazebo//worlds/factory/models/ladder_75deg_0rails/model.sdf
[0.073s] -- Up-to-date: /home/khizer/amr_project/install/robile_gazebo/share/robile_gazebo//worlds/factory/models/ladder_75deg_0rails/model.rsdf
[0.073s] -- Up-to-date: /home/khizer/amr_project/install/robile_gazebo/share/robile_gazebo//worlds/factory/models/drone_collection_zone_ariac
[0.073s] -- Up-to-date: /home/khizer/amr_project/install/robile_gazebo/share/robile_gazebo//worlds/factory/models/drone_collection_zone_ariac/model.config
[0.073s] -- Up-to-date: /home/khizer/amr_project/install/robile_gazebo/share/robile_gazebo//worlds/factory/models/drone_collection_zone_ariac/model.sdf
[0.073s] -- Up-to-date: /home/khizer/amr_project/install/robile_gazebo/share/robile_gazebo//worlds/factory/models/closed_box_ariac
[0.073s] -- Up-to-date: /home/khizer/amr_project/install/robile_gazebo/share/robile_gazebo//worlds/factory/models/closed_box_ariac/model.config
[0.073s] -- Up-to-date: /home/khizer/amr_project/install/robile_gazebo/share/robile_gazebo//worlds/factory/models/closed_box_ariac/materials
[0.073s] -- Up-to-date: /home/khizer/amr_project/install/robile_gazebo/share/robile_gazebo//worlds/factory/models/closed_box_ariac/materials/textures
[0.073s] -- Up-to-date: /home/khizer/amr_project/install/robile_gazebo/share/robile_gazebo//worlds/factory/models/closed_box_ariac/materials/textures/closed_box.png
[0.073s] -- Up-to-date: /home/khizer/amr_project/install/robile_gazebo/share/robile_gazebo//worlds/factory/models/closed_box_ariac/model.sdf
[0.074s] -- Up-to-date: /home/khizer/amr_project/install/robile_gazebo/share/robile_gazebo//worlds/factory/models/closed_box_ariac/meshes
[0.074s] -- Up-to-date: /home/khizer/amr_project/install/robile_gazebo/share/robile_gazebo//worlds/factory/models/closed_box_ariac/meshes/closed_box.mtl
[0.074s] -- Up-to-date: /home/khizer/amr_project/install/robile_gazebo/share/robile_gazebo//worlds/factory/models/closed_box_ariac/meshes/closed_box.obj
[0.074s] -- Up-to-date: /home/khizer/amr_project/install/robile_gazebo/share/robile_gazebo//worlds/factory/models/part1_ariac
[0.074s] -- Up-to-date: /home/khizer/amr_project/install/robile_gazebo/share/robile_gazebo//worlds/factory/models/part1_ariac/model.config
[0.074s] -- Up-to-date: /home/khizer/amr_project/install/robile_gazebo/share/robile_gazebo//worlds/factory/models/part1_ariac/model.sdf
[0.074s] -- Up-to-date: /home/khizer/amr_project/install/robile_gazebo/share/robile_gazebo//worlds/factory/models/yellow_bin_ariac
[0.074s] -- Up-to-date: /home/khizer/amr_project/install/robile_gazebo/share/robile_gazebo//worlds/factory/models/yellow_bin_ariac/model.config
[0.074s] -- Up-to-date: /home/khizer/amr_project/install/robile_gazebo/share/robile_gazebo//worlds/factory/models/yellow_bin_ariac/materials
[0.074s] -- Up-to-date: /home/khizer/amr_project/install/robile_gazebo/share/robile_gazebo//worlds/factory/models/yellow_bin_ariac/materials/textures
[0.074s] -- Up-to-date: /home/khizer/amr_project/install/robile_gazebo/share/robile_gazebo//worlds/factory/models/yellow_bin_ariac/materials/textures/yellow_bin.png
[0.074s] -- Up-to-date: /home/khizer/amr_project/install/robile_gazebo/share/robile_gazebo//worlds/factory/models/yellow_bin_ariac/model.sdf
[0.074s] -- Up-to-date: /home/khizer/amr_project/install/robile_gazebo/share/robile_gazebo//worlds/factory/models/yellow_bin_ariac/meshes
[0.074s] -- Up-to-date: /home/khizer/amr_project/install/robile_gazebo/share/robile_gazebo//worlds/factory/models/yellow_bin_ariac/meshes/yellow_bin.mtl
[0.074s] -- Up-to-date: /home/khizer/amr_project/install/robile_gazebo/share/robile_gazebo//worlds/factory/models/yellow_bin_ariac/meshes/yellow_bin.obj
[0.074s] -- Up-to-date: /home/khizer/amr_project/install/robile_gazebo/share/robile_gazebo//worlds/factory/models/construction_cone
[0.074s] -- Up-to-date: /home/khizer/amr_project/install/robile_gazebo/share/robile_gazebo//worlds/factory/models/construction_cone/model.config
[0.074s] -- Up-to-date: /home/khizer/amr_project/install/robile_gazebo/share/robile_gazebo//worlds/factory/models/construction_cone/model-1_3.sdf
[0.074s] -- Up-to-date: /home/khizer/amr_project/install/robile_gazebo/share/robile_gazebo//worlds/factory/models/construction_cone/materials
[0.075s] -- Up-to-date: /home/khizer/amr_project/install/robile_gazebo/share/robile_gazebo//worlds/factory/models/construction_cone/materials/textures
[0.075s] -- Up-to-date: /home/khizer/amr_project/install/robile_gazebo/share/robile_gazebo//worlds/factory/models/construction_cone/materials/textures/Construction_Cone_Diffuse.png
[0.075s] -- Up-to-date: /home/khizer/amr_project/install/robile_gazebo/share/robile_gazebo//worlds/factory/models/construction_cone/model-1_4.sdf
[0.075s] -- Up-to-date: /home/khizer/amr_project/install/robile_gazebo/share/robile_gazebo//worlds/factory/models/construction_cone/model.sdf
[0.075s] -- Up-to-date: /home/khizer/amr_project/install/robile_gazebo/share/robile_gazebo//worlds/factory/models/construction_cone/meshes
[0.075s] -- Up-to-date: /home/khizer/amr_project/install/robile_gazebo/share/robile_gazebo//worlds/factory/models/construction_cone/meshes/construction_cone.dae
[0.075s] -- Up-to-date: /home/khizer/amr_project/install/robile_gazebo/share/robile_gazebo//worlds/factory/models/piston_rod_part_ariac
[0.075s] -- Up-to-date: /home/khizer/amr_project/install/robile_gazebo/share/robile_gazebo//worlds/factory/models/piston_rod_part_ariac/model.config
[0.075s] -- Up-to-date: /home/khizer/amr_project/install/robile_gazebo/share/robile_gazebo//worlds/factory/models/piston_rod_part_ariac/model.sdf
[0.075s] -- Up-to-date: /home/khizer/amr_project/install/robile_gazebo/share/robile_gazebo//worlds/factory/models/piston_rod_part_ariac/meshes
[0.075s] -- Up-to-date: /home/khizer/amr_project/install/robile_gazebo/share/robile_gazebo//worlds/factory/models/piston_rod_part_ariac/meshes/piston_rod.dae
[0.075s] -- Up-to-date: /home/khizer/amr_project/install/robile_gazebo/share/robile_gazebo//worlds/factory/models/pulley_part_ariac
[0.075s] -- Up-to-date: /home/khizer/amr_project/install/robile_gazebo/share/robile_gazebo//worlds/factory/models/pulley_part_ariac/model.config
[0.075s] -- Up-to-date: /home/khizer/amr_project/install/robile_gazebo/share/robile_gazebo//worlds/factory/models/pulley_part_ariac/model.sdf
[0.075s] -- Up-to-date: /home/khizer/amr_project/install/robile_gazebo/share/robile_gazebo//worlds/factory/models/pulley_part_ariac/meshes
[0.075s] -- Up-to-date: /home/khizer/amr_project/install/robile_gazebo/share/robile_gazebo//worlds/factory/models/pulley_part_ariac/meshes/pulley.dae
[0.075s] -- Up-to-date: /home/khizer/amr_project/install/robile_gazebo/share/robile_gazebo//worlds/factory/models/gear_part_ariac
[0.075s] -- Up-to-date: /home/khizer/amr_project/install/robile_gazebo/share/robile_gazebo//worlds/factory/models/gear_part_ariac/model.config
[0.075s] -- Up-to-date: /home/khizer/amr_project/install/robile_gazebo/share/robile_gazebo//worlds/factory/models/gear_part_ariac/model.sdf
[0.076s] -- Up-to-date: /home/khizer/amr_project/install/robile_gazebo/share/robile_gazebo//worlds/factory/models/gear_part_ariac/meshes
[0.076s] -- Up-to-date: /home/khizer/amr_project/install/robile_gazebo/share/robile_gazebo//worlds/factory/models/gear_part_ariac/meshes/gear.dae
[0.076s] -- Up-to-date: /home/khizer/amr_project/install/robile_gazebo/share/robile_gazebo//worlds/factory/models/first_2015_trash_can
[0.076s] -- Up-to-date: /home/khizer/amr_project/install/robile_gazebo/share/robile_gazebo//worlds/factory/models/first_2015_trash_can/model.config
[0.076s] -- Up-to-date: /home/khizer/amr_project/install/robile_gazebo/share/robile_gazebo//worlds/factory/models/first_2015_trash_can/model.sdf
[0.076s] -- Up-to-date: /home/khizer/amr_project/install/robile_gazebo/share/robile_gazebo//worlds/factory/models/first_2015_trash_can/meshes
[0.076s] -- Up-to-date: /home/khizer/amr_project/install/robile_gazebo/share/robile_gazebo//worlds/factory/models/first_2015_trash_can/meshes/trash_can.dae
[0.076s] -- Up-to-date: /home/khizer/amr_project/install/robile_gazebo/share/robile_gazebo//worlds/factory/models/arm_part_ariac
[0.076s] -- Up-to-date: /home/khizer/amr_project/install/robile_gazebo/share/robile_gazebo//worlds/factory/models/arm_part_ariac/model.config
[0.076s] -- Up-to-date: /home/khizer/amr_project/install/robile_gazebo/share/robile_gazebo//worlds/factory/models/arm_part_ariac/materials
[0.076s] -- Up-to-date: /home/khizer/amr_project/install/robile_gazebo/share/robile_gazebo//worlds/factory/models/arm_part_ariac/materials/textures
[0.076s] -- Up-to-date: /home/khizer/amr_project/install/robile_gazebo/share/robile_gazebo//worlds/factory/models/arm_part_ariac/materials/textures/parts.png
[0.076s] -- Up-to-date: /home/khizer/amr_project/install/robile_gazebo/share/robile_gazebo//worlds/factory/models/arm_part_ariac/materials/scripts
[0.076s] -- Up-to-date: /home/khizer/amr_project/install/robile_gazebo/share/robile_gazebo//worlds/factory/models/arm_part_ariac/materials/scripts/arm_part.material
[0.076s] -- Up-to-date: /home/khizer/amr_project/install/robile_gazebo/share/robile_gazebo//worlds/factory/models/arm_part_ariac/model.sdf
[0.076s] -- Up-to-date: /home/khizer/amr_project/install/robile_gazebo/share/robile_gazebo//worlds/factory/models/arm_part_ariac/meshes
[0.076s] -- Up-to-date: /home/khizer/amr_project/install/robile_gazebo/share/robile_gazebo//worlds/factory/models/arm_part_ariac/meshes/arm.dae
[0.077s] -- Up-to-date: /home/khizer/amr_project/install/robile_gazebo/share/robile_gazebo//worlds/factory/models/deletion_wall
[0.077s] -- Up-to-date: /home/khizer/amr_project/install/robile_gazebo/share/robile_gazebo//worlds/factory/models/deletion_wall/model.config
[0.077s] -- Up-to-date: /home/khizer/amr_project/install/robile_gazebo/share/robile_gazebo//worlds/factory/models/deletion_wall/model.sdf
[0.077s] -- Up-to-date: /home/khizer/amr_project/install/robile_gazebo/share/robile_gazebo//worlds/factory/models/swissranger_camera_ariac
[0.077s] -- Up-to-date: /home/khizer/amr_project/install/robile_gazebo/share/robile_gazebo//worlds/factory/models/swissranger_camera_ariac/model.config
[0.077s] -- Up-to-date: /home/khizer/amr_project/install/robile_gazebo/share/robile_gazebo//worlds/factory/models/swissranger_camera_ariac/model.sdf
[0.077s] -- Up-to-date: /home/khizer/amr_project/install/robile_gazebo/share/robile_gazebo//worlds/factory/models/swissranger_camera_ariac/meshes
[0.077s] -- Up-to-date: /home/khizer/amr_project/install/robile_gazebo/share/robile_gazebo//worlds/factory/models/swissranger_camera_ariac/meshes/SR4000.stl
[0.077s] -- Up-to-date: /home/khizer/amr_project/install/robile_gazebo/share/robile_gazebo//worlds/factory/models/swissranger_camera_ariac/meshes/collada
[0.077s] -- Up-to-date: /home/khizer/amr_project/install/robile_gazebo/share/robile_gazebo//worlds/factory/models/swissranger_camera_ariac/meshes/collada/SR4000.dae
[0.077s] -- Up-to-date: /home/khizer/amr_project/install/robile_gazebo/share/robile_gazebo//worlds/factory/models/part4_ariac
[0.077s] -- Up-to-date: /home/khizer/amr_project/install/robile_gazebo/share/robile_gazebo//worlds/factory/models/part4_ariac/model.config
[0.077s] -- Up-to-date: /home/khizer/amr_project/install/robile_gazebo/share/robile_gazebo//worlds/factory/models/part4_ariac/model.sdf
[0.077s] -- Up-to-date: /home/khizer/amr_project/install/robile_gazebo/share/robile_gazebo//worlds/factory/factory.jpg
[0.077s] -- Up-to-date: /home/khizer/amr_project/install/robile_gazebo/share/robile_gazebo//worlds/dynamic_world
[0.077s] -- Up-to-date: /home/khizer/amr_project/install/robile_gazebo/share/robile_gazebo//worlds/dynamic_world/world.model
[0.077s] -- Up-to-date: /home/khizer/amr_project/install/robile_gazebo/share/robile_gazebo//worlds/dynamic_world/dynamic_room.jpg
[0.077s] -- Up-to-date: /home/khizer/amr_project/install/robile_gazebo/share/robile_gazebo//worlds/empty.world
[0.077s] -- Up-to-date: /home/khizer/amr_project/install/robile_gazebo/share/robile_gazebo//worlds/hospital
[0.077s] -- Up-to-date: /home/khizer/amr_project/install/robile_gazebo/share/robile_gazebo//worlds/hospital/photos
[0.077s] -- Up-to-date: /home/khizer/amr_project/install/robile_gazebo/share/robile_gazebo//worlds/hospital/photos/PortraitA_01.jpg
[0.077s] -- Up-to-date: /home/khizer/amr_project/install/robile_gazebo/share/robile_gazebo//worlds/hospital/photos/PortraitE_01.jpg
[0.078s] -- Up-to-date: /home/khizer/amr_project/install/robile_gazebo/share/robile_gazebo//worlds/hospital/photos/PortraitE_02.jpg
[0.078s] -- Up-to-date: /home/khizer/amr_project/install/robile_gazebo/share/robile_gazebo//worlds/hospital/photos/PortraitD_01.jpg
[0.078s] -- Up-to-date: /home/khizer/amr_project/install/robile_gazebo/share/robile_gazebo//worlds/hospital/photos/PortraitD_02.jpg
[0.078s] -- Up-to-date: /home/khizer/amr_project/install/robile_gazebo/share/robile_gazebo//worlds/hospital/photos/PortraitC_01.jpg
[0.078s] -- Up-to-date: /home/khizer/amr_project/install/robile_gazebo/share/robile_gazebo//worlds/hospital/hospital_two_floors.world
[0.078s] -- Up-to-date: /home/khizer/amr_project/install/robile_gazebo/share/robile_gazebo//worlds/hospital/models_part4.zip
[0.078s] -- Up-to-date: /home/khizer/amr_project/install/robile_gazebo/share/robile_gazebo//worlds/hospital/two_floor.png
[0.078s] -- Up-to-date: /home/khizer/amr_project/install/robile_gazebo/share/robile_gazebo//worlds/hospital/models_part3.zip
[0.078s] -- Up-to-date: /home/khizer/amr_project/install/robile_gazebo/share/robile_gazebo//worlds/hospital/hospital.world
[0.078s] -- Up-to-date: /home/khizer/amr_project/install/robile_gazebo/share/robile_gazebo//worlds/hospital/hospital.png
[0.078s] -- Up-to-date: /home/khizer/amr_project/install/robile_gazebo/share/robile_gazebo//worlds/hospital/models_part1.zip
[0.078s] -- Up-to-date: /home/khizer/amr_project/install/robile_gazebo/share/robile_gazebo//worlds/hospital/models_part2.zip
[0.078s] -- Up-to-date: /home/khizer/amr_project/install/robile_gazebo/share/robile_gazebo//worlds/closed_walls.world
[0.078s] -- Up-to-date: /home/khizer/amr_project/install/robile_gazebo/share/robile_gazebo//worlds/amazon_warehouse
[0.078s] -- Up-to-date: /home/khizer/amr_project/install/robile_gazebo/share/robile_gazebo//worlds/amazon_warehouse/amazon_warehouse.model
[0.078s] -- Up-to-date: /home/khizer/amr_project/install/robile_gazebo/share/robile_gazebo//worlds/amazon_warehouse/amazon_warehouse_with_robot.model
[0.078s] -- Up-to-date: /home/khizer/amr_project/install/robile_gazebo/share/robile_gazebo//worlds/empty_room
[0.078s] -- Up-to-date: /home/khizer/amr_project/install/robile_gazebo/share/robile_gazebo//worlds/empty_room/maps
[0.078s] -- Up-to-date: /home/khizer/amr_project/install/robile_gazebo/share/robile_gazebo//worlds/empty_room/maps/empty_room.pgm
[0.078s] -- Up-to-date: /home/khizer/amr_project/install/robile_gazebo/share/robile_gazebo//worlds/empty_room/maps/empty_room.png
[0.078s] -- Up-to-date: /home/khizer/amr_project/install/robile_gazebo/share/robile_gazebo//worlds/empty_room/model.config
[0.078s] -- Up-to-date: /home/khizer/amr_project/install/robile_gazebo/share/robile_gazebo//worlds/empty_room/model.sdf
[0.079s] -- Up-to-date: /home/khizer/amr_project/install/robile_gazebo/share/robile_gazebo//worlds/room_with_walls_1
[0.079s] -- Up-to-date: /home/khizer/amr_project/install/robile_gazebo/share/robile_gazebo//worlds/room_with_walls_1/map_0.1m-px.png
[0.079s] -- Up-to-date: /home/khizer/amr_project/install/robile_gazebo/share/robile_gazebo//worlds/room_with_walls_1/simple_rooms.png
[0.079s] -- Up-to-date: /home/khizer/amr_project/install/robile_gazebo/share/robile_gazebo//worlds/room_with_walls_1/room_with_walls_10x10
[0.079s] -- Up-to-date: /home/khizer/amr_project/install/robile_gazebo/share/robile_gazebo//worlds/room_with_walls_1/room_with_walls_10x10/model.config
[0.079s] -- Up-to-date: /home/khizer/amr_project/install/robile_gazebo/share/robile_gazebo//worlds/room_with_walls_1/room_with_walls_10x10/model.sdf
[0.079s] -- Up-to-date: /home/khizer/amr_project/install/robile_gazebo/share/robile_gazebo//worlds/room_with_walls_1/map.yaml
[0.079s] -- Up-to-date: /home/khizer/amr_project/install/robile_gazebo/share/robile_gazebo//worlds/room_with_walls_1/map_0.05m-px.png
[0.079s] -- Up-to-date: /home/khizer/amr_project/install/robile_gazebo/share/robile_gazebo//worlds/turtlebot3_world
[0.079s] -- Up-to-date: /home/khizer/amr_project/install/robile_gazebo/share/robile_gazebo//worlds/turtlebot3_world/maps
[0.079s] -- Up-to-date: /home/khizer/amr_project/install/robile_gazebo/share/robile_gazebo//worlds/turtlebot3_world/maps/turtlebot3_world.pgm
[0.079s] -- Up-to-date: /home/khizer/amr_project/install/robile_gazebo/share/robile_gazebo//worlds/turtlebot3_world/maps/turtlebot3_world.yaml
[0.079s] -- Up-to-date: /home/khizer/amr_project/install/robile_gazebo/share/robile_gazebo//worlds/turtlebot3_world/model.config
[0.079s] -- Up-to-date: /home/khizer/amr_project/install/robile_gazebo/share/robile_gazebo//worlds/turtlebot3_world/tb_world.jpg
[0.079s] -- Up-to-date: /home/khizer/amr_project/install/robile_gazebo/share/robile_gazebo//worlds/turtlebot3_world/model-1_4.sdf
[0.079s] -- Up-to-date: /home/khizer/amr_project/install/robile_gazebo/share/robile_gazebo//worlds/turtlebot3_world/model.sdf
[0.079s] -- Up-to-date: /home/khizer/amr_project/install/robile_gazebo/share/robile_gazebo//worlds/turtlebot3_world/meshes
[0.079s] -- Up-to-date: /home/khizer/amr_project/install/robile_gazebo/share/robile_gazebo//worlds/turtlebot3_world/meshes/wall.dae
[0.079s] -- Up-to-date: /home/khizer/amr_project/install/robile_gazebo/share/robile_gazebo//worlds/turtlebot3_world/meshes/hexagon.dae
[0.079s] -- Up-to-date: /home/khizer/amr_project/install/robile_gazebo/share/robile_gazebo//models
[0.080s] -- Up-to-date: /home/khizer/amr_project/install/robile_gazebo/share/robile_gazebo//models/warehouse_walls
[0.080s] -- Up-to-date: /home/khizer/amr_project/install/robile_gazebo/share/robile_gazebo//models/warehouse_walls/model.config
[0.080s] -- Up-to-date: /home/khizer/amr_project/install/robile_gazebo/share/robile_gazebo//models/warehouse_walls/materials
[0.080s] -- Up-to-date: /home/khizer/amr_project/install/robile_gazebo/share/robile_gazebo//models/warehouse_walls/materials/textures
[0.080s] -- Up-to-date: /home/khizer/amr_project/install/robile_gazebo/share/robile_gazebo//models/warehouse_walls/materials/textures/grey_wall.png
[0.080s] -- Up-to-date: /home/khizer/amr_project/install/robile_gazebo/share/robile_gazebo//models/warehouse_walls/materials/scripts
[0.080s] -- Up-to-date: /home/khizer/amr_project/install/robile_gazebo/share/robile_gazebo//models/warehouse_walls/materials/scripts/grey_wall.material
[0.080s] -- Up-to-date: /home/khizer/amr_project/install/robile_gazebo/share/robile_gazebo//models/warehouse_walls/model.sdf
[0.080s] -- Up-to-date: /home/khizer/amr_project/install/robile_gazebo/share/robile_gazebo//models/warehouse_pallet
[0.080s] -- Up-to-date: /home/khizer/amr_project/install/robile_gazebo/share/robile_gazebo//models/warehouse_pallet/model.config
[0.080s] -- Up-to-date: /home/khizer/amr_project/install/robile_gazebo/share/robile_gazebo//models/warehouse_pallet/model.sdf
[0.080s] -- Up-to-date: /home/khizer/amr_project/install/robile_gazebo/share/robile_gazebo//models/.DS_Store
[0.080s] -- Up-to-date: /home/khizer/amr_project/install/robile_gazebo/share/robile_gazebo//models/ground_plane
[0.080s] -- Up-to-date: /home/khizer/amr_project/install/robile_gazebo/share/robile_gazebo//models/ground_plane/model.config
[0.080s] -- Up-to-date: /home/khizer/amr_project/install/robile_gazebo/share/robile_gazebo//models/ground_plane/model-1_3.sdf
[0.080s] -- Up-to-date: /home/khizer/amr_project/install/robile_gazebo/share/robile_gazebo//models/ground_plane/model-1_4.sdf
[0.080s] -- Up-to-date: /home/khizer/amr_project/install/robile_gazebo/share/robile_gazebo//models/ground_plane/model-1_2.sdf
[0.080s] -- Up-to-date: /home/khizer/amr_project/install/robile_gazebo/share/robile_gazebo//models/ground_plane/model.sdf
[0.080s] -- Up-to-date: /home/khizer/amr_project/install/robile_gazebo/share/robile_gazebo//models/cafe
[0.080s] -- Up-to-date: /home/khizer/amr_project/install/robile_gazebo/share/robile_gazebo//models/cafe/model.config
[0.080s] -- Up-to-date: /home/khizer/amr_project/install/robile_gazebo/share/robile_gazebo//models/cafe/materials
[0.081s] -- Up-to-date: /home/khizer/amr_project/install/robile_gazebo/share/robile_gazebo//models/cafe/materials/textures
[0.081s] -- Up-to-date: /home/khizer/amr_project/install/robile_gazebo/share/robile_gazebo//models/cafe/materials/textures/__auto_10.jpg
[0.081s] -- Up-to-date: /home/khizer/amr_project/install/robile_gazebo/share/robile_gazebo//models/cafe/materials/textures/__auto_21.jpg
[0.081s] -- Up-to-date: /home/khizer/amr_project/install/robile_gazebo/share/robile_gazebo//models/cafe/materials/textures/__auto_28.jpg
[0.081s] -- Up-to-date: /home/khizer/amr_project/install/robile_gazebo/share/robile_gazebo//models/cafe/materials/textures/__auto_23.jpg
[0.081s] -- Up-to-date: /home/khizer/amr_project/install/robile_gazebo/share/robile_gazebo//models/cafe/materials/textures/__auto_22.jpg
[0.081s] -- Up-to-date: /home/khizer/amr_project/install/robile_gazebo/share/robile_gazebo//models/cafe/materials/textures/__auto_29.jpg
[0.081s] -- Up-to-date: /home/khizer/amr_project/install/robile_gazebo/share/robile_gazebo//models/cafe/materials/textures/__auto_31.jpg
[0.081s] -- Up-to-date: /home/khizer/amr_project/install/robile_gazebo/share/robile_gazebo//models/cafe/materials/textures/__auto_25.jpg
[0.081s] -- Up-to-date: /home/khizer/amr_project/install/robile_gazebo/share/robile_gazebo//models/cafe/materials/textures/__auto_30.jpg
[0.081s] -- Up-to-date: /home/khizer/amr_project/install/robile_gazebo/share/robile_gazebo//models/cafe/materials/textures/__auto_26.jpg
[0.081s] -- Up-to-date: /home/khizer/amr_project/install/robile_gazebo/share/robile_gazebo//models/cafe/materials/textures/__auto_2.jpg
[0.081s] -- Up-to-date: /home/khizer/amr_project/install/robile_gazebo/share/robile_gazebo//models/cafe/materials/textures/__auto_37.jpg
[0.081s] -- Up-to-date: /home/khizer/amr_project/install/robile_gazebo/share/robile_gazebo//models/cafe/materials/textures/__auto_35.jpg
[0.081s] -- Up-to-date: /home/khizer/amr_project/install/robile_gazebo/share/robile_gazebo//models/cafe/materials/textures/__auto_34.jpg
[0.081s] -- Up-to-date: /home/khizer/amr_project/install/robile_gazebo/share/robile_gazebo//models/cafe/materials/textures/__auto_24.jpg
[0.081s] -- Up-to-date: /home/khizer/amr_project/install/robile_gazebo/share/robile_gazebo//models/cafe/model.sdf
[0.081s] -- Up-to-date: /home/khizer/amr_project/install/robile_gazebo/share/robile_gazebo//models/cafe/meshes
[0.081s] -- Up-to-date: /home/khizer/amr_project/install/robile_gazebo/share/robile_gazebo//models/cafe/meshes/cafe.dae
[0.082s] -- Up-to-date: /home/khizer/amr_project/install/robile_gazebo/share/robile_gazebo//models/warehouse_pallet3
[0.082s] -- Up-to-date: /home/khizer/amr_project/install/robile_gazebo/share/robile_gazebo//models/warehouse_pallet3/model.config
[0.082s] -- Up-to-date: /home/khizer/amr_project/install/robile_gazebo/share/robile_gazebo//models/warehouse_pallet3/model.sdf
[0.082s] -- Up-to-date: /home/khizer/amr_project/install/robile_gazebo/share/robile_gazebo//models/amazon_robot2
[0.082s] -- Up-to-date: /home/khizer/amr_project/install/robile_gazebo/share/robile_gazebo//models/amazon_robot2/model.config
[0.082s] -- Up-to-date: /home/khizer/amr_project/install/robile_gazebo/share/robile_gazebo//models/amazon_robot2/model.sdf
[0.082s] -- Up-to-date: /home/khizer/amr_project/install/robile_gazebo/share/robile_gazebo//models/amazon_robot2/meshes
[0.082s] -- Up-to-date: /home/khizer/amr_project/install/robile_gazebo/share/robile_gazebo//models/amazon_robot2/meshes/lds.dae
[0.082s] -- Up-to-date: /home/khizer/amr_project/install/robile_gazebo/share/robile_gazebo//models/amazon_robot2/meshes/left_tire.dae
[0.082s] -- Up-to-date: /home/khizer/amr_project/install/robile_gazebo/share/robile_gazebo//models/amazon_robot2/meshes/waffle_pi_base.dae
[0.082s] -- Up-to-date: /home/khizer/amr_project/install/robile_gazebo/share/robile_gazebo//models/amazon_robot2/meshes/right_tire.dae
[0.082s] -- Up-to-date: /home/khizer/amr_project/install/robile_gazebo/share/robile_gazebo//models/amazon_robot
[0.082s] -- Up-to-date: /home/khizer/amr_project/install/robile_gazebo/share/robile_gazebo//models/amazon_robot/test2.urdf
[0.082s] -- Up-to-date: /home/khizer/amr_project/install/robile_gazebo/share/robile_gazebo//models/amazon_robot/model.config
[0.082s] -- Up-to-date: /home/khizer/amr_project/install/robile_gazebo/share/robile_gazebo//models/amazon_robot/model2.sdf
[0.082s] -- Up-to-date: /home/khizer/amr_project/install/robile_gazebo/share/robile_gazebo//models/amazon_robot/test.urdf
[0.082s] -- Up-to-date: /home/khizer/amr_project/install/robile_gazebo/share/robile_gazebo//models/amazon_robot/model-1_4.sdf
[0.082s] -- Up-to-date: /home/khizer/amr_project/install/robile_gazebo/share/robile_gazebo//models/amazon_robot/model.sdf
[0.082s] -- Up-to-date: /home/khizer/amr_project/install/robile_gazebo/share/robile_gazebo//models/amazon_robot/meshes
[0.082s] -- Up-to-date: /home/khizer/amr_project/install/robile_gazebo/share/robile_gazebo//models/amazon_robot/meshes/lds.dae
[0.083s] -- Up-to-date: /home/khizer/amr_project/install/robile_gazebo/share/robile_gazebo//models/amazon_robot/meshes/left_tire.dae
[0.083s] -- Up-to-date: /home/khizer/amr_project/install/robile_gazebo/share/robile_gazebo//models/amazon_robot/meshes/waffle_pi_base.dae
[0.083s] -- Up-to-date: /home/khizer/amr_project/install/robile_gazebo/share/robile_gazebo//models/amazon_robot/meshes/burger_base.dae
[0.083s] -- Up-to-date: /home/khizer/amr_project/install/robile_gazebo/share/robile_gazebo//models/amazon_robot/meshes/right_tire.dae
[0.083s] -- Up-to-date: /home/khizer/amr_project/install/robile_gazebo/share/robile_gazebo//models/turtlebot3_house
[0.083s] -- Up-to-date: /home/khizer/amr_project/install/robile_gazebo/share/robile_gazebo//models/turtlebot3_house/model.config
[0.083s] -- Up-to-date: /home/khizer/amr_project/install/robile_gazebo/share/robile_gazebo//models/turtlebot3_house/model.sdf
[0.083s] -- Up-to-date: /home/khizer/amr_project/install/robile_gazebo/share/robile_gazebo//models/cafe_table
[0.083s] -- Up-to-date: /home/khizer/amr_project/install/robile_gazebo/share/robile_gazebo//models/cafe_table/model.config
[0.083s] -- Up-to-date: /home/khizer/amr_project/install/robile_gazebo/share/robile_gazebo//models/cafe_table/materials
[0.083s] -- Up-to-date: /home/khizer/amr_project/install/robile_gazebo/share/robile_gazebo//models/cafe_table/materials/textures
[0.083s] -- Up-to-date: /home/khizer/amr_project/install/robile_gazebo/share/robile_gazebo//models/cafe_table/materials/textures/Maple.jpg
[0.083s] -- Up-to-date: /home/khizer/amr_project/install/robile_gazebo/share/robile_gazebo//models/cafe_table/materials/textures/Wood_Floor_Dark.jpg
[0.083s] -- Up-to-date: /home/khizer/amr_project/install/robile_gazebo/share/robile_gazebo//models/cafe_table/model-1_4.sdf
[0.083s] -- Up-to-date: /home/khizer/amr_project/install/robile_gazebo/share/robile_gazebo//models/cafe_table/model.sdf
[0.083s] -- Up-to-date: /home/khizer/amr_project/install/robile_gazebo/share/robile_gazebo//models/cafe_table/meshes
[0.083s] -- Up-to-date: /home/khizer/amr_project/install/robile_gazebo/share/robile_gazebo//models/cafe_table/meshes/cafe_table.dae
[0.083s] -- Up-to-date: /home/khizer/amr_project/install/robile_gazebo/share/robile_gazebo//models/turtlebot3_world
[0.083s] -- Up-to-date: /home/khizer/amr_project/install/robile_gazebo/share/robile_gazebo//models/turtlebot3_world/model.config
[0.083s] -- Up-to-date: /home/khizer/amr_project/install/robile_gazebo/share/robile_gazebo//models/turtlebot3_world/model-1_4.sdf
[0.083s] -- Up-to-date: /home/khizer/amr_project/install/robile_gazebo/share/robile_gazebo//models/turtlebot3_world/model.sdf
[0.084s] -- Up-to-date: /home/khizer/amr_project/install/robile_gazebo/share/robile_gazebo//models/turtlebot3_world/meshes
[0.084s] -- Up-to-date: /home/khizer/amr_project/install/robile_gazebo/share/robile_gazebo//models/turtlebot3_world/meshes/wall.dae
[0.084s] -- Up-to-date: /home/khizer/amr_project/install/robile_gazebo/share/robile_gazebo//models/turtlebot3_world/meshes/hexagon.dae
[0.084s] -- Up-to-date: /home/khizer/amr_project/install/robile_gazebo/share/ament_index/resource_index/package_run_dependencies/robile_gazebo
[0.084s] -- Up-to-date: /home/khizer/amr_project/install/robile_gazebo/share/ament_index/resource_index/parent_prefix_path/robile_gazebo
[0.084s] -- Up-to-date: /home/khizer/amr_project/install/robile_gazebo/share/robile_gazebo/environment/ament_prefix_path.sh
[0.084s] -- Up-to-date: /home/khizer/amr_project/install/robile_gazebo/share/robile_gazebo/environment/ament_prefix_path.dsv
[0.084s] -- Up-to-date: /home/khizer/amr_project/install/robile_gazebo/share/robile_gazebo/environment/path.sh
[0.084s] -- Up-to-date: /home/khizer/amr_project/install/robile_gazebo/share/robile_gazebo/environment/path.dsv
[0.084s] -- Up-to-date: /home/khizer/amr_project/install/robile_gazebo/share/robile_gazebo/local_setup.bash
[0.084s] -- Up-to-date: /home/khizer/amr_project/install/robile_gazebo/share/robile_gazebo/local_setup.sh
[0.084s] -- Up-to-date: /home/khizer/amr_project/install/robile_gazebo/share/robile_gazebo/local_setup.zsh
[0.084s] -- Up-to-date: /home/khizer/amr_project/install/robile_gazebo/share/robile_gazebo/local_setup.dsv
[0.084s] -- Up-to-date: /home/khizer/amr_project/install/robile_gazebo/share/robile_gazebo/package.dsv
[0.084s] -- Up-to-date: /home/khizer/amr_project/install/robile_gazebo/share/ament_index/resource_index/packages/robile_gazebo
[0.084s] -- Up-to-date: /home/khizer/amr_project/install/robile_gazebo/share/robile_gazebo/cmake/ament_cmake_export_include_directories-extras.cmake
[0.084s] -- Up-to-date: /home/khizer/amr_project/install/robile_gazebo/share/robile_gazebo/cmake/robile_gazeboConfig.cmake
[0.084s] -- Up-to-date: /home/khizer/amr_project/install/robile_gazebo/share/robile_gazebo/cmake/robile_gazeboConfig-version.cmake
[0.084s] -- Up-to-date: /home/khizer/amr_project/install/robile_gazebo/share/robile_gazebo/package.xml
[0.084s] Invoked command in '/home/khizer/amr_project/build/robile_gazebo' returned '0': CMAKE_PREFIX_PATH=/home/khizer/amr_project/install/robile_description:/home/khizer/amr_project/install/robile_navigation:/home/khizer/amr_project/install/robile_interfaces:/home/khizer/amr_project/install/robile_gazebo:/home/khizer/amr_project/amr-ss25-projects-stark_syndicate_m42/install/robile_navigation:/home/khizer/amr_project/amr-ss25-projects-stark_syndicate_m42/install/robile_interfaces:/home/khizer/amr_project/amr-ss25-projects-stark_syndicate_m42/install/robile_gazebo:/home/khizer/amr_project/amr-ss25-projects-stark_syndicate_m42/install/robile_description:/home/khizer/ros2_ws/install/robile_navigation:/home/khizer/ros2_ws/install/robile_interfaces:/home/khizer/ros2_ws/install/robile_gazebo:/home/khizer/ros2_ws/install/robile_description:/home/khizer/amr_project/install/robile_slam:/home/khizer/amr_project/install/robile_autonomous:/home/khizer/amr_project/install/robile_reach_goal:/home/khizer/amr_project/install/robile_control_simple:/home/khizer/amr_project/install/robile_bringup:/home/khizer/amr_project/amr-ss25-projects-stark_syndicate_m42/install/robile_slam:/home/khizer/amr_project/amr-ss25-projects-stark_syndicate_m42/install/robile_reach_goal:/home/khizer/amr_project/amr-ss25-projects-stark_syndicate_m42/install/robile_control_simple:/home/khizer/amr_project/amr-ss25-projects-stark_syndicate_m42/install/robile_bringup:/home/khizer/amr_project/amr-ss25-projects-stark_syndicate_m42/install/robile_autonomous:/home/khizer/ros2_ws/install/robile_reach_goal:/home/khizer/ros2_ws/install/robile_control_simple:/home/khizer/ros2_ws/install/robile_bringup:/home/khizer/ros2_ws/install/my_robot_controller:/opt/ros/humble /usr/bin/cmake --install /home/khizer/amr_project/build/robile_gazebo
