[1.160s] Invoking command in '/home/khizer/amr_project/robile_autonomous': PYTHONPATH=/home/khizer/amr_project/build/robile_autonomous/prefix_override:/usr/lib/python3/dist-packages/colcon_core/task/python/colcon_distutils_commands:/home/khizer/amr_project/install/robile_autonomous/lib/python3.10/site-packages:${PYTHONPATH} /usr/bin/python3 -W ignore:setup.py install is deprecated -W ignore:easy_install command is deprecated setup.py egg_info --egg-base ../build/robile_autonomous build --build-base /home/khizer/amr_project/build/robile_autonomous/build install --record /home/khizer/amr_project/build/robile_autonomous/install.log --single-version-externally-managed install_data
[1.312s] running egg_info
[1.312s] writing ../build/robile_autonomous/robile_autonomous.egg-info/PKG-INFO
[1.312s] writing dependency_links to ../build/robile_autonomous/robile_autonomous.egg-info/dependency_links.txt
[1.313s] writing entry points to ../build/robile_autonomous/robile_autonomous.egg-info/entry_points.txt
[1.313s] writing requirements to ../build/robile_autonomous/robile_autonomous.egg-info/requires.txt
[1.314s] writing top-level names to ../build/robile_autonomous/robile_autonomous.egg-info/top_level.txt
[1.315s] reading manifest file '../build/robile_autonomous/robile_autonomous.egg-info/SOURCES.txt'
[1.317s] writing manifest file '../build/robile_autonomous/robile_autonomous.egg-info/SOURCES.txt'
[1.317s] running build
[1.317s] running build_py
[1.317s] running install
[1.318s] running install_lib
[1.318s] running install_data
[1.318s] running install_egg_info
[1.319s] removing '/home/khizer/amr_project/install/robile_autonomous/lib/python3.10/site-packages/robile_autonomous-0.0.0-py3.10.egg-info' (and everything under it)
[1.319s] Copying ../build/robile_autonomous/robile_autonomous.egg-info to /home/khizer/amr_project/install/robile_autonomous/lib/python3.10/site-packages/robile_autonomous-0.0.0-py3.10.egg-info
[1.320s] running install_scripts
[1.334s] Installing A_star_planner script to /home/khizer/amr_project/install/robile_autonomous/lib/robile_autonomous
[1.334s] Installing navigation_controller script to /home/khizer/amr_project/install/robile_autonomous/lib/robile_autonomous
[1.334s] Installing potential_field_planner script to /home/khizer/amr_project/install/robile_autonomous/lib/robile_autonomous
[1.334s] writing list of installed files to '/home/khizer/amr_project/build/robile_autonomous/install.log'
[1.349s] Invoked command in '/home/khizer/amr_project/robile_autonomous' returned '0': PYTHONPATH=/home/khizer/amr_project/build/robile_autonomous/prefix_override:/usr/lib/python3/dist-packages/colcon_core/task/python/colcon_distutils_commands:/home/khizer/amr_project/install/robile_autonomous/lib/python3.10/site-packages:${PYTHONPATH} /usr/bin/python3 -W ignore:setup.py install is deprecated -W ignore:easy_install command is deprecated setup.py egg_info --egg-base ../build/robile_autonomous build --build-base /home/khizer/amr_project/build/robile_autonomous/build install --record /home/khizer/amr_project/build/robile_autonomous/install.log --single-version-externally-managed install_data
