running egg_info
creating ../build/robile_autonomous/robile_autonomous.egg-info
writing ../build/robile_autonomous/robile_autonomous.egg-info/PKG-INFO
writing dependency_links to ../build/robile_autonomous/robile_autonomous.egg-info/dependency_links.txt
writing entry points to ../build/robile_autonomous/robile_autonomous.egg-info/entry_points.txt
writing requirements to ../build/robile_autonomous/robile_autonomous.egg-info/requires.txt
writing top-level names to ../build/robile_autonomous/robile_autonomous.egg-info/top_level.txt
writing manifest file '../build/robile_autonomous/robile_autonomous.egg-info/SOURCES.txt'
reading manifest file '../build/robile_autonomous/robile_autonomous.egg-info/SOURCES.txt'
writing manifest file '../build/robile_autonomous/robile_autonomous.egg-info/SOURCES.txt'
running build
running build_py
creating /home/khizer/amr_project/build/robile_autonomous/build
creating /home/khizer/amr_project/build/robile_autonomous/build/lib
creating /home/khizer/amr_project/build/robile_autonomous/build/lib/robile_autonomous
copying robile_autonomous/__init__.py -> /home/khizer/amr_project/build/robile_autonomous/build/lib/robile_autonomous
copying robile_autonomous/A_star_planner.py -> /home/khizer/amr_project/build/robile_autonomous/build/lib/robile_autonomous
copying robile_autonomous/navigation_controller.py -> /home/khizer/amr_project/build/robile_autonomous/build/lib/robile_autonomous
copying robile_autonomous/A_star.py -> /home/khizer/amr_project/build/robile_autonomous/build/lib/robile_autonomous
copying robile_autonomous/potential_field_planner.py -> /home/khizer/amr_project/build/robile_autonomous/build/lib/robile_autonomous
running install
running install_lib
creating /home/khizer/amr_project/install/robile_autonomous/lib/python3.10/site-packages/robile_autonomous
copying /home/khizer/amr_project/build/robile_autonomous/build/lib/robile_autonomous/__init__.py -> /home/khizer/amr_project/install/robile_autonomous/lib/python3.10/site-packages/robile_autonomous
copying /home/khizer/amr_project/build/robile_autonomous/build/lib/robile_autonomous/A_star_planner.py -> /home/khizer/amr_project/install/robile_autonomous/lib/python3.10/site-packages/robile_autonomous
copying /home/khizer/amr_project/build/robile_autonomous/build/lib/robile_autonomous/navigation_controller.py -> /home/khizer/amr_project/install/robile_autonomous/lib/python3.10/site-packages/robile_autonomous
copying /home/khizer/amr_project/build/robile_autonomous/build/lib/robile_autonomous/A_star.py -> /home/khizer/amr_project/install/robile_autonomous/lib/python3.10/site-packages/robile_autonomous
copying /home/khizer/amr_project/build/robile_autonomous/build/lib/robile_autonomous/potential_field_planner.py -> /home/khizer/amr_project/install/robile_autonomous/lib/python3.10/site-packages/robile_autonomous
byte-compiling /home/khizer/amr_project/install/robile_autonomous/lib/python3.10/site-packages/robile_autonomous/__init__.py to __init__.cpython-310.pyc
byte-compiling /home/khizer/amr_project/install/robile_autonomous/lib/python3.10/site-packages/robile_autonomous/A_star_planner.py to A_star_planner.cpython-310.pyc
byte-compiling /home/khizer/amr_project/install/robile_autonomous/lib/python3.10/site-packages/robile_autonomous/navigation_controller.py to navigation_controller.cpython-310.pyc
byte-compiling /home/khizer/amr_project/install/robile_autonomous/lib/python3.10/site-packages/robile_autonomous/A_star.py to A_star.cpython-310.pyc
byte-compiling /home/khizer/amr_project/install/robile_autonomous/lib/python3.10/site-packages/robile_autonomous/potential_field_planner.py to potential_field_planner.cpython-310.pyc
running install_data
creating /home/khizer/amr_project/install/robile_autonomous/share/ament_index
creating /home/khizer/amr_project/install/robile_autonomous/share/ament_index/resource_index
creating /home/khizer/amr_project/install/robile_autonomous/share/ament_index/resource_index/packages
copying resource/robile_autonomous -> /home/khizer/amr_project/install/robile_autonomous/share/ament_index/resource_index/packages
copying package.xml -> /home/khizer/amr_project/install/robile_autonomous/share/robile_autonomous
creating /home/khizer/amr_project/install/robile_autonomous/share/robile_autonomous/config
copying config/ekf.yaml -> /home/khizer/amr_project/install/robile_autonomous/share/robile_autonomous/config
creating /home/khizer/amr_project/install/robile_autonomous/share/robile_autonomous/launch
copying launch/slam_with_robile.launch.py -> /home/khizer/amr_project/install/robile_autonomous/share/robile_autonomous/launch
copying launch/navigation.launch.py -> /home/khizer/amr_project/install/robile_autonomous/share/robile_autonomous/launch
copying launch/slam.launch.py -> /home/khizer/amr_project/install/robile_autonomous/share/robile_autonomous/launch
running install_egg_info
Copying ../build/robile_autonomous/robile_autonomous.egg-info to /home/khizer/amr_project/install/robile_autonomous/lib/python3.10/site-packages/robile_autonomous-0.0.0-py3.10.egg-info
running install_scripts
Installing A_star_planner script to /home/khizer/amr_project/install/robile_autonomous/lib/robile_autonomous
Installing navigation_controller script to /home/khizer/amr_project/install/robile_autonomous/lib/robile_autonomous
Installing potential_field_planner script to /home/khizer/amr_project/install/robile_autonomous/lib/robile_autonomous
writing list of installed files to '/home/khizer/amr_project/build/robile_autonomous/install.log'
