[0.026s] Invoking command in '/home/khizer/amr_project/build/robile_interfaces': CMAKE_PREFIX_PATH=${CMAKE_PREFIX_PATH}:/home/khizer/amr_project/install/robile_slam:/home/khizer/amr_project/install/robile_reach_goal:/home/khizer/amr_project/install/robile_control_simple:/home/khizer/amr_project/install/robile_bringup:/home/khizer/amr_project/install/robile_autonomous:/opt/ros/humble /usr/bin/cmake --build /home/khizer/amr_project/build/robile_interfaces -- -j12 -l12
[0.676s] [  2%] Built target robile_interfaces__cpp
[0.676s] [  2%] Built target ament_cmake_python_copy_robile_interfaces
[0.676s] [ 12%] Built target robile_interfaces__rosidl_typesupport_introspection_cpp
[0.676s] running egg_info
[0.676s] writing robile_interfaces.egg-info/PKG-INFO
[0.676s] writing dependency_links to robile_interfaces.egg-info/dependency_links.txt
[0.677s] writing top-level names to robile_interfaces.egg-info/top_level.txt
[0.677s] reading manifest file 'robile_interfaces.egg-info/SOURCES.txt'
[0.677s] writing manifest file 'robile_interfaces.egg-info/SOURCES.txt'
[0.677s] [ 12%] Built target ament_cmake_python_build_robile_interfaces_egg
[0.677s] [ 23%] Built target robile_interfaces__rosidl_typesupport_fastrtps_cpp
[0.677s] [ 33%] Built target robile_interfaces__rosidl_typesupport_cpp
[0.677s] [ 43%] Built target robile_interfaces__rosidl_generator_c
[0.677s] [ 53%] Built target robile_interfaces__rosidl_typesupport_fastrtps_c
[0.677s] [ 64%] Built target robile_interfaces__rosidl_typesupport_c
[0.677s] [ 74%] Built target robile_interfaces__rosidl_typesupport_introspection_c
[0.677s] [ 74%] Built target robile_interfaces
[0.677s] [ 76%] Built target robile_interfaces__py
[0.677s] [ 84%] Built target robile_interfaces__rosidl_generator_py
[0.677s] [ 89%] Built target robile_interfaces__rosidl_typesupport_fastrtps_c__pyext
[0.677s] [ 94%] Built target robile_interfaces__rosidl_typesupport_c__pyext
[0.677s] [100%] Built target robile_interfaces__rosidl_typesupport_introspection_c__pyext
[0.847s] Invoked command in '/home/khizer/amr_project/build/robile_interfaces' returned '0': CMAKE_PREFIX_PATH=${CMAKE_PREFIX_PATH}:/home/khizer/amr_project/install/robile_slam:/home/khizer/amr_project/install/robile_reach_goal:/home/khizer/amr_project/install/robile_control_simple:/home/khizer/amr_project/install/robile_bringup:/home/khizer/amr_project/install/robile_autonomous:/opt/ros/humble /usr/bin/cmake --build /home/khizer/amr_project/build/robile_interfaces -- -j12 -l12
[0.847s] Invoking command in '/home/khizer/amr_project/build/robile_interfaces': CMAKE_PREFIX_PATH=${CMAKE_PREFIX_PATH}:/home/khizer/amr_project/install/robile_slam:/home/khizer/amr_project/install/robile_reach_goal:/home/khizer/amr_project/install/robile_control_simple:/home/khizer/amr_project/install/robile_bringup:/home/khizer/amr_project/install/robile_autonomous:/opt/ros/humble /usr/bin/cmake --install /home/khizer/amr_project/build/robile_interfaces
[0.860s] -- Install configuration: ""
[0.860s] -- Up-to-date: /home/khizer/amr_project/install/robile_interfaces/share/ament_index/resource_index/rosidl_interfaces/robile_interfaces
[0.860s] -- Up-to-date: /home/khizer/amr_project/install/robile_interfaces/include/robile_interfaces/robile_interfaces
[0.860s] -- Up-to-date: /home/khizer/amr_project/install/robile_interfaces/include/robile_interfaces/robile_interfaces/msg
[0.860s] -- Up-to-date: /home/khizer/amr_project/install/robile_interfaces/include/robile_interfaces/robile_interfaces/msg/position_labelled.h
[0.860s] -- Up-to-date: /home/khizer/amr_project/install/robile_interfaces/include/robile_interfaces/robile_interfaces/msg/detail
[0.860s] -- Up-to-date: /home/khizer/amr_project/install/robile_interfaces/include/robile_interfaces/robile_interfaces/msg/detail/position_labelled_array__struct.h
[0.860s] -- Up-to-date: /home/khizer/amr_project/install/robile_interfaces/include/robile_interfaces/robile_interfaces/msg/detail/position_labelled__functions.c
[0.861s] -- Up-to-date: /home/khizer/amr_project/install/robile_interfaces/include/robile_interfaces/robile_interfaces/msg/detail/position_labelled__type_support.h
[0.861s] -- Up-to-date: /home/khizer/amr_project/install/robile_interfaces/include/robile_interfaces/robile_interfaces/msg/detail/position_labelled_array__functions.h
[0.861s] -- Up-to-date: /home/khizer/amr_project/install/robile_interfaces/include/robile_interfaces/robile_interfaces/msg/detail/position_labelled__struct.h
[0.861s] -- Up-to-date: /home/khizer/amr_project/install/robile_interfaces/include/robile_interfaces/robile_interfaces/msg/detail/position_labelled_array__functions.c
[0.861s] -- Up-to-date: /home/khizer/amr_project/install/robile_interfaces/include/robile_interfaces/robile_interfaces/msg/detail/position_labelled_array__type_support.h
[0.861s] -- Up-to-date: /home/khizer/amr_project/install/robile_interfaces/include/robile_interfaces/robile_interfaces/msg/detail/position_labelled__functions.h
[0.861s] -- Up-to-date: /home/khizer/amr_project/install/robile_interfaces/include/robile_interfaces/robile_interfaces/msg/rosidl_generator_c__visibility_control.h
[0.861s] -- Up-to-date: /home/khizer/amr_project/install/robile_interfaces/include/robile_interfaces/robile_interfaces/msg/position_labelled_array.h
[0.861s] -- Up-to-date: /home/khizer/amr_project/install/robile_interfaces/share/robile_interfaces/environment/library_path.sh
[0.861s] -- Up-to-date: /home/khizer/amr_project/install/robile_interfaces/share/robile_interfaces/environment/library_path.dsv
[0.861s] -- Up-to-date: /home/khizer/amr_project/install/robile_interfaces/lib/librobile_interfaces__rosidl_generator_c.so
[0.861s] -- Up-to-date: /home/khizer/amr_project/install/robile_interfaces/include/robile_interfaces/robile_interfaces
[0.862s] -- Up-to-date: /home/khizer/amr_project/install/robile_interfaces/include/robile_interfaces/robile_interfaces/msg
[0.862s] -- Up-to-date: /home/khizer/amr_project/install/robile_interfaces/include/robile_interfaces/robile_interfaces/msg/detail
[0.862s] -- Up-to-date: /home/khizer/amr_project/install/robile_interfaces/include/robile_interfaces/robile_interfaces/msg/detail/position_labelled__rosidl_typesupport_fastrtps_c.h
[0.862s] -- Up-to-date: /home/khizer/amr_project/install/robile_interfaces/include/robile_interfaces/robile_interfaces/msg/detail/position_labelled_array__rosidl_typesupport_fastrtps_c.h
[0.862s] -- Up-to-date: /home/khizer/amr_project/install/robile_interfaces/include/robile_interfaces/robile_interfaces/msg/rosidl_typesupport_fastrtps_c__visibility_control.h
[0.862s] -- Up-to-date: /home/khizer/amr_project/install/robile_interfaces/lib/librobile_interfaces__rosidl_typesupport_fastrtps_c.so
[0.862s] -- Up-to-date: /home/khizer/amr_project/install/robile_interfaces/include/robile_interfaces/robile_interfaces
[0.862s] -- Up-to-date: /home/khizer/amr_project/install/robile_interfaces/include/robile_interfaces/robile_interfaces/msg
[0.862s] -- Up-to-date: /home/khizer/amr_project/install/robile_interfaces/include/robile_interfaces/robile_interfaces/msg/detail
[0.862s] -- Up-to-date: /home/khizer/amr_project/install/robile_interfaces/include/robile_interfaces/robile_interfaces/msg/detail/position_labelled_array__type_support.hpp
[0.862s] -- Up-to-date: /home/khizer/amr_project/install/robile_interfaces/include/robile_interfaces/robile_interfaces/msg/detail/position_labelled__type_support.hpp
[0.863s] -- Up-to-date: /home/khizer/amr_project/install/robile_interfaces/include/robile_interfaces/robile_interfaces/msg/detail/position_labelled_array__builder.hpp
[0.863s] -- Up-to-date: /home/khizer/amr_project/install/robile_interfaces/include/robile_interfaces/robile_interfaces/msg/detail/position_labelled__struct.hpp
[0.863s] -- Up-to-date: /home/khizer/amr_project/install/robile_interfaces/include/robile_interfaces/robile_interfaces/msg/detail/position_labelled_array__traits.hpp
[0.863s] -- Up-to-date: /home/khizer/amr_project/install/robile_interfaces/include/robile_interfaces/robile_interfaces/msg/detail/position_labelled__traits.hpp
[0.863s] -- Up-to-date: /home/khizer/amr_project/install/robile_interfaces/include/robile_interfaces/robile_interfaces/msg/detail/position_labelled_array__struct.hpp
[0.863s] -- Up-to-date: /home/khizer/amr_project/install/robile_interfaces/include/robile_interfaces/robile_interfaces/msg/detail/position_labelled__builder.hpp
[0.863s] -- Up-to-date: /home/khizer/amr_project/install/robile_interfaces/include/robile_interfaces/robile_interfaces/msg/position_labelled.hpp
[0.863s] -- Up-to-date: /home/khizer/amr_project/install/robile_interfaces/include/robile_interfaces/robile_interfaces/msg/position_labelled_array.hpp
[0.864s] -- Up-to-date: /home/khizer/amr_project/install/robile_interfaces/include/robile_interfaces/robile_interfaces/msg/rosidl_generator_cpp__visibility_control.hpp
[0.864s] -- Up-to-date: /home/khizer/amr_project/install/robile_interfaces/include/robile_interfaces/robile_interfaces
[0.864s] -- Up-to-date: /home/khizer/amr_project/install/robile_interfaces/include/robile_interfaces/robile_interfaces/msg
[0.864s] -- Up-to-date: /home/khizer/amr_project/install/robile_interfaces/include/robile_interfaces/robile_interfaces/msg/detail
[0.864s] -- Up-to-date: /home/khizer/amr_project/install/robile_interfaces/include/robile_interfaces/robile_interfaces/msg/detail/position_labelled_array__rosidl_typesupport_fastrtps_cpp.hpp
[0.864s] -- Up-to-date: /home/khizer/amr_project/install/robile_interfaces/include/robile_interfaces/robile_interfaces/msg/detail/position_labelled__rosidl_typesupport_fastrtps_cpp.hpp
[0.864s] -- Up-to-date: /home/khizer/amr_project/install/robile_interfaces/include/robile_interfaces/robile_interfaces/msg/detail/dds_fastrtps
[0.864s] -- Up-to-date: /home/khizer/amr_project/install/robile_interfaces/include/robile_interfaces/robile_interfaces/msg/rosidl_typesupport_fastrtps_cpp__visibility_control.h
[0.864s] -- Up-to-date: /home/khizer/amr_project/install/robile_interfaces/lib/librobile_interfaces__rosidl_typesupport_fastrtps_cpp.so
[0.864s] -- Up-to-date: /home/khizer/amr_project/install/robile_interfaces/include/robile_interfaces/robile_interfaces
[0.865s] -- Up-to-date: /home/khizer/amr_project/install/robile_interfaces/include/robile_interfaces/robile_interfaces/msg
[0.865s] -- Up-to-date: /home/khizer/amr_project/install/robile_interfaces/include/robile_interfaces/robile_interfaces/msg/detail
[0.865s] -- Up-to-date: /home/khizer/amr_project/install/robile_interfaces/include/robile_interfaces/robile_interfaces/msg/detail/position_labelled_array__rosidl_typesupport_introspection_c.h
[0.865s] -- Up-to-date: /home/khizer/amr_project/install/robile_interfaces/include/robile_interfaces/robile_interfaces/msg/detail/position_labelled__rosidl_typesupport_introspection_c.h
[0.865s] -- Up-to-date: /home/khizer/amr_project/install/robile_interfaces/include/robile_interfaces/robile_interfaces/msg/detail/position_labelled_array__type_support.c
[0.865s] -- Up-to-date: /home/khizer/amr_project/install/robile_interfaces/include/robile_interfaces/robile_interfaces/msg/detail/position_labelled__type_support.c
[0.865s] -- Up-to-date: /home/khizer/amr_project/install/robile_interfaces/include/robile_interfaces/robile_interfaces/msg/rosidl_typesupport_introspection_c__visibility_control.h
[0.865s] -- Up-to-date: /home/khizer/amr_project/install/robile_interfaces/lib/librobile_interfaces__rosidl_typesupport_introspection_c.so
[0.865s] -- Up-to-date: /home/khizer/amr_project/install/robile_interfaces/lib/librobile_interfaces__rosidl_typesupport_c.so
[0.865s] -- Up-to-date: /home/khizer/amr_project/install/robile_interfaces/include/robile_interfaces/robile_interfaces
[0.865s] -- Up-to-date: /home/khizer/amr_project/install/robile_interfaces/include/robile_interfaces/robile_interfaces/msg
[0.865s] -- Up-to-date: /home/khizer/amr_project/install/robile_interfaces/include/robile_interfaces/robile_interfaces/msg/detail
[0.865s] -- Up-to-date: /home/khizer/amr_project/install/robile_interfaces/include/robile_interfaces/robile_interfaces/msg/detail/position_labelled_array__type_support.cpp
[0.865s] -- Up-to-date: /home/khizer/amr_project/install/robile_interfaces/include/robile_interfaces/robile_interfaces/msg/detail/position_labelled__rosidl_typesupport_introspection_cpp.hpp
[0.865s] -- Up-to-date: /home/khizer/amr_project/install/robile_interfaces/include/robile_interfaces/robile_interfaces/msg/detail/position_labelled_array__rosidl_typesupport_introspection_cpp.hpp
[0.865s] -- Up-to-date: /home/khizer/amr_project/install/robile_interfaces/include/robile_interfaces/robile_interfaces/msg/detail/position_labelled__type_support.cpp
[0.865s] -- Up-to-date: /home/khizer/amr_project/install/robile_interfaces/lib/librobile_interfaces__rosidl_typesupport_introspection_cpp.so
[0.865s] -- Up-to-date: /home/khizer/amr_project/install/robile_interfaces/lib/librobile_interfaces__rosidl_typesupport_cpp.so
[0.865s] -- Up-to-date: /home/khizer/amr_project/install/robile_interfaces/share/robile_interfaces/environment/pythonpath.sh
[0.865s] -- Up-to-date: /home/khizer/amr_project/install/robile_interfaces/share/robile_interfaces/environment/pythonpath.dsv
[0.865s] -- Up-to-date: /home/khizer/amr_project/install/robile_interfaces/local/lib/python3.10/dist-packages/robile_interfaces-0.0.0-py3.10.egg-info
[0.866s] -- Installing: /home/khizer/amr_project/install/robile_interfaces/local/lib/python3.10/dist-packages/robile_interfaces-0.0.0-py3.10.egg-info/top_level.txt
[0.866s] -- Installing: /home/khizer/amr_project/install/robile_interfaces/local/lib/python3.10/dist-packages/robile_interfaces-0.0.0-py3.10.egg-info/SOURCES.txt
[0.866s] -- Installing: /home/khizer/amr_project/install/robile_interfaces/local/lib/python3.10/dist-packages/robile_interfaces-0.0.0-py3.10.egg-info/PKG-INFO
[0.866s] -- Installing: /home/khizer/amr_project/install/robile_interfaces/local/lib/python3.10/dist-packages/robile_interfaces-0.0.0-py3.10.egg-info/dependency_links.txt
[0.866s] -- Up-to-date: /home/khizer/amr_project/install/robile_interfaces/local/lib/python3.10/dist-packages/robile_interfaces
[0.866s] -- Up-to-date: /home/khizer/amr_project/install/robile_interfaces/local/lib/python3.10/dist-packages/robile_interfaces/robile_interfaces_s__rosidl_typesupport_introspection_c.cpython-310-x86_64-linux-gnu.so
[0.866s] -- Up-to-date: /home/khizer/amr_project/install/robile_interfaces/local/lib/python3.10/dist-packages/robile_interfaces/__init__.py
[0.866s] -- Up-to-date: /home/khizer/amr_project/install/robile_interfaces/local/lib/python3.10/dist-packages/robile_interfaces/robile_interfaces_s__rosidl_typesupport_fastrtps_c.cpython-310-x86_64-linux-gnu.so
[0.866s] -- Up-to-date: /home/khizer/amr_project/install/robile_interfaces/local/lib/python3.10/dist-packages/robile_interfaces/msg
[0.866s] -- Up-to-date: /home/khizer/amr_project/install/robile_interfaces/local/lib/python3.10/dist-packages/robile_interfaces/msg/_position_labelled_s.c
[0.866s] -- Up-to-date: /home/khizer/amr_project/install/robile_interfaces/local/lib/python3.10/dist-packages/robile_interfaces/msg/_position_labelled_array.py
[0.866s] -- Up-to-date: /home/khizer/amr_project/install/robile_interfaces/local/lib/python3.10/dist-packages/robile_interfaces/msg/__init__.py
[0.866s] -- Up-to-date: /home/khizer/amr_project/install/robile_interfaces/local/lib/python3.10/dist-packages/robile_interfaces/msg/_position_labelled_array_s.c
[0.866s] -- Up-to-date: /home/khizer/amr_project/install/robile_interfaces/local/lib/python3.10/dist-packages/robile_interfaces/msg/_position_labelled.py
[0.866s] -- Up-to-date: /home/khizer/amr_project/install/robile_interfaces/local/lib/python3.10/dist-packages/robile_interfaces/_robile_interfaces_s.ep.rosidl_typesupport_fastrtps_c.c
[0.866s] -- Up-to-date: /home/khizer/amr_project/install/robile_interfaces/local/lib/python3.10/dist-packages/robile_interfaces/librobile_interfaces__rosidl_generator_py.so
[0.866s] -- Up-to-date: /home/khizer/amr_project/install/robile_interfaces/local/lib/python3.10/dist-packages/robile_interfaces/_robile_interfaces_s.ep.rosidl_typesupport_c.c
[0.866s] -- Up-to-date: /home/khizer/amr_project/install/robile_interfaces/local/lib/python3.10/dist-packages/robile_interfaces/robile_interfaces_s__rosidl_typesupport_c.cpython-310-x86_64-linux-gnu.so
[0.866s] -- Up-to-date: /home/khizer/amr_project/install/robile_interfaces/local/lib/python3.10/dist-packages/robile_interfaces/_robile_interfaces_s.ep.rosidl_typesupport_introspection_c.c
[0.894s] Listing '/home/khizer/amr_project/install/robile_interfaces/local/lib/python3.10/dist-packages/robile_interfaces'...
[0.894s] Listing '/home/khizer/amr_project/install/robile_interfaces/local/lib/python3.10/dist-packages/robile_interfaces/msg'...
[0.902s] -- Up-to-date: /home/khizer/amr_project/install/robile_interfaces/local/lib/python3.10/dist-packages/robile_interfaces/robile_interfaces_s__rosidl_typesupport_fastrtps_c.cpython-310-x86_64-linux-gnu.so
[0.903s] -- Up-to-date: /home/khizer/amr_project/install/robile_interfaces/local/lib/python3.10/dist-packages/robile_interfaces/robile_interfaces_s__rosidl_typesupport_introspection_c.cpython-310-x86_64-linux-gnu.so
[0.903s] -- Up-to-date: /home/khizer/amr_project/install/robile_interfaces/local/lib/python3.10/dist-packages/robile_interfaces/robile_interfaces_s__rosidl_typesupport_c.cpython-310-x86_64-linux-gnu.so
[0.903s] -- Up-to-date: /home/khizer/amr_project/install/robile_interfaces/lib/librobile_interfaces__rosidl_generator_py.so
[0.903s] -- Up-to-date: /home/khizer/amr_project/install/robile_interfaces/share/robile_interfaces/msg/PositionLabelled.idl
[0.903s] -- Up-to-date: /home/khizer/amr_project/install/robile_interfaces/share/robile_interfaces/msg/PositionLabelledArray.idl
[0.903s] -- Up-to-date: /home/khizer/amr_project/install/robile_interfaces/share/robile_interfaces/msg/PositionLabelled.msg
[0.903s] -- Up-to-date: /home/khizer/amr_project/install/robile_interfaces/share/robile_interfaces/msg/PositionLabelledArray.msg
[0.904s] -- Up-to-date: /home/khizer/amr_project/install/robile_interfaces/share/ament_index/resource_index/package_run_dependencies/robile_interfaces
[0.904s] -- Up-to-date: /home/khizer/amr_project/install/robile_interfaces/share/ament_index/resource_index/parent_prefix_path/robile_interfaces
[0.904s] -- Up-to-date: /home/khizer/amr_project/install/robile_interfaces/share/robile_interfaces/environment/ament_prefix_path.sh
[0.904s] -- Up-to-date: /home/khizer/amr_project/install/robile_interfaces/share/robile_interfaces/environment/ament_prefix_path.dsv
[0.904s] -- Up-to-date: /home/khizer/amr_project/install/robile_interfaces/share/robile_interfaces/environment/path.sh
[0.904s] -- Up-to-date: /home/khizer/amr_project/install/robile_interfaces/share/robile_interfaces/environment/path.dsv
[0.904s] -- Up-to-date: /home/khizer/amr_project/install/robile_interfaces/share/robile_interfaces/local_setup.bash
[0.905s] -- Up-to-date: /home/khizer/amr_project/install/robile_interfaces/share/robile_interfaces/local_setup.sh
[0.905s] -- Up-to-date: /home/khizer/amr_project/install/robile_interfaces/share/robile_interfaces/local_setup.zsh
[0.905s] -- Up-to-date: /home/khizer/amr_project/install/robile_interfaces/share/robile_interfaces/local_setup.dsv
[0.905s] -- Installing: /home/khizer/amr_project/install/robile_interfaces/share/robile_interfaces/package.dsv
[0.905s] -- Up-to-date: /home/khizer/amr_project/install/robile_interfaces/share/ament_index/resource_index/packages/robile_interfaces
[0.905s] -- Up-to-date: /home/khizer/amr_project/install/robile_interfaces/share/robile_interfaces/cmake/export_robile_interfaces__rosidl_generator_cExport.cmake
[0.905s] -- Up-to-date: /home/khizer/amr_project/install/robile_interfaces/share/robile_interfaces/cmake/export_robile_interfaces__rosidl_generator_cExport-noconfig.cmake
[0.906s] -- Up-to-date: /home/khizer/amr_project/install/robile_interfaces/share/robile_interfaces/cmake/export_robile_interfaces__rosidl_typesupport_fastrtps_cExport.cmake
[0.906s] -- Up-to-date: /home/khizer/amr_project/install/robile_interfaces/share/robile_interfaces/cmake/export_robile_interfaces__rosidl_typesupport_fastrtps_cExport-noconfig.cmake
[0.906s] -- Up-to-date: /home/khizer/amr_project/install/robile_interfaces/share/robile_interfaces/cmake/export_robile_interfaces__rosidl_generator_cppExport.cmake
[0.906s] -- Up-to-date: /home/khizer/amr_project/install/robile_interfaces/share/robile_interfaces/cmake/export_robile_interfaces__rosidl_typesupport_fastrtps_cppExport.cmake
[0.906s] -- Up-to-date: /home/khizer/amr_project/install/robile_interfaces/share/robile_interfaces/cmake/export_robile_interfaces__rosidl_typesupport_fastrtps_cppExport-noconfig.cmake
[0.906s] -- Up-to-date: /home/khizer/amr_project/install/robile_interfaces/share/robile_interfaces/cmake/robile_interfaces__rosidl_typesupport_introspection_cExport.cmake
[0.906s] -- Up-to-date: /home/khizer/amr_project/install/robile_interfaces/share/robile_interfaces/cmake/robile_interfaces__rosidl_typesupport_introspection_cExport-noconfig.cmake
[0.906s] -- Up-to-date: /home/khizer/amr_project/install/robile_interfaces/share/robile_interfaces/cmake/robile_interfaces__rosidl_typesupport_cExport.cmake
[0.906s] -- Up-to-date: /home/khizer/amr_project/install/robile_interfaces/share/robile_interfaces/cmake/robile_interfaces__rosidl_typesupport_cExport-noconfig.cmake
[0.906s] -- Up-to-date: /home/khizer/amr_project/install/robile_interfaces/share/robile_interfaces/cmake/robile_interfaces__rosidl_typesupport_introspection_cppExport.cmake
[0.906s] -- Up-to-date: /home/khizer/amr_project/install/robile_interfaces/share/robile_interfaces/cmake/robile_interfaces__rosidl_typesupport_introspection_cppExport-noconfig.cmake
[0.906s] -- Up-to-date: /home/khizer/amr_project/install/robile_interfaces/share/robile_interfaces/cmake/robile_interfaces__rosidl_typesupport_cppExport.cmake
[0.907s] -- Up-to-date: /home/khizer/amr_project/install/robile_interfaces/share/robile_interfaces/cmake/robile_interfaces__rosidl_typesupport_cppExport-noconfig.cmake
[0.907s] -- Up-to-date: /home/khizer/amr_project/install/robile_interfaces/share/robile_interfaces/cmake/export_robile_interfaces__rosidl_generator_pyExport.cmake
[0.907s] -- Up-to-date: /home/khizer/amr_project/install/robile_interfaces/share/robile_interfaces/cmake/export_robile_interfaces__rosidl_generator_pyExport-noconfig.cmake
[0.907s] -- Up-to-date: /home/khizer/amr_project/install/robile_interfaces/share/robile_interfaces/cmake/rosidl_cmake-extras.cmake
[0.907s] -- Up-to-date: /home/khizer/amr_project/install/robile_interfaces/share/robile_interfaces/cmake/ament_cmake_export_dependencies-extras.cmake
[0.907s] -- Up-to-date: /home/khizer/amr_project/install/robile_interfaces/share/robile_interfaces/cmake/ament_cmake_export_include_directories-extras.cmake
[0.907s] -- Up-to-date: /home/khizer/amr_project/install/robile_interfaces/share/robile_interfaces/cmake/ament_cmake_export_libraries-extras.cmake
[0.907s] -- Up-to-date: /home/khizer/amr_project/install/robile_interfaces/share/robile_interfaces/cmake/ament_cmake_export_targets-extras.cmake
[0.907s] -- Up-to-date: /home/khizer/amr_project/install/robile_interfaces/share/robile_interfaces/cmake/rosidl_cmake_export_typesupport_targets-extras.cmake
[0.907s] -- Up-to-date: /home/khizer/amr_project/install/robile_interfaces/share/robile_interfaces/cmake/rosidl_cmake_export_typesupport_libraries-extras.cmake
[0.907s] -- Up-to-date: /home/khizer/amr_project/install/robile_interfaces/share/robile_interfaces/cmake/robile_interfacesConfig.cmake
[0.907s] -- Up-to-date: /home/khizer/amr_project/install/robile_interfaces/share/robile_interfaces/cmake/robile_interfacesConfig-version.cmake
[0.907s] -- Up-to-date: /home/khizer/amr_project/install/robile_interfaces/share/robile_interfaces/package.xml
[0.909s] Invoked command in '/home/khizer/amr_project/build/robile_interfaces' returned '0': CMAKE_PREFIX_PATH=${CMAKE_PREFIX_PATH}:/home/khizer/amr_project/install/robile_slam:/home/khizer/amr_project/install/robile_reach_goal:/home/khizer/amr_project/install/robile_control_simple:/home/khizer/amr_project/install/robile_bringup:/home/khizer/amr_project/install/robile_autonomous:/opt/ros/humble /usr/bin/cmake --install /home/khizer/amr_project/build/robile_interfaces
