running egg_info
writing ../build/robile_slam/robile_slam.egg-info/PKG-INFO
writing dependency_links to ../build/robile_slam/robile_slam.egg-info/dependency_links.txt
writing entry points to ../build/robile_slam/robile_slam.egg-info/entry_points.txt
writing requirements to ../build/robile_slam/robile_slam.egg-info/requires.txt
writing top-level names to ../build/robile_slam/robile_slam.egg-info/top_level.txt
reading manifest file '../build/robile_slam/robile_slam.egg-info/SOURCES.txt'
writing manifest file '../build/robile_slam/robile_slam.egg-info/SOURCES.txt'
running build
running build_py
running install
running install_lib
running install_data
copying launch/map_server.launch.py -> /home/khizer/amr_project/install/robile_slam/share/robile_slam/launch
copying maps/map_amr_proj_test.yaml -> /home/khizer/amr_project/install/robile_slam/share/robile_navigation/maps
copying maps/map_amr_proj_test.pgm -> /home/khizer/amr_project/install/robile_slam/share/robile_navigation/maps
running install_egg_info
removing '/home/khizer/amr_project/install/robile_slam/lib/python3.10/site-packages/robile_slam-0.0.0-py3.10.egg-info' (and everything under it)
Copying ../build/robile_slam/robile_slam.egg-info to /home/khizer/amr_project/install/robile_slam/lib/python3.10/site-packages/robile_slam-0.0.0-py3.10.egg-info
running install_scripts
Installing global_planner_node script to /home/khizer/amr_project/install/robile_slam/lib/robile_slam
Installing mcl script to /home/khizer/amr_project/install/robile_slam/lib/robile_slam
Installing nav_stack script to /home/khizer/amr_project/install/robile_slam/lib/robile_slam
Installing particle_filter_node script to /home/khizer/amr_project/install/robile_slam/lib/robile_slam
Installing potential_field_node script to /home/khizer/amr_project/install/robile_slam/lib/robile_slam
Installing waypoint_follower_node script to /home/khizer/amr_project/install/robile_slam/lib/robile_slam
writing list of installed files to '/home/khizer/amr_project/build/robile_slam/install.log'
