-- Install configuration: ""
-- Up-to-date: /home/khizer/amr_project/install/robile_gazebo/share/robile_gazebo//config
-- Up-to-date: /home/khizer/amr_project/install/robile_gazebo/share/robile_gazebo//config/rviz
-- Up-to-date: /home/khizer/amr_project/install/robile_gazebo/share/robile_gazebo//config/rviz/robile_rolling.rviz
-- Up-to-date: /home/khizer/amr_project/install/robile_gazebo/share/robile_gazebo//config/rviz/robile.rviz
-- Up-to-date: /home/khizer/amr_project/install/robile_gazebo/share/robile_gazebo//config/rviz/robile_foxy_nav.rviz
-- Up-to-date: /home/khizer/amr_project/install/robile_gazebo/share/robile_gazebo//config/doxygen
-- Up-to-date: /home/khizer/amr_project/install/robile_gazebo/share/robile_gazebo//config/doxygen/Doxyfile.in
-- Up-to-date: /home/khizer/amr_project/install/robile_gazebo/share/robile_gazebo//launch
-- Up-to-date: /home/khizer/amr_project/install/robile_gazebo/share/robile_gazebo//launch/gazebo_4_wheel.launch.py
-- Up-to-date: /home/khizer/amr_project/install/robile_gazebo/share/robile_gazebo//worlds
-- Up-to-date: /home/khizer/amr_project/install/robile_gazebo/share/robile_gazebo//worlds/turtlebot3_worlds
-- Up-to-date: /home/khizer/amr_project/install/robile_gazebo/share/robile_gazebo//worlds/turtlebot3_worlds/ar_in_tb3_world.model
-- Up-to-date: /home/khizer/amr_project/install/robile_gazebo/share/robile_gazebo//worlds/cafe.world
-- Up-to-date: /home/khizer/amr_project/install/robile_gazebo/share/robile_gazebo//worlds/experiment_rooms
-- Up-to-date: /home/khizer/amr_project/install/robile_gazebo/share/robile_gazebo//worlds/experiment_rooms/experiment_rooms.png
-- Up-to-date: /home/khizer/amr_project/install/robile_gazebo/share/robile_gazebo//worlds/experiment_rooms/models
-- Up-to-date: /home/khizer/amr_project/install/robile_gazebo/share/robile_gazebo//worlds/experiment_rooms/models/dynamic_obstacle
-- Up-to-date: /home/khizer/amr_project/install/robile_gazebo/share/robile_gazebo//worlds/experiment_rooms/models/dynamic_obstacle/model.config
-- Up-to-date: /home/khizer/amr_project/install/robile_gazebo/share/robile_gazebo//worlds/experiment_rooms/models/dynamic_obstacle/model.sdf
-- Up-to-date: /home/khizer/amr_project/install/robile_gazebo/share/robile_gazebo//worlds/experiment_rooms/models/exp_empty_rooms
-- Up-to-date: /home/khizer/amr_project/install/robile_gazebo/share/robile_gazebo//worlds/experiment_rooms/models/exp_empty_rooms/model.config
-- Up-to-date: /home/khizer/amr_project/install/robile_gazebo/share/robile_gazebo//worlds/experiment_rooms/models/exp_empty_rooms/model.sdf
-- Up-to-date: /home/khizer/amr_project/install/robile_gazebo/share/robile_gazebo//worlds/experiment_rooms/worlds
-- Up-to-date: /home/khizer/amr_project/install/robile_gazebo/share/robile_gazebo//worlds/experiment_rooms/worlds/room2
-- Up-to-date: /home/khizer/amr_project/install/robile_gazebo/share/robile_gazebo//worlds/experiment_rooms/worlds/room2/map
-- Up-to-date: /home/khizer/amr_project/install/robile_gazebo/share/robile_gazebo//worlds/experiment_rooms/worlds/room2/map/room2.yaml
-- Up-to-date: /home/khizer/amr_project/install/robile_gazebo/share/robile_gazebo//worlds/experiment_rooms/worlds/room2/map/room2.png
-- Up-to-date: /home/khizer/amr_project/install/robile_gazebo/share/robile_gazebo//worlds/experiment_rooms/worlds/room2/world.model
-- Up-to-date: /home/khizer/amr_project/install/robile_gazebo/share/robile_gazebo//worlds/experiment_rooms/worlds/room2/world_dynamic.model
-- Up-to-date: /home/khizer/amr_project/install/robile_gazebo/share/robile_gazebo//worlds/experiment_rooms/worlds/room4
-- Up-to-date: /home/khizer/amr_project/install/robile_gazebo/share/robile_gazebo//worlds/experiment_rooms/worlds/room4/map
-- Up-to-date: /home/khizer/amr_project/install/robile_gazebo/share/robile_gazebo//worlds/experiment_rooms/worlds/room4/map/room4.png
-- Up-to-date: /home/khizer/amr_project/install/robile_gazebo/share/robile_gazebo//worlds/experiment_rooms/worlds/room4/map/room4.yaml
-- Up-to-date: /home/khizer/amr_project/install/robile_gazebo/share/robile_gazebo//worlds/experiment_rooms/worlds/room4/world.model
-- Up-to-date: /home/khizer/amr_project/install/robile_gazebo/share/robile_gazebo//worlds/experiment_rooms/worlds/room4/world_dynamic.model
-- Up-to-date: /home/khizer/amr_project/install/robile_gazebo/share/robile_gazebo//worlds/experiment_rooms/worlds/room4/room4.png
-- Up-to-date: /home/khizer/amr_project/install/robile_gazebo/share/robile_gazebo//worlds/experiment_rooms/worlds/room3
-- Up-to-date: /home/khizer/amr_project/install/robile_gazebo/share/robile_gazebo//worlds/experiment_rooms/worlds/room3/room3.png
-- Up-to-date: /home/khizer/amr_project/install/robile_gazebo/share/robile_gazebo//worlds/experiment_rooms/worlds/room3/map
-- Up-to-date: /home/khizer/amr_project/install/robile_gazebo/share/robile_gazebo//worlds/experiment_rooms/worlds/room3/map/room3.png
-- Up-to-date: /home/khizer/amr_project/install/robile_gazebo/share/robile_gazebo//worlds/experiment_rooms/worlds/room3/map/room3.yaml
-- Up-to-date: /home/khizer/amr_project/install/robile_gazebo/share/robile_gazebo//worlds/experiment_rooms/worlds/room3/world.model
-- Up-to-date: /home/khizer/amr_project/install/robile_gazebo/share/robile_gazebo//worlds/experiment_rooms/worlds/room3/world_dynamic.model
-- Up-to-date: /home/khizer/amr_project/install/robile_gazebo/share/robile_gazebo//worlds/experiment_rooms/worlds/room1
-- Up-to-date: /home/khizer/amr_project/install/robile_gazebo/share/robile_gazebo//worlds/experiment_rooms/worlds/room1/map
-- Up-to-date: /home/khizer/amr_project/install/robile_gazebo/share/robile_gazebo//worlds/experiment_rooms/worlds/room1/map/room1.yaml
-- Up-to-date: /home/khizer/amr_project/install/robile_gazebo/share/robile_gazebo//worlds/experiment_rooms/worlds/room1/map/room1.png
-- Up-to-date: /home/khizer/amr_project/install/robile_gazebo/share/robile_gazebo//worlds/experiment_rooms/worlds/room1/world.model
-- Up-to-date: /home/khizer/amr_project/install/robile_gazebo/share/robile_gazebo//worlds/experiment_rooms/README.md
-- Up-to-date: /home/khizer/amr_project/install/robile_gazebo/share/robile_gazebo//worlds/experiment_rooms/pics
-- Up-to-date: /home/khizer/amr_project/install/robile_gazebo/share/robile_gazebo//worlds/experiment_rooms/pics/room3.png
-- Up-to-date: /home/khizer/amr_project/install/robile_gazebo/share/robile_gazebo//worlds/experiment_rooms/pics/room2.png
-- Up-to-date: /home/khizer/amr_project/install/robile_gazebo/share/robile_gazebo//worlds/experiment_rooms/pics/room4.png
-- Up-to-date: /home/khizer/amr_project/install/robile_gazebo/share/robile_gazebo//worlds/experiment_rooms/pics/room1.png
-- Up-to-date: /home/khizer/amr_project/install/robile_gazebo/share/robile_gazebo//worlds/office
-- Up-to-date: /home/khizer/amr_project/install/robile_gazebo/share/robile_gazebo//worlds/office/office_part2.zip
-- Up-to-date: /home/khizer/amr_project/install/robile_gazebo/share/robile_gazebo//worlds/office/office_part1.zip
-- Up-to-date: /home/khizer/amr_project/install/robile_gazebo/share/robile_gazebo//worlds/office/office.jpg
-- Up-to-date: /home/khizer/amr_project/install/robile_gazebo/share/robile_gazebo//worlds/amazon_warehouse.world
-- Up-to-date: /home/khizer/amr_project/install/robile_gazebo/share/robile_gazebo//worlds/dynamic_obstacle
-- Up-to-date: /home/khizer/amr_project/install/robile_gazebo/share/robile_gazebo//worlds/dynamic_obstacle/model.config
-- Up-to-date: /home/khizer/amr_project/install/robile_gazebo/share/robile_gazebo//worlds/dynamic_obstacle/model.sdf
-- Up-to-date: /home/khizer/amr_project/install/robile_gazebo/share/robile_gazebo//worlds/potential_field_gazebo.world
-- Up-to-date: /home/khizer/amr_project/install/robile_gazebo/share/robile_gazebo//worlds/.DS_Store
-- Up-to-date: /home/khizer/amr_project/install/robile_gazebo/share/robile_gazebo//worlds/small_house
-- Up-to-date: /home/khizer/amr_project/install/robile_gazebo/share/robile_gazebo//worlds/small_house/small_house.jpg
-- Up-to-date: /home/khizer/amr_project/install/robile_gazebo/share/robile_gazebo//worlds/small_house/small_house.zip
-- Up-to-date: /home/khizer/amr_project/install/robile_gazebo/share/robile_gazebo//worlds/star_room_with_walls
-- Up-to-date: /home/khizer/amr_project/install/robile_gazebo/share/robile_gazebo//worlds/star_room_with_walls/map_0.1m-px.png
-- Up-to-date: /home/khizer/amr_project/install/robile_gazebo/share/robile_gazebo//worlds/star_room_with_walls/map.yaml
-- Up-to-date: /home/khizer/amr_project/install/robile_gazebo/share/robile_gazebo//worlds/star_room_with_walls/room_with_walls_star
-- Up-to-date: /home/khizer/amr_project/install/robile_gazebo/share/robile_gazebo//worlds/star_room_with_walls/room_with_walls_star/model.config
-- Up-to-date: /home/khizer/amr_project/install/robile_gazebo/share/robile_gazebo//worlds/star_room_with_walls/room_with_walls_star/model.sdf
-- Up-to-date: /home/khizer/amr_project/install/robile_gazebo/share/robile_gazebo//worlds/star_room_with_walls/map_0.05m-px.png
-- Up-to-date: /home/khizer/amr_project/install/robile_gazebo/share/robile_gazebo//worlds/warehouse.world
-- Up-to-date: /home/khizer/amr_project/install/robile_gazebo/share/robile_gazebo//worlds/dynamix.world
-- Up-to-date: /home/khizer/amr_project/install/robile_gazebo/share/robile_gazebo//worlds/random_world
-- Up-to-date: /home/khizer/amr_project/install/robile_gazebo/share/robile_gazebo//worlds/random_world/model.config
-- Up-to-date: /home/khizer/amr_project/install/robile_gazebo/share/robile_gazebo//worlds/random_world/media
-- Up-to-date: /home/khizer/amr_project/install/robile_gazebo/share/robile_gazebo//worlds/random_world/media/materials
-- Up-to-date: /home/khizer/amr_project/install/robile_gazebo/share/robile_gazebo//worlds/random_world/media/materials/texture
-- Up-to-date: /home/khizer/amr_project/install/robile_gazebo/share/robile_gazebo//worlds/random_world/media/materials/texture/random_world.png
-- Up-to-date: /home/khizer/amr_project/install/robile_gazebo/share/robile_gazebo//worlds/random_world/random_world.jpg
-- Up-to-date: /home/khizer/amr_project/install/robile_gazebo/share/robile_gazebo//worlds/random_world/model.sdf
-- Up-to-date: /home/khizer/amr_project/install/robile_gazebo/share/robile_gazebo//worlds/bookstore
-- Up-to-date: /home/khizer/amr_project/install/robile_gazebo/share/robile_gazebo//worlds/bookstore/bookstore.zip
-- Up-to-date: /home/khizer/amr_project/install/robile_gazebo/share/robile_gazebo//worlds/bookstore/bookstore.jpg
-- Up-to-date: /home/khizer/amr_project/install/robile_gazebo/share/robile_gazebo//worlds/room_with_walls_2
-- Up-to-date: /home/khizer/amr_project/install/robile_gazebo/share/robile_gazebo//worlds/room_with_walls_2/map_0.1m-px.png
-- Up-to-date: /home/khizer/amr_project/install/robile_gazebo/share/robile_gazebo//worlds/room_with_walls_2/map.yaml
-- Up-to-date: /home/khizer/amr_project/install/robile_gazebo/share/robile_gazebo//worlds/room_with_walls_2/map_0.05m-px.png
-- Up-to-date: /home/khizer/amr_project/install/robile_gazebo/share/robile_gazebo//worlds/room_with_walls_2/room3
-- Up-to-date: /home/khizer/amr_project/install/robile_gazebo/share/robile_gazebo//worlds/room_with_walls_2/room3/model.config
-- Up-to-date: /home/khizer/amr_project/install/robile_gazebo/share/robile_gazebo//worlds/room_with_walls_2/room3/model.sdf
-- Up-to-date: /home/khizer/amr_project/install/robile_gazebo/share/robile_gazebo//worlds/turtlebot3_houses
-- Up-to-date: /home/khizer/amr_project/install/robile_gazebo/share/robile_gazebo//worlds/turtlebot3_houses/amazon_robot_in_house.model
-- Up-to-date: /home/khizer/amr_project/install/robile_gazebo/share/robile_gazebo//worlds/factory
-- Up-to-date: /home/khizer/amr_project/install/robile_gazebo/share/robile_gazebo//worlds/factory/factory.model
-- Up-to-date: /home/khizer/amr_project/install/robile_gazebo/share/robile_gazebo//worlds/factory/models
-- Up-to-date: /home/khizer/amr_project/install/robile_gazebo/share/robile_gazebo//worlds/factory/models/sun
-- Up-to-date: /home/khizer/amr_project/install/robile_gazebo/share/robile_gazebo//worlds/factory/models/sun/model.config
-- Up-to-date: /home/khizer/amr_project/install/robile_gazebo/share/robile_gazebo//worlds/factory/models/sun/model-1_3.sdf
-- Up-to-date: /home/khizer/amr_project/install/robile_gazebo/share/robile_gazebo//worlds/factory/models/sun/model-1_4.sdf
-- Up-to-date: /home/khizer/amr_project/install/robile_gazebo/share/robile_gazebo//worlds/factory/models/sun/model-1_2.sdf
-- Up-to-date: /home/khizer/amr_project/install/robile_gazebo/share/robile_gazebo//worlds/factory/models/sun/model.sdf
-- Up-to-date: /home/khizer/amr_project/install/robile_gazebo/share/robile_gazebo//worlds/factory/models/disk_part_ariac
-- Up-to-date: /home/khizer/amr_project/install/robile_gazebo/share/robile_gazebo//worlds/factory/models/disk_part_ariac/model.config
-- Up-to-date: /home/khizer/amr_project/install/robile_gazebo/share/robile_gazebo//worlds/factory/models/disk_part_ariac/model.sdf
-- Up-to-date: /home/khizer/amr_project/install/robile_gazebo/share/robile_gazebo//worlds/factory/models/disk_part_ariac/meshes
-- Up-to-date: /home/khizer/amr_project/install/robile_gazebo/share/robile_gazebo//worlds/factory/models/disk_part_ariac/meshes/disk.dae
-- Up-to-date: /home/khizer/amr_project/install/robile_gazebo/share/robile_gazebo//worlds/factory/models/wooden_case
-- Up-to-date: /home/khizer/amr_project/install/robile_gazebo/share/robile_gazebo//worlds/factory/models/wooden_case/model.config
-- Up-to-date: /home/khizer/amr_project/install/robile_gazebo/share/robile_gazebo//worlds/factory/models/wooden_case/model.sdf
-- Up-to-date: /home/khizer/amr_project/install/robile_gazebo/share/robile_gazebo//worlds/factory/models/wooden_case/model.rsdf
-- Up-to-date: /home/khizer/amr_project/install/robile_gazebo/share/robile_gazebo//worlds/factory/models/shipping_container_conveyor_ariac
-- Up-to-date: /home/khizer/amr_project/install/robile_gazebo/share/robile_gazebo//worlds/factory/models/shipping_container_conveyor_ariac/model.config
-- Up-to-date: /home/khizer/amr_project/install/robile_gazebo/share/robile_gazebo//worlds/factory/models/shipping_container_conveyor_ariac/materials
-- Up-to-date: /home/khizer/amr_project/install/robile_gazebo/share/robile_gazebo//worlds/factory/models/shipping_container_conveyor_ariac/materials/textures
-- Up-to-date: /home/khizer/amr_project/install/robile_gazebo/share/robile_gazebo//worlds/factory/models/shipping_container_conveyor_ariac/materials/textures/ShippingContainer.png
-- Up-to-date: /home/khizer/amr_project/install/robile_gazebo/share/robile_gazebo//worlds/factory/models/shipping_container_conveyor_ariac/model.sdf
-- Up-to-date: /home/khizer/amr_project/install/robile_gazebo/share/robile_gazebo//worlds/factory/models/shipping_container_conveyor_ariac/meshes
-- Up-to-date: /home/khizer/amr_project/install/robile_gazebo/share/robile_gazebo//worlds/factory/models/shipping_container_conveyor_ariac/meshes/ShippingContainer_Textured.mtl
-- Up-to-date: /home/khizer/amr_project/install/robile_gazebo/share/robile_gazebo//worlds/factory/models/shipping_container_conveyor_ariac/meshes/ShippingContainer_Textured.obj
-- Up-to-date: /home/khizer/amr_project/install/robile_gazebo/share/robile_gazebo//worlds/factory/models/drone_ariac
-- Up-to-date: /home/khizer/amr_project/install/robile_gazebo/share/robile_gazebo//worlds/factory/models/drone_ariac/model.config
-- Up-to-date: /home/khizer/amr_project/install/robile_gazebo/share/robile_gazebo//worlds/factory/models/drone_ariac/materials
-- Up-to-date: /home/khizer/amr_project/install/robile_gazebo/share/robile_gazebo//worlds/factory/models/drone_ariac/materials/textures
-- Up-to-date: /home/khizer/amr_project/install/robile_gazebo/share/robile_gazebo//worlds/factory/models/drone_ariac/materials/textures/Drone.png
-- Up-to-date: /home/khizer/amr_project/install/robile_gazebo/share/robile_gazebo//worlds/factory/models/drone_ariac/model.sdf
-- Up-to-date: /home/khizer/amr_project/install/robile_gazebo/share/robile_gazebo//worlds/factory/models/drone_ariac/meshes
-- Up-to-date: /home/khizer/amr_project/install/robile_gazebo/share/robile_gazebo//worlds/factory/models/drone_ariac/meshes/Drone.dae
-- Up-to-date: /home/khizer/amr_project/install/robile_gazebo/share/robile_gazebo//worlds/factory/models/drone_ariac/model.config~HEAD
-- Up-to-date: /home/khizer/amr_project/install/robile_gazebo/share/robile_gazebo//worlds/factory/models/plastic_cup
-- Up-to-date: /home/khizer/amr_project/install/robile_gazebo/share/robile_gazebo//worlds/factory/models/plastic_cup/model.config
-- Up-to-date: /home/khizer/amr_project/install/robile_gazebo/share/robile_gazebo//worlds/factory/models/plastic_cup/model.sdf
-- Up-to-date: /home/khizer/amr_project/install/robile_gazebo/share/robile_gazebo//worlds/factory/models/plastic_cup/meshes
-- Up-to-date: /home/khizer/amr_project/install/robile_gazebo/share/robile_gazebo//worlds/factory/models/plastic_cup/meshes/plastic_cup.dae
-- Up-to-date: /home/khizer/amr_project/install/robile_gazebo/share/robile_gazebo//worlds/factory/models/plastic_cup/model.rsdf
-- Up-to-date: /home/khizer/amr_project/install/robile_gazebo/share/robile_gazebo//worlds/factory/models/conveyor_belt_ariac
-- Up-to-date: /home/khizer/amr_project/install/robile_gazebo/share/robile_gazebo//worlds/factory/models/conveyor_belt_ariac/model.config
-- Up-to-date: /home/khizer/amr_project/install/robile_gazebo/share/robile_gazebo//worlds/factory/models/conveyor_belt_ariac/model.sdf
-- Up-to-date: /home/khizer/amr_project/install/robile_gazebo/share/robile_gazebo//worlds/factory/models/grey_wall
-- Up-to-date: /home/khizer/amr_project/install/robile_gazebo/share/robile_gazebo//worlds/factory/models/grey_wall/model.config
-- Up-to-date: /home/khizer/amr_project/install/robile_gazebo/share/robile_gazebo//worlds/factory/models/grey_wall/model-1_3.sdf
-- Up-to-date: /home/khizer/amr_project/install/robile_gazebo/share/robile_gazebo//worlds/factory/models/grey_wall/materials
-- Up-to-date: /home/khizer/amr_project/install/robile_gazebo/share/robile_gazebo//worlds/factory/models/grey_wall/materials/textures
-- Up-to-date: /home/khizer/amr_project/install/robile_gazebo/share/robile_gazebo//worlds/factory/models/grey_wall/materials/textures/grey_wall.png
-- Up-to-date: /home/khizer/amr_project/install/robile_gazebo/share/robile_gazebo//worlds/factory/models/grey_wall/materials/scripts
-- Up-to-date: /home/khizer/amr_project/install/robile_gazebo/share/robile_gazebo//worlds/factory/models/grey_wall/materials/scripts/grey_wall.material
-- Up-to-date: /home/khizer/amr_project/install/robile_gazebo/share/robile_gazebo//worlds/factory/models/grey_wall/model-1_4.sdf
-- Up-to-date: /home/khizer/amr_project/install/robile_gazebo/share/robile_gazebo//worlds/factory/models/grey_wall/model.sdf
-- Up-to-date: /home/khizer/amr_project/install/robile_gazebo/share/robile_gazebo//worlds/factory/models/part3_ariac
-- Up-to-date: /home/khizer/amr_project/install/robile_gazebo/share/robile_gazebo//worlds/factory/models/part3_ariac/model.config
-- Up-to-date: /home/khizer/amr_project/install/robile_gazebo/share/robile_gazebo//worlds/factory/models/part3_ariac/model.sdf
-- Up-to-date: /home/khizer/amr_project/install/robile_gazebo/share/robile_gazebo//worlds/factory/models/workcell_bin
-- Up-to-date: /home/khizer/amr_project/install/robile_gazebo/share/robile_gazebo//worlds/factory/models/workcell_bin/model.config
-- Up-to-date: /home/khizer/amr_project/install/robile_gazebo/share/robile_gazebo//worlds/factory/models/workcell_bin/materials
-- Up-to-date: /home/khizer/amr_project/install/robile_gazebo/share/robile_gazebo//worlds/factory/models/workcell_bin/materials/textures
-- Up-to-date: /home/khizer/amr_project/install/robile_gazebo/share/robile_gazebo//worlds/factory/models/workcell_bin/materials/textures/bin.png
-- Up-to-date: /home/khizer/amr_project/install/robile_gazebo/share/robile_gazebo//worlds/factory/models/workcell_bin/model.sdf
-- Up-to-date: /home/khizer/amr_project/install/robile_gazebo/share/robile_gazebo//worlds/factory/models/workcell_bin/meshes
-- Up-to-date: /home/khizer/amr_project/install/robile_gazebo/share/robile_gazebo//worlds/factory/models/workcell_bin/meshes/bin.dae
-- Up-to-date: /home/khizer/amr_project/install/robile_gazebo/share/robile_gazebo//worlds/factory/models/construction_barrel
-- Up-to-date: /home/khizer/amr_project/install/robile_gazebo/share/robile_gazebo//worlds/factory/models/construction_barrel/model.config
-- Up-to-date: /home/khizer/amr_project/install/robile_gazebo/share/robile_gazebo//worlds/factory/models/construction_barrel/model-1_3.sdf
-- Up-to-date: /home/khizer/amr_project/install/robile_gazebo/share/robile_gazebo//worlds/factory/models/construction_barrel/materials
-- Up-to-date: /home/khizer/amr_project/install/robile_gazebo/share/robile_gazebo//worlds/factory/models/construction_barrel/materials/textures
-- Up-to-date: /home/khizer/amr_project/install/robile_gazebo/share/robile_gazebo//worlds/factory/models/construction_barrel/materials/textures/Construction_Barrel_Spec.png
-- Up-to-date: /home/khizer/amr_project/install/robile_gazebo/share/robile_gazebo//worlds/factory/models/construction_barrel/materials/textures/Construction_Barrel_Diffuse.png
-- Up-to-date: /home/khizer/amr_project/install/robile_gazebo/share/robile_gazebo//worlds/factory/models/construction_barrel/model-1_4.sdf
-- Up-to-date: /home/khizer/amr_project/install/robile_gazebo/share/robile_gazebo//worlds/factory/models/construction_barrel/model.sdf
-- Up-to-date: /home/khizer/amr_project/install/robile_gazebo/share/robile_gazebo//worlds/factory/models/construction_barrel/meshes
-- Up-to-date: /home/khizer/amr_project/install/robile_gazebo/share/robile_gazebo//worlds/factory/models/construction_barrel/meshes/construction_barrel.dae
-- Up-to-date: /home/khizer/amr_project/install/robile_gazebo/share/robile_gazebo//worlds/factory/models/shipping_container_short_ariac
-- Up-to-date: /home/khizer/amr_project/install/robile_gazebo/share/robile_gazebo//worlds/factory/models/shipping_container_short_ariac/model.config
-- Up-to-date: /home/khizer/amr_project/install/robile_gazebo/share/robile_gazebo//worlds/factory/models/shipping_container_short_ariac/materials
-- Up-to-date: /home/khizer/amr_project/install/robile_gazebo/share/robile_gazebo//worlds/factory/models/shipping_container_short_ariac/materials/textures
-- Up-to-date: /home/khizer/amr_project/install/robile_gazebo/share/robile_gazebo//worlds/factory/models/shipping_container_short_ariac/materials/textures/ShippingContainer.png
-- Up-to-date: /home/khizer/amr_project/install/robile_gazebo/share/robile_gazebo//worlds/factory/models/shipping_container_short_ariac/model.sdf
-- Up-to-date: /home/khizer/amr_project/install/robile_gazebo/share/robile_gazebo//worlds/factory/models/shipping_container_short_ariac/meshes
-- Up-to-date: /home/khizer/amr_project/install/robile_gazebo/share/robile_gazebo//worlds/factory/models/shipping_container_short_ariac/meshes/ShippingContainer_Textured.mtl
-- Up-to-date: /home/khizer/amr_project/install/robile_gazebo/share/robile_gazebo//worlds/factory/models/shipping_container_short_ariac/meshes/ShippingContainer_Textured.obj
-- Up-to-date: /home/khizer/amr_project/install/robile_gazebo/share/robile_gazebo//worlds/factory/models/euro_pallet
-- Up-to-date: /home/khizer/amr_project/install/robile_gazebo/share/robile_gazebo//worlds/factory/models/euro_pallet/model.config
-- Up-to-date: /home/khizer/amr_project/install/robile_gazebo/share/robile_gazebo//worlds/factory/models/euro_pallet/model.sdf
-- Up-to-date: /home/khizer/amr_project/install/robile_gazebo/share/robile_gazebo//worlds/factory/models/euro_pallet/meshes
-- Up-to-date: /home/khizer/amr_project/install/robile_gazebo/share/robile_gazebo//worlds/factory/models/euro_pallet/meshes/pallet.dae
-- Up-to-date: /home/khizer/amr_project/install/robile_gazebo/share/robile_gazebo//worlds/factory/models/ground_plane
-- Up-to-date: /home/khizer/amr_project/install/robile_gazebo/share/robile_gazebo//worlds/factory/models/ground_plane/model.config
-- Up-to-date: /home/khizer/amr_project/install/robile_gazebo/share/robile_gazebo//worlds/factory/models/ground_plane/model-1_3.sdf
-- Up-to-date: /home/khizer/amr_project/install/robile_gazebo/share/robile_gazebo//worlds/factory/models/ground_plane/model-1_4.sdf
-- Up-to-date: /home/khizer/amr_project/install/robile_gazebo/share/robile_gazebo//worlds/factory/models/ground_plane/model-1_2.sdf
-- Up-to-date: /home/khizer/amr_project/install/robile_gazebo/share/robile_gazebo//worlds/factory/models/ground_plane/model.sdf
-- Up-to-date: /home/khizer/amr_project/install/robile_gazebo/share/robile_gazebo//worlds/factory/models/cabinet
-- Up-to-date: /home/khizer/amr_project/install/robile_gazebo/share/robile_gazebo//worlds/factory/models/cabinet/model.config
-- Up-to-date: /home/khizer/amr_project/install/robile_gazebo/share/robile_gazebo//worlds/factory/models/cabinet/model-1_3.sdf
-- Up-to-date: /home/khizer/amr_project/install/robile_gazebo/share/robile_gazebo//worlds/factory/models/cabinet/model-1_4.sdf
-- Up-to-date: /home/khizer/amr_project/install/robile_gazebo/share/robile_gazebo//worlds/factory/models/cabinet/model-1_2.sdf
-- Up-to-date: /home/khizer/amr_project/install/robile_gazebo/share/robile_gazebo//worlds/factory/models/cabinet/model.sdf
-- Up-to-date: /home/khizer/amr_project/install/robile_gazebo/share/robile_gazebo//worlds/factory/models/warehouse_robot_ariac
-- Up-to-date: /home/khizer/amr_project/install/robile_gazebo/share/robile_gazebo//worlds/factory/models/warehouse_robot_ariac/model.config
-- Up-to-date: /home/khizer/amr_project/install/robile_gazebo/share/robile_gazebo//worlds/factory/models/warehouse_robot_ariac/materials
-- Up-to-date: /home/khizer/amr_project/install/robile_gazebo/share/robile_gazebo//worlds/factory/models/warehouse_robot_ariac/materials/textures
-- Up-to-date: /home/khizer/amr_project/install/robile_gazebo/share/robile_gazebo//worlds/factory/models/warehouse_robot_ariac/materials/textures/robot.png
-- Up-to-date: /home/khizer/amr_project/install/robile_gazebo/share/robile_gazebo//worlds/factory/models/warehouse_robot_ariac/model.sdf
-- Up-to-date: /home/khizer/amr_project/install/robile_gazebo/share/robile_gazebo//worlds/factory/models/warehouse_robot_ariac/meshes
-- Up-to-date: /home/khizer/amr_project/install/robile_gazebo/share/robile_gazebo//worlds/factory/models/warehouse_robot_ariac/meshes/robot.dae
-- Up-to-date: /home/khizer/amr_project/install/robile_gazebo/share/robile_gazebo//worlds/factory/models/dumpster
-- Up-to-date: /home/khizer/amr_project/install/robile_gazebo/share/robile_gazebo//worlds/factory/models/dumpster/model.config
-- Up-to-date: /home/khizer/amr_project/install/robile_gazebo/share/robile_gazebo//worlds/factory/models/dumpster/model-1_3.sdf
-- Up-to-date: /home/khizer/amr_project/install/robile_gazebo/share/robile_gazebo//worlds/factory/models/dumpster/materials
-- Up-to-date: /home/khizer/amr_project/install/robile_gazebo/share/robile_gazebo//worlds/factory/models/dumpster/materials/textures
-- Up-to-date: /home/khizer/amr_project/install/robile_gazebo/share/robile_gazebo//worlds/factory/models/dumpster/materials/textures/Dumpster_Spec.png
-- Up-to-date: /home/khizer/amr_project/install/robile_gazebo/share/robile_gazebo//worlds/factory/models/dumpster/materials/textures/Dumpster_Diffuse.png
-- Up-to-date: /home/khizer/amr_project/install/robile_gazebo/share/robile_gazebo//worlds/factory/models/dumpster/materials/scripts
-- Up-to-date: /home/khizer/amr_project/install/robile_gazebo/share/robile_gazebo//worlds/factory/models/dumpster/materials/scripts/dumpster.material
-- Up-to-date: /home/khizer/amr_project/install/robile_gazebo/share/robile_gazebo//worlds/factory/models/dumpster/model-1_4.sdf
-- Up-to-date: /home/khizer/amr_project/install/robile_gazebo/share/robile_gazebo//worlds/factory/models/dumpster/model.sdf
-- Up-to-date: /home/khizer/amr_project/install/robile_gazebo/share/robile_gazebo//worlds/factory/models/dumpster/meshes
-- Up-to-date: /home/khizer/amr_project/install/robile_gazebo/share/robile_gazebo//worlds/factory/models/dumpster/meshes/dumpster.dae
-- Up-to-date: /home/khizer/amr_project/install/robile_gazebo/share/robile_gazebo//worlds/factory/models/conveyor_belt_tall_ariac
-- Up-to-date: /home/khizer/amr_project/install/robile_gazebo/share/robile_gazebo//worlds/factory/models/conveyor_belt_tall_ariac/model.config
-- Up-to-date: /home/khizer/amr_project/install/robile_gazebo/share/robile_gazebo//worlds/factory/models/conveyor_belt_tall_ariac/model.sdf
-- Up-to-date: /home/khizer/amr_project/install/robile_gazebo/share/robile_gazebo//worlds/factory/models/gasket_part_ariac
-- Up-to-date: /home/khizer/amr_project/install/robile_gazebo/share/robile_gazebo//worlds/factory/models/gasket_part_ariac/model.config
-- Up-to-date: /home/khizer/amr_project/install/robile_gazebo/share/robile_gazebo//worlds/factory/models/gasket_part_ariac/model.sdf
-- Up-to-date: /home/khizer/amr_project/install/robile_gazebo/share/robile_gazebo//worlds/factory/models/gasket_part_ariac/meshes
-- Up-to-date: /home/khizer/amr_project/install/robile_gazebo/share/robile_gazebo//worlds/factory/models/gasket_part_ariac/meshes/gasket.dae
-- Up-to-date: /home/khizer/amr_project/install/robile_gazebo/share/robile_gazebo//worlds/factory/models/cordless_drill
-- Up-to-date: /home/khizer/amr_project/install/robile_gazebo/share/robile_gazebo//worlds/factory/models/cordless_drill/model.config
-- Up-to-date: /home/khizer/amr_project/install/robile_gazebo/share/robile_gazebo//worlds/factory/models/cordless_drill/model-1_3.sdf
-- Up-to-date: /home/khizer/amr_project/install/robile_gazebo/share/robile_gazebo//worlds/factory/models/cordless_drill/materials
-- Up-to-date: /home/khizer/amr_project/install/robile_gazebo/share/robile_gazebo//worlds/factory/models/cordless_drill/materials/textures
-- Up-to-date: /home/khizer/amr_project/install/robile_gazebo/share/robile_gazebo//worlds/factory/models/cordless_drill/materials/textures/cordless_drill.png
-- Up-to-date: /home/khizer/amr_project/install/robile_gazebo/share/robile_gazebo//worlds/factory/models/cordless_drill/model-1_4.sdf
-- Up-to-date: /home/khizer/amr_project/install/robile_gazebo/share/robile_gazebo//worlds/factory/models/cordless_drill/model-1_2.sdf
-- Up-to-date: /home/khizer/amr_project/install/robile_gazebo/share/robile_gazebo//worlds/factory/models/cordless_drill/model.sdf
-- Up-to-date: /home/khizer/amr_project/install/robile_gazebo/share/robile_gazebo//worlds/factory/models/cordless_drill/meshes
-- Up-to-date: /home/khizer/amr_project/install/robile_gazebo/share/robile_gazebo//worlds/factory/models/cordless_drill/meshes/cordless_drill.dae
-- Up-to-date: /home/khizer/amr_project/install/robile_gazebo/share/robile_gazebo//worlds/factory/models/cordless_drill/meshes/cordless_drill.stl
-- Up-to-date: /home/khizer/amr_project/install/robile_gazebo/share/robile_gazebo//worlds/factory/models/tube_2_25cm
-- Up-to-date: /home/khizer/amr_project/install/robile_gazebo/share/robile_gazebo//worlds/factory/models/tube_2_25cm/model.config
-- Up-to-date: /home/khizer/amr_project/install/robile_gazebo/share/robile_gazebo//worlds/factory/models/tube_2_25cm/model.sdf
-- Up-to-date: /home/khizer/amr_project/install/robile_gazebo/share/robile_gazebo//worlds/factory/models/tube_2_25cm/meshes
-- Up-to-date: /home/khizer/amr_project/install/robile_gazebo/share/robile_gazebo//worlds/factory/models/tube_2_25cm/meshes/tube_2_25.dae
-- Up-to-date: /home/khizer/amr_project/install/robile_gazebo/share/robile_gazebo//worlds/factory/models/tube_2_25cm/model.rsdf
-- Up-to-date: /home/khizer/amr_project/install/robile_gazebo/share/robile_gazebo//worlds/factory/models/drone_with_box_ariac
-- Up-to-date: /home/khizer/amr_project/install/robile_gazebo/share/robile_gazebo//worlds/factory/models/drone_with_box_ariac/model.config
-- Up-to-date: /home/khizer/amr_project/install/robile_gazebo/share/robile_gazebo//worlds/factory/models/drone_with_box_ariac/model.sdf
-- Up-to-date: /home/khizer/amr_project/install/robile_gazebo/share/robile_gazebo//worlds/factory/models/open_box_ariac
-- Up-to-date: /home/khizer/amr_project/install/robile_gazebo/share/robile_gazebo//worlds/factory/models/open_box_ariac/model.config
-- Up-to-date: /home/khizer/amr_project/install/robile_gazebo/share/robile_gazebo//worlds/factory/models/open_box_ariac/materials
-- Up-to-date: /home/khizer/amr_project/install/robile_gazebo/share/robile_gazebo//worlds/factory/models/open_box_ariac/materials/textures
-- Up-to-date: /home/khizer/amr_project/install/robile_gazebo/share/robile_gazebo//worlds/factory/models/open_box_ariac/materials/textures/open_box.png
-- Up-to-date: /home/khizer/amr_project/install/robile_gazebo/share/robile_gazebo//worlds/factory/models/open_box_ariac/model.sdf
-- Up-to-date: /home/khizer/amr_project/install/robile_gazebo/share/robile_gazebo//worlds/factory/models/open_box_ariac/meshes
-- Up-to-date: /home/khizer/amr_project/install/robile_gazebo/share/robile_gazebo//worlds/factory/models/open_box_ariac/meshes/open_box.mtl
-- Up-to-date: /home/khizer/amr_project/install/robile_gazebo/share/robile_gazebo//worlds/factory/models/open_box_ariac/meshes/open_box.obj
-- Up-to-date: /home/khizer/amr_project/install/robile_gazebo/share/robile_gazebo//worlds/factory/models/kit_tray_ariac
-- Up-to-date: /home/khizer/amr_project/install/robile_gazebo/share/robile_gazebo//worlds/factory/models/kit_tray_ariac/model.config
-- Up-to-date: /home/khizer/amr_project/install/robile_gazebo/share/robile_gazebo//worlds/factory/models/kit_tray_ariac/model.sdf
-- Up-to-date: /home/khizer/amr_project/install/robile_gazebo/share/robile_gazebo//worlds/factory/models/part2_ariac
-- Up-to-date: /home/khizer/amr_project/install/robile_gazebo/share/robile_gazebo//worlds/factory/models/part2_ariac/model.config
-- Up-to-date: /home/khizer/amr_project/install/robile_gazebo/share/robile_gazebo//worlds/factory/models/part2_ariac/model.sdf
-- Up-to-date: /home/khizer/amr_project/install/robile_gazebo/share/robile_gazebo//worlds/factory/models/logical_camera_ariac
-- Up-to-date: /home/khizer/amr_project/install/robile_gazebo/share/robile_gazebo//worlds/factory/models/logical_camera_ariac/model.config
-- Up-to-date: /home/khizer/amr_project/install/robile_gazebo/share/robile_gazebo//worlds/factory/models/logical_camera_ariac/materials
-- Up-to-date: /home/khizer/amr_project/install/robile_gazebo/share/robile_gazebo//worlds/factory/models/logical_camera_ariac/materials/textures
-- Up-to-date: /home/khizer/amr_project/install/robile_gazebo/share/robile_gazebo//worlds/factory/models/logical_camera_ariac/materials/textures/camera.png
-- Up-to-date: /home/khizer/amr_project/install/robile_gazebo/share/robile_gazebo//worlds/factory/models/logical_camera_ariac/model.sdf
-- Up-to-date: /home/khizer/amr_project/install/robile_gazebo/share/robile_gazebo//worlds/factory/models/logical_camera_ariac/meshes
-- Up-to-date: /home/khizer/amr_project/install/robile_gazebo/share/robile_gazebo//worlds/factory/models/logical_camera_ariac/meshes/camera.dae
-- Up-to-date: /home/khizer/amr_project/install/robile_gazebo/share/robile_gazebo//worlds/factory/models/table
-- Up-to-date: /home/khizer/amr_project/install/robile_gazebo/share/robile_gazebo//worlds/factory/models/table/model.config
-- Up-to-date: /home/khizer/amr_project/install/robile_gazebo/share/robile_gazebo//worlds/factory/models/table/model-1_3.sdf
-- Up-to-date: /home/khizer/amr_project/install/robile_gazebo/share/robile_gazebo//worlds/factory/models/table/model-1_4.sdf
-- Up-to-date: /home/khizer/amr_project/install/robile_gazebo/share/robile_gazebo//worlds/factory/models/table/model-1_2.sdf
-- Up-to-date: /home/khizer/amr_project/install/robile_gazebo/share/robile_gazebo//worlds/factory/models/table/model.sdf
-- Up-to-date: /home/khizer/amr_project/install/robile_gazebo/share/robile_gazebo//worlds/factory/models/control_console
-- Up-to-date: /home/khizer/amr_project/install/robile_gazebo/share/robile_gazebo//worlds/factory/models/control_console/model.config
-- Up-to-date: /home/khizer/amr_project/install/robile_gazebo/share/robile_gazebo//worlds/factory/models/control_console/materials
-- Up-to-date: /home/khizer/amr_project/install/robile_gazebo/share/robile_gazebo//worlds/factory/models/control_console/materials/textures
-- Up-to-date: /home/khizer/amr_project/install/robile_gazebo/share/robile_gazebo//worlds/factory/models/control_console/materials/textures/light.png
-- Up-to-date: /home/khizer/amr_project/install/robile_gazebo/share/robile_gazebo//worlds/factory/models/control_console/materials/textures/console.png
-- Up-to-date: /home/khizer/amr_project/install/robile_gazebo/share/robile_gazebo//worlds/factory/models/control_console/model.sdf
-- Up-to-date: /home/khizer/amr_project/install/robile_gazebo/share/robile_gazebo//worlds/factory/models/control_console/meshes
-- Up-to-date: /home/khizer/amr_project/install/robile_gazebo/share/robile_gazebo//worlds/factory/models/control_console/meshes/console.dae
-- Up-to-date: /home/khizer/amr_project/install/robile_gazebo/share/robile_gazebo//worlds/factory/models/workcell
-- Up-to-date: /home/khizer/amr_project/install/robile_gazebo/share/robile_gazebo//worlds/factory/models/workcell/model.config
-- Up-to-date: /home/khizer/amr_project/install/robile_gazebo/share/robile_gazebo//worlds/factory/models/workcell/materials
-- Up-to-date: /home/khizer/amr_project/install/robile_gazebo/share/robile_gazebo//worlds/factory/models/workcell/materials/textures
-- Up-to-date: /home/khizer/amr_project/install/robile_gazebo/share/robile_gazebo//worlds/factory/models/workcell/materials/textures/Floor.png
-- Up-to-date: /home/khizer/amr_project/install/robile_gazebo/share/robile_gazebo//worlds/factory/models/workcell/materials/textures/Pallet.png
-- Up-to-date: /home/khizer/amr_project/install/robile_gazebo/share/robile_gazebo//worlds/factory/models/workcell/materials/textures/RubberMat.png
-- Up-to-date: /home/khizer/amr_project/install/robile_gazebo/share/robile_gazebo//worlds/factory/models/workcell/materials/textures/Yellow.png
-- Up-to-date: /home/khizer/amr_project/install/robile_gazebo/share/robile_gazebo//worlds/factory/models/workcell/materials/textures/Door_Window.png
-- Up-to-date: /home/khizer/amr_project/install/robile_gazebo/share/robile_gazebo//worlds/factory/models/workcell/materials/textures/Wall_Corrugated.png
-- Up-to-date: /home/khizer/amr_project/install/robile_gazebo/share/robile_gazebo//worlds/factory/models/workcell/materials/textures/PalletWrap.png
-- Up-to-date: /home/khizer/amr_project/install/robile_gazebo/share/robile_gazebo//worlds/factory/models/workcell/materials/textures/Stairs.png
-- Up-to-date: /home/khizer/amr_project/install/robile_gazebo/share/robile_gazebo//worlds/factory/models/workcell/materials/textures/Wall_Concrete.png
-- Up-to-date: /home/khizer/amr_project/install/robile_gazebo/share/robile_gazebo//worlds/factory/models/workcell/materials/textures/Shelves.png
-- Up-to-date: /home/khizer/amr_project/install/robile_gazebo/share/robile_gazebo//worlds/factory/models/workcell/materials/textures/Bin.png
-- Up-to-date: /home/khizer/amr_project/install/robile_gazebo/share/robile_gazebo//worlds/factory/models/workcell/materials/textures/CardboardBoxes.png
-- Up-to-date: /home/khizer/amr_project/install/robile_gazebo/share/robile_gazebo//worlds/factory/models/workcell/materials/textures/WorkCell_Render.png
-- Up-to-date: /home/khizer/amr_project/install/robile_gazebo/share/robile_gazebo//worlds/factory/models/workcell/materials/textures/ControlPanel.png
-- Up-to-date: /home/khizer/amr_project/install/robile_gazebo/share/robile_gazebo//worlds/factory/models/workcell/materials/textures/RollupDoor.png
-- Up-to-date: /home/khizer/amr_project/install/robile_gazebo/share/robile_gazebo//worlds/factory/models/workcell/materials/textures/Plywood.png
-- Up-to-date: /home/khizer/amr_project/install/robile_gazebo/share/robile_gazebo//worlds/factory/models/workcell/materials/textures/Pillar.png
-- Up-to-date: /home/khizer/amr_project/install/robile_gazebo/share/robile_gazebo//worlds/factory/models/workcell/materials/textures/Conveyor.png
-- Up-to-date: /home/khizer/amr_project/install/robile_gazebo/share/robile_gazebo//worlds/factory/models/workcell/materials/textures/Mesh.png
-- Up-to-date: /home/khizer/amr_project/install/robile_gazebo/share/robile_gazebo//worlds/factory/models/workcell/model.sdf
-- Up-to-date: /home/khizer/amr_project/install/robile_gazebo/share/robile_gazebo//worlds/factory/models/workcell/meshes
-- Up-to-date: /home/khizer/amr_project/install/robile_gazebo/share/robile_gazebo//worlds/factory/models/workcell/meshes/mesh.dae
-- Up-to-date: /home/khizer/amr_project/install/robile_gazebo/share/robile_gazebo//worlds/factory/models/hokuyo_ariac
-- Up-to-date: /home/khizer/amr_project/install/robile_gazebo/share/robile_gazebo//worlds/factory/models/hokuyo_ariac/model.config
-- Up-to-date: /home/khizer/amr_project/install/robile_gazebo/share/robile_gazebo//worlds/factory/models/hokuyo_ariac/model.sdf
-- Up-to-date: /home/khizer/amr_project/install/robile_gazebo/share/robile_gazebo//worlds/factory/models/hokuyo_ariac/meshes
-- Up-to-date: /home/khizer/amr_project/install/robile_gazebo/share/robile_gazebo//worlds/factory/models/hokuyo_ariac/meshes/hokuyo_convex.stl
-- Up-to-date: /home/khizer/amr_project/install/robile_gazebo/share/robile_gazebo//worlds/factory/models/hokuyo_ariac/meshes/hokuyo.dae
-- Up-to-date: /home/khizer/amr_project/install/robile_gazebo/share/robile_gazebo//worlds/factory/models/shipping_container_ariac
-- Up-to-date: /home/khizer/amr_project/install/robile_gazebo/share/robile_gazebo//worlds/factory/models/shipping_container_ariac/model.config
-- Up-to-date: /home/khizer/amr_project/install/robile_gazebo/share/robile_gazebo//worlds/factory/models/shipping_container_ariac/materials
-- Up-to-date: /home/khizer/amr_project/install/robile_gazebo/share/robile_gazebo//worlds/factory/models/shipping_container_ariac/materials/textures
-- Up-to-date: /home/khizer/amr_project/install/robile_gazebo/share/robile_gazebo//worlds/factory/models/shipping_container_ariac/materials/textures/ShippingContainer.png
-- Up-to-date: /home/khizer/amr_project/install/robile_gazebo/share/robile_gazebo//worlds/factory/models/shipping_container_ariac/model.sdf
-- Up-to-date: /home/khizer/amr_project/install/robile_gazebo/share/robile_gazebo//worlds/factory/models/shipping_container_ariac/meshes
-- Up-to-date: /home/khizer/amr_project/install/robile_gazebo/share/robile_gazebo//worlds/factory/models/shipping_container_ariac/meshes/ShippingContainer_Textured.mtl
-- Up-to-date: /home/khizer/amr_project/install/robile_gazebo/share/robile_gazebo//worlds/factory/models/shipping_container_ariac/meshes/ShippingContainer_Textured.obj
-- Up-to-date: /home/khizer/amr_project/install/robile_gazebo/share/robile_gazebo//worlds/factory/models/shipping_container_conveyor_tall_ariac
-- Up-to-date: /home/khizer/amr_project/install/robile_gazebo/share/robile_gazebo//worlds/factory/models/shipping_container_conveyor_tall_ariac/model.config
-- Up-to-date: /home/khizer/amr_project/install/robile_gazebo/share/robile_gazebo//worlds/factory/models/shipping_container_conveyor_tall_ariac/materials
-- Up-to-date: /home/khizer/amr_project/install/robile_gazebo/share/robile_gazebo//worlds/factory/models/shipping_container_conveyor_tall_ariac/materials/textures
-- Up-to-date: /home/khizer/amr_project/install/robile_gazebo/share/robile_gazebo//worlds/factory/models/shipping_container_conveyor_tall_ariac/materials/textures/ShippingContainer.png
-- Up-to-date: /home/khizer/amr_project/install/robile_gazebo/share/robile_gazebo//worlds/factory/models/shipping_container_conveyor_tall_ariac/model.sdf
-- Up-to-date: /home/khizer/amr_project/install/robile_gazebo/share/robile_gazebo//worlds/factory/models/shipping_container_conveyor_tall_ariac/meshes
-- Up-to-date: /home/khizer/amr_project/install/robile_gazebo/share/robile_gazebo//worlds/factory/models/shipping_container_conveyor_tall_ariac/meshes/ShippingContainer_Textured.mtl
-- Up-to-date: /home/khizer/amr_project/install/robile_gazebo/share/robile_gazebo//worlds/factory/models/shipping_container_conveyor_tall_ariac/meshes/ShippingContainer_Textured.obj
-- Up-to-date: /home/khizer/amr_project/install/robile_gazebo/share/robile_gazebo//worlds/factory/models/ladder_75deg_0rails
-- Up-to-date: /home/khizer/amr_project/install/robile_gazebo/share/robile_gazebo//worlds/factory/models/ladder_75deg_0rails/model.config
-- Up-to-date: /home/khizer/amr_project/install/robile_gazebo/share/robile_gazebo//worlds/factory/models/ladder_75deg_0rails/model.sdf
-- Up-to-date: /home/khizer/amr_project/install/robile_gazebo/share/robile_gazebo//worlds/factory/models/ladder_75deg_0rails/model.rsdf
-- Up-to-date: /home/khizer/amr_project/install/robile_gazebo/share/robile_gazebo//worlds/factory/models/drone_collection_zone_ariac
-- Up-to-date: /home/khizer/amr_project/install/robile_gazebo/share/robile_gazebo//worlds/factory/models/drone_collection_zone_ariac/model.config
-- Up-to-date: /home/khizer/amr_project/install/robile_gazebo/share/robile_gazebo//worlds/factory/models/drone_collection_zone_ariac/model.sdf
-- Up-to-date: /home/khizer/amr_project/install/robile_gazebo/share/robile_gazebo//worlds/factory/models/closed_box_ariac
-- Up-to-date: /home/khizer/amr_project/install/robile_gazebo/share/robile_gazebo//worlds/factory/models/closed_box_ariac/model.config
-- Up-to-date: /home/khizer/amr_project/install/robile_gazebo/share/robile_gazebo//worlds/factory/models/closed_box_ariac/materials
-- Up-to-date: /home/khizer/amr_project/install/robile_gazebo/share/robile_gazebo//worlds/factory/models/closed_box_ariac/materials/textures
-- Up-to-date: /home/khizer/amr_project/install/robile_gazebo/share/robile_gazebo//worlds/factory/models/closed_box_ariac/materials/textures/closed_box.png
-- Up-to-date: /home/khizer/amr_project/install/robile_gazebo/share/robile_gazebo//worlds/factory/models/closed_box_ariac/model.sdf
-- Up-to-date: /home/khizer/amr_project/install/robile_gazebo/share/robile_gazebo//worlds/factory/models/closed_box_ariac/meshes
-- Up-to-date: /home/khizer/amr_project/install/robile_gazebo/share/robile_gazebo//worlds/factory/models/closed_box_ariac/meshes/closed_box.mtl
-- Up-to-date: /home/khizer/amr_project/install/robile_gazebo/share/robile_gazebo//worlds/factory/models/closed_box_ariac/meshes/closed_box.obj
-- Up-to-date: /home/khizer/amr_project/install/robile_gazebo/share/robile_gazebo//worlds/factory/models/part1_ariac
-- Up-to-date: /home/khizer/amr_project/install/robile_gazebo/share/robile_gazebo//worlds/factory/models/part1_ariac/model.config
-- Up-to-date: /home/khizer/amr_project/install/robile_gazebo/share/robile_gazebo//worlds/factory/models/part1_ariac/model.sdf
-- Up-to-date: /home/khizer/amr_project/install/robile_gazebo/share/robile_gazebo//worlds/factory/models/yellow_bin_ariac
-- Up-to-date: /home/khizer/amr_project/install/robile_gazebo/share/robile_gazebo//worlds/factory/models/yellow_bin_ariac/model.config
-- Up-to-date: /home/khizer/amr_project/install/robile_gazebo/share/robile_gazebo//worlds/factory/models/yellow_bin_ariac/materials
-- Up-to-date: /home/khizer/amr_project/install/robile_gazebo/share/robile_gazebo//worlds/factory/models/yellow_bin_ariac/materials/textures
-- Up-to-date: /home/khizer/amr_project/install/robile_gazebo/share/robile_gazebo//worlds/factory/models/yellow_bin_ariac/materials/textures/yellow_bin.png
-- Up-to-date: /home/khizer/amr_project/install/robile_gazebo/share/robile_gazebo//worlds/factory/models/yellow_bin_ariac/model.sdf
-- Up-to-date: /home/khizer/amr_project/install/robile_gazebo/share/robile_gazebo//worlds/factory/models/yellow_bin_ariac/meshes
-- Up-to-date: /home/khizer/amr_project/install/robile_gazebo/share/robile_gazebo//worlds/factory/models/yellow_bin_ariac/meshes/yellow_bin.mtl
-- Up-to-date: /home/khizer/amr_project/install/robile_gazebo/share/robile_gazebo//worlds/factory/models/yellow_bin_ariac/meshes/yellow_bin.obj
-- Up-to-date: /home/khizer/amr_project/install/robile_gazebo/share/robile_gazebo//worlds/factory/models/construction_cone
-- Up-to-date: /home/khizer/amr_project/install/robile_gazebo/share/robile_gazebo//worlds/factory/models/construction_cone/model.config
-- Up-to-date: /home/khizer/amr_project/install/robile_gazebo/share/robile_gazebo//worlds/factory/models/construction_cone/model-1_3.sdf
-- Up-to-date: /home/khizer/amr_project/install/robile_gazebo/share/robile_gazebo//worlds/factory/models/construction_cone/materials
-- Up-to-date: /home/khizer/amr_project/install/robile_gazebo/share/robile_gazebo//worlds/factory/models/construction_cone/materials/textures
-- Up-to-date: /home/khizer/amr_project/install/robile_gazebo/share/robile_gazebo//worlds/factory/models/construction_cone/materials/textures/Construction_Cone_Diffuse.png
-- Up-to-date: /home/khizer/amr_project/install/robile_gazebo/share/robile_gazebo//worlds/factory/models/construction_cone/model-1_4.sdf
-- Up-to-date: /home/khizer/amr_project/install/robile_gazebo/share/robile_gazebo//worlds/factory/models/construction_cone/model.sdf
-- Up-to-date: /home/khizer/amr_project/install/robile_gazebo/share/robile_gazebo//worlds/factory/models/construction_cone/meshes
-- Up-to-date: /home/khizer/amr_project/install/robile_gazebo/share/robile_gazebo//worlds/factory/models/construction_cone/meshes/construction_cone.dae
-- Up-to-date: /home/khizer/amr_project/install/robile_gazebo/share/robile_gazebo//worlds/factory/models/piston_rod_part_ariac
-- Up-to-date: /home/khizer/amr_project/install/robile_gazebo/share/robile_gazebo//worlds/factory/models/piston_rod_part_ariac/model.config
-- Up-to-date: /home/khizer/amr_project/install/robile_gazebo/share/robile_gazebo//worlds/factory/models/piston_rod_part_ariac/model.sdf
-- Up-to-date: /home/khizer/amr_project/install/robile_gazebo/share/robile_gazebo//worlds/factory/models/piston_rod_part_ariac/meshes
-- Up-to-date: /home/khizer/amr_project/install/robile_gazebo/share/robile_gazebo//worlds/factory/models/piston_rod_part_ariac/meshes/piston_rod.dae
-- Up-to-date: /home/khizer/amr_project/install/robile_gazebo/share/robile_gazebo//worlds/factory/models/pulley_part_ariac
-- Up-to-date: /home/khizer/amr_project/install/robile_gazebo/share/robile_gazebo//worlds/factory/models/pulley_part_ariac/model.config
-- Up-to-date: /home/khizer/amr_project/install/robile_gazebo/share/robile_gazebo//worlds/factory/models/pulley_part_ariac/model.sdf
-- Up-to-date: /home/khizer/amr_project/install/robile_gazebo/share/robile_gazebo//worlds/factory/models/pulley_part_ariac/meshes
-- Up-to-date: /home/khizer/amr_project/install/robile_gazebo/share/robile_gazebo//worlds/factory/models/pulley_part_ariac/meshes/pulley.dae
-- Up-to-date: /home/khizer/amr_project/install/robile_gazebo/share/robile_gazebo//worlds/factory/models/gear_part_ariac
-- Up-to-date: /home/khizer/amr_project/install/robile_gazebo/share/robile_gazebo//worlds/factory/models/gear_part_ariac/model.config
-- Up-to-date: /home/khizer/amr_project/install/robile_gazebo/share/robile_gazebo//worlds/factory/models/gear_part_ariac/model.sdf
-- Up-to-date: /home/khizer/amr_project/install/robile_gazebo/share/robile_gazebo//worlds/factory/models/gear_part_ariac/meshes
-- Up-to-date: /home/khizer/amr_project/install/robile_gazebo/share/robile_gazebo//worlds/factory/models/gear_part_ariac/meshes/gear.dae
-- Up-to-date: /home/khizer/amr_project/install/robile_gazebo/share/robile_gazebo//worlds/factory/models/first_2015_trash_can
-- Up-to-date: /home/khizer/amr_project/install/robile_gazebo/share/robile_gazebo//worlds/factory/models/first_2015_trash_can/model.config
-- Up-to-date: /home/khizer/amr_project/install/robile_gazebo/share/robile_gazebo//worlds/factory/models/first_2015_trash_can/model.sdf
-- Up-to-date: /home/khizer/amr_project/install/robile_gazebo/share/robile_gazebo//worlds/factory/models/first_2015_trash_can/meshes
-- Up-to-date: /home/khizer/amr_project/install/robile_gazebo/share/robile_gazebo//worlds/factory/models/first_2015_trash_can/meshes/trash_can.dae
-- Up-to-date: /home/khizer/amr_project/install/robile_gazebo/share/robile_gazebo//worlds/factory/models/arm_part_ariac
-- Up-to-date: /home/khizer/amr_project/install/robile_gazebo/share/robile_gazebo//worlds/factory/models/arm_part_ariac/model.config
-- Up-to-date: /home/khizer/amr_project/install/robile_gazebo/share/robile_gazebo//worlds/factory/models/arm_part_ariac/materials
-- Up-to-date: /home/khizer/amr_project/install/robile_gazebo/share/robile_gazebo//worlds/factory/models/arm_part_ariac/materials/textures
-- Up-to-date: /home/khizer/amr_project/install/robile_gazebo/share/robile_gazebo//worlds/factory/models/arm_part_ariac/materials/textures/parts.png
-- Up-to-date: /home/khizer/amr_project/install/robile_gazebo/share/robile_gazebo//worlds/factory/models/arm_part_ariac/materials/scripts
-- Up-to-date: /home/khizer/amr_project/install/robile_gazebo/share/robile_gazebo//worlds/factory/models/arm_part_ariac/materials/scripts/arm_part.material
-- Up-to-date: /home/khizer/amr_project/install/robile_gazebo/share/robile_gazebo//worlds/factory/models/arm_part_ariac/model.sdf
-- Up-to-date: /home/khizer/amr_project/install/robile_gazebo/share/robile_gazebo//worlds/factory/models/arm_part_ariac/meshes
-- Up-to-date: /home/khizer/amr_project/install/robile_gazebo/share/robile_gazebo//worlds/factory/models/arm_part_ariac/meshes/arm.dae
-- Up-to-date: /home/khizer/amr_project/install/robile_gazebo/share/robile_gazebo//worlds/factory/models/deletion_wall
-- Up-to-date: /home/khizer/amr_project/install/robile_gazebo/share/robile_gazebo//worlds/factory/models/deletion_wall/model.config
-- Up-to-date: /home/khizer/amr_project/install/robile_gazebo/share/robile_gazebo//worlds/factory/models/deletion_wall/model.sdf
-- Up-to-date: /home/khizer/amr_project/install/robile_gazebo/share/robile_gazebo//worlds/factory/models/swissranger_camera_ariac
-- Up-to-date: /home/khizer/amr_project/install/robile_gazebo/share/robile_gazebo//worlds/factory/models/swissranger_camera_ariac/model.config
-- Up-to-date: /home/khizer/amr_project/install/robile_gazebo/share/robile_gazebo//worlds/factory/models/swissranger_camera_ariac/model.sdf
-- Up-to-date: /home/khizer/amr_project/install/robile_gazebo/share/robile_gazebo//worlds/factory/models/swissranger_camera_ariac/meshes
-- Up-to-date: /home/khizer/amr_project/install/robile_gazebo/share/robile_gazebo//worlds/factory/models/swissranger_camera_ariac/meshes/SR4000.stl
-- Up-to-date: /home/khizer/amr_project/install/robile_gazebo/share/robile_gazebo//worlds/factory/models/swissranger_camera_ariac/meshes/collada
-- Up-to-date: /home/khizer/amr_project/install/robile_gazebo/share/robile_gazebo//worlds/factory/models/swissranger_camera_ariac/meshes/collada/SR4000.dae
-- Up-to-date: /home/khizer/amr_project/install/robile_gazebo/share/robile_gazebo//worlds/factory/models/part4_ariac
-- Up-to-date: /home/khizer/amr_project/install/robile_gazebo/share/robile_gazebo//worlds/factory/models/part4_ariac/model.config
-- Up-to-date: /home/khizer/amr_project/install/robile_gazebo/share/robile_gazebo//worlds/factory/models/part4_ariac/model.sdf
-- Up-to-date: /home/khizer/amr_project/install/robile_gazebo/share/robile_gazebo//worlds/factory/factory.jpg
-- Up-to-date: /home/khizer/amr_project/install/robile_gazebo/share/robile_gazebo//worlds/dynamic_world
-- Up-to-date: /home/khizer/amr_project/install/robile_gazebo/share/robile_gazebo//worlds/dynamic_world/world.model
-- Up-to-date: /home/khizer/amr_project/install/robile_gazebo/share/robile_gazebo//worlds/dynamic_world/dynamic_room.jpg
-- Up-to-date: /home/khizer/amr_project/install/robile_gazebo/share/robile_gazebo//worlds/empty.world
-- Up-to-date: /home/khizer/amr_project/install/robile_gazebo/share/robile_gazebo//worlds/hospital
-- Up-to-date: /home/khizer/amr_project/install/robile_gazebo/share/robile_gazebo//worlds/hospital/photos
-- Up-to-date: /home/khizer/amr_project/install/robile_gazebo/share/robile_gazebo//worlds/hospital/photos/PortraitA_01.jpg
-- Up-to-date: /home/khizer/amr_project/install/robile_gazebo/share/robile_gazebo//worlds/hospital/photos/PortraitE_01.jpg
-- Up-to-date: /home/khizer/amr_project/install/robile_gazebo/share/robile_gazebo//worlds/hospital/photos/PortraitE_02.jpg
-- Up-to-date: /home/khizer/amr_project/install/robile_gazebo/share/robile_gazebo//worlds/hospital/photos/PortraitD_01.jpg
-- Up-to-date: /home/khizer/amr_project/install/robile_gazebo/share/robile_gazebo//worlds/hospital/photos/PortraitD_02.jpg
-- Up-to-date: /home/khizer/amr_project/install/robile_gazebo/share/robile_gazebo//worlds/hospital/photos/PortraitC_01.jpg
-- Up-to-date: /home/khizer/amr_project/install/robile_gazebo/share/robile_gazebo//worlds/hospital/hospital_two_floors.world
-- Up-to-date: /home/khizer/amr_project/install/robile_gazebo/share/robile_gazebo//worlds/hospital/models_part4.zip
-- Up-to-date: /home/khizer/amr_project/install/robile_gazebo/share/robile_gazebo//worlds/hospital/two_floor.png
-- Up-to-date: /home/khizer/amr_project/install/robile_gazebo/share/robile_gazebo//worlds/hospital/models_part3.zip
-- Up-to-date: /home/khizer/amr_project/install/robile_gazebo/share/robile_gazebo//worlds/hospital/hospital.world
-- Up-to-date: /home/khizer/amr_project/install/robile_gazebo/share/robile_gazebo//worlds/hospital/hospital.png
-- Up-to-date: /home/khizer/amr_project/install/robile_gazebo/share/robile_gazebo//worlds/hospital/models_part1.zip
-- Up-to-date: /home/khizer/amr_project/install/robile_gazebo/share/robile_gazebo//worlds/hospital/models_part2.zip
-- Up-to-date: /home/khizer/amr_project/install/robile_gazebo/share/robile_gazebo//worlds/closed_walls.world
-- Up-to-date: /home/khizer/amr_project/install/robile_gazebo/share/robile_gazebo//worlds/amazon_warehouse
-- Up-to-date: /home/khizer/amr_project/install/robile_gazebo/share/robile_gazebo//worlds/amazon_warehouse/amazon_warehouse.model
-- Up-to-date: /home/khizer/amr_project/install/robile_gazebo/share/robile_gazebo//worlds/amazon_warehouse/amazon_warehouse_with_robot.model
-- Up-to-date: /home/khizer/amr_project/install/robile_gazebo/share/robile_gazebo//worlds/empty_room
-- Up-to-date: /home/khizer/amr_project/install/robile_gazebo/share/robile_gazebo//worlds/empty_room/maps
-- Up-to-date: /home/khizer/amr_project/install/robile_gazebo/share/robile_gazebo//worlds/empty_room/maps/empty_room.pgm
-- Up-to-date: /home/khizer/amr_project/install/robile_gazebo/share/robile_gazebo//worlds/empty_room/maps/empty_room.png
-- Up-to-date: /home/khizer/amr_project/install/robile_gazebo/share/robile_gazebo//worlds/empty_room/model.config
-- Up-to-date: /home/khizer/amr_project/install/robile_gazebo/share/robile_gazebo//worlds/empty_room/model.sdf
-- Up-to-date: /home/khizer/amr_project/install/robile_gazebo/share/robile_gazebo//worlds/room_with_walls_1
-- Up-to-date: /home/khizer/amr_project/install/robile_gazebo/share/robile_gazebo//worlds/room_with_walls_1/map_0.1m-px.png
-- Up-to-date: /home/khizer/amr_project/install/robile_gazebo/share/robile_gazebo//worlds/room_with_walls_1/simple_rooms.png
-- Up-to-date: /home/khizer/amr_project/install/robile_gazebo/share/robile_gazebo//worlds/room_with_walls_1/room_with_walls_10x10
-- Up-to-date: /home/khizer/amr_project/install/robile_gazebo/share/robile_gazebo//worlds/room_with_walls_1/room_with_walls_10x10/model.config
-- Up-to-date: /home/khizer/amr_project/install/robile_gazebo/share/robile_gazebo//worlds/room_with_walls_1/room_with_walls_10x10/model.sdf
-- Up-to-date: /home/khizer/amr_project/install/robile_gazebo/share/robile_gazebo//worlds/room_with_walls_1/map.yaml
-- Up-to-date: /home/khizer/amr_project/install/robile_gazebo/share/robile_gazebo//worlds/room_with_walls_1/map_0.05m-px.png
-- Up-to-date: /home/khizer/amr_project/install/robile_gazebo/share/robile_gazebo//worlds/turtlebot3_world
-- Up-to-date: /home/khizer/amr_project/install/robile_gazebo/share/robile_gazebo//worlds/turtlebot3_world/maps
-- Up-to-date: /home/khizer/amr_project/install/robile_gazebo/share/robile_gazebo//worlds/turtlebot3_world/maps/turtlebot3_world.pgm
-- Up-to-date: /home/khizer/amr_project/install/robile_gazebo/share/robile_gazebo//worlds/turtlebot3_world/maps/turtlebot3_world.yaml
-- Up-to-date: /home/khizer/amr_project/install/robile_gazebo/share/robile_gazebo//worlds/turtlebot3_world/model.config
-- Up-to-date: /home/khizer/amr_project/install/robile_gazebo/share/robile_gazebo//worlds/turtlebot3_world/tb_world.jpg
-- Up-to-date: /home/khizer/amr_project/install/robile_gazebo/share/robile_gazebo//worlds/turtlebot3_world/model-1_4.sdf
-- Up-to-date: /home/khizer/amr_project/install/robile_gazebo/share/robile_gazebo//worlds/turtlebot3_world/model.sdf
-- Up-to-date: /home/khizer/amr_project/install/robile_gazebo/share/robile_gazebo//worlds/turtlebot3_world/meshes
-- Up-to-date: /home/khizer/amr_project/install/robile_gazebo/share/robile_gazebo//worlds/turtlebot3_world/meshes/wall.dae
-- Up-to-date: /home/khizer/amr_project/install/robile_gazebo/share/robile_gazebo//worlds/turtlebot3_world/meshes/hexagon.dae
-- Up-to-date: /home/khizer/amr_project/install/robile_gazebo/share/robile_gazebo//models
-- Up-to-date: /home/khizer/amr_project/install/robile_gazebo/share/robile_gazebo//models/warehouse_walls
-- Up-to-date: /home/khizer/amr_project/install/robile_gazebo/share/robile_gazebo//models/warehouse_walls/model.config
-- Up-to-date: /home/khizer/amr_project/install/robile_gazebo/share/robile_gazebo//models/warehouse_walls/materials
-- Up-to-date: /home/khizer/amr_project/install/robile_gazebo/share/robile_gazebo//models/warehouse_walls/materials/textures
-- Up-to-date: /home/khizer/amr_project/install/robile_gazebo/share/robile_gazebo//models/warehouse_walls/materials/textures/grey_wall.png
-- Up-to-date: /home/khizer/amr_project/install/robile_gazebo/share/robile_gazebo//models/warehouse_walls/materials/scripts
-- Up-to-date: /home/khizer/amr_project/install/robile_gazebo/share/robile_gazebo//models/warehouse_walls/materials/scripts/grey_wall.material
-- Up-to-date: /home/khizer/amr_project/install/robile_gazebo/share/robile_gazebo//models/warehouse_walls/model.sdf
-- Up-to-date: /home/khizer/amr_project/install/robile_gazebo/share/robile_gazebo//models/warehouse_pallet
-- Up-to-date: /home/khizer/amr_project/install/robile_gazebo/share/robile_gazebo//models/warehouse_pallet/model.config
-- Up-to-date: /home/khizer/amr_project/install/robile_gazebo/share/robile_gazebo//models/warehouse_pallet/model.sdf
-- Up-to-date: /home/khizer/amr_project/install/robile_gazebo/share/robile_gazebo//models/.DS_Store
-- Up-to-date: /home/khizer/amr_project/install/robile_gazebo/share/robile_gazebo//models/ground_plane
-- Up-to-date: /home/khizer/amr_project/install/robile_gazebo/share/robile_gazebo//models/ground_plane/model.config
-- Up-to-date: /home/khizer/amr_project/install/robile_gazebo/share/robile_gazebo//models/ground_plane/model-1_3.sdf
-- Up-to-date: /home/khizer/amr_project/install/robile_gazebo/share/robile_gazebo//models/ground_plane/model-1_4.sdf
-- Up-to-date: /home/khizer/amr_project/install/robile_gazebo/share/robile_gazebo//models/ground_plane/model-1_2.sdf
-- Up-to-date: /home/khizer/amr_project/install/robile_gazebo/share/robile_gazebo//models/ground_plane/model.sdf
-- Up-to-date: /home/khizer/amr_project/install/robile_gazebo/share/robile_gazebo//models/cafe
-- Up-to-date: /home/khizer/amr_project/install/robile_gazebo/share/robile_gazebo//models/cafe/model.config
-- Up-to-date: /home/khizer/amr_project/install/robile_gazebo/share/robile_gazebo//models/cafe/materials
-- Up-to-date: /home/khizer/amr_project/install/robile_gazebo/share/robile_gazebo//models/cafe/materials/textures
-- Up-to-date: /home/khizer/amr_project/install/robile_gazebo/share/robile_gazebo//models/cafe/materials/textures/__auto_10.jpg
-- Up-to-date: /home/khizer/amr_project/install/robile_gazebo/share/robile_gazebo//models/cafe/materials/textures/__auto_21.jpg
-- Up-to-date: /home/khizer/amr_project/install/robile_gazebo/share/robile_gazebo//models/cafe/materials/textures/__auto_28.jpg
-- Up-to-date: /home/khizer/amr_project/install/robile_gazebo/share/robile_gazebo//models/cafe/materials/textures/__auto_23.jpg
-- Up-to-date: /home/khizer/amr_project/install/robile_gazebo/share/robile_gazebo//models/cafe/materials/textures/__auto_22.jpg
-- Up-to-date: /home/khizer/amr_project/install/robile_gazebo/share/robile_gazebo//models/cafe/materials/textures/__auto_29.jpg
-- Up-to-date: /home/khizer/amr_project/install/robile_gazebo/share/robile_gazebo//models/cafe/materials/textures/__auto_31.jpg
-- Up-to-date: /home/khizer/amr_project/install/robile_gazebo/share/robile_gazebo//models/cafe/materials/textures/__auto_25.jpg
-- Up-to-date: /home/khizer/amr_project/install/robile_gazebo/share/robile_gazebo//models/cafe/materials/textures/__auto_30.jpg
-- Up-to-date: /home/khizer/amr_project/install/robile_gazebo/share/robile_gazebo//models/cafe/materials/textures/__auto_26.jpg
-- Up-to-date: /home/khizer/amr_project/install/robile_gazebo/share/robile_gazebo//models/cafe/materials/textures/__auto_2.jpg
-- Up-to-date: /home/khizer/amr_project/install/robile_gazebo/share/robile_gazebo//models/cafe/materials/textures/__auto_37.jpg
-- Up-to-date: /home/khizer/amr_project/install/robile_gazebo/share/robile_gazebo//models/cafe/materials/textures/__auto_35.jpg
-- Up-to-date: /home/khizer/amr_project/install/robile_gazebo/share/robile_gazebo//models/cafe/materials/textures/__auto_34.jpg
-- Up-to-date: /home/khizer/amr_project/install/robile_gazebo/share/robile_gazebo//models/cafe/materials/textures/__auto_24.jpg
-- Up-to-date: /home/khizer/amr_project/install/robile_gazebo/share/robile_gazebo//models/cafe/model.sdf
-- Up-to-date: /home/khizer/amr_project/install/robile_gazebo/share/robile_gazebo//models/cafe/meshes
-- Up-to-date: /home/khizer/amr_project/install/robile_gazebo/share/robile_gazebo//models/cafe/meshes/cafe.dae
-- Up-to-date: /home/khizer/amr_project/install/robile_gazebo/share/robile_gazebo//models/warehouse_pallet3
-- Up-to-date: /home/khizer/amr_project/install/robile_gazebo/share/robile_gazebo//models/warehouse_pallet3/model.config
-- Up-to-date: /home/khizer/amr_project/install/robile_gazebo/share/robile_gazebo//models/warehouse_pallet3/model.sdf
-- Up-to-date: /home/khizer/amr_project/install/robile_gazebo/share/robile_gazebo//models/amazon_robot2
-- Up-to-date: /home/khizer/amr_project/install/robile_gazebo/share/robile_gazebo//models/amazon_robot2/model.config
-- Up-to-date: /home/khizer/amr_project/install/robile_gazebo/share/robile_gazebo//models/amazon_robot2/model.sdf
-- Up-to-date: /home/khizer/amr_project/install/robile_gazebo/share/robile_gazebo//models/amazon_robot2/meshes
-- Up-to-date: /home/khizer/amr_project/install/robile_gazebo/share/robile_gazebo//models/amazon_robot2/meshes/lds.dae
-- Up-to-date: /home/khizer/amr_project/install/robile_gazebo/share/robile_gazebo//models/amazon_robot2/meshes/left_tire.dae
-- Up-to-date: /home/khizer/amr_project/install/robile_gazebo/share/robile_gazebo//models/amazon_robot2/meshes/waffle_pi_base.dae
-- Up-to-date: /home/khizer/amr_project/install/robile_gazebo/share/robile_gazebo//models/amazon_robot2/meshes/right_tire.dae
-- Up-to-date: /home/khizer/amr_project/install/robile_gazebo/share/robile_gazebo//models/amazon_robot
-- Up-to-date: /home/khizer/amr_project/install/robile_gazebo/share/robile_gazebo//models/amazon_robot/test2.urdf
-- Up-to-date: /home/khizer/amr_project/install/robile_gazebo/share/robile_gazebo//models/amazon_robot/model.config
-- Up-to-date: /home/khizer/amr_project/install/robile_gazebo/share/robile_gazebo//models/amazon_robot/model2.sdf
-- Up-to-date: /home/khizer/amr_project/install/robile_gazebo/share/robile_gazebo//models/amazon_robot/test.urdf
-- Up-to-date: /home/khizer/amr_project/install/robile_gazebo/share/robile_gazebo//models/amazon_robot/model-1_4.sdf
-- Up-to-date: /home/khizer/amr_project/install/robile_gazebo/share/robile_gazebo//models/amazon_robot/model.sdf
-- Up-to-date: /home/khizer/amr_project/install/robile_gazebo/share/robile_gazebo//models/amazon_robot/meshes
-- Up-to-date: /home/khizer/amr_project/install/robile_gazebo/share/robile_gazebo//models/amazon_robot/meshes/lds.dae
-- Up-to-date: /home/khizer/amr_project/install/robile_gazebo/share/robile_gazebo//models/amazon_robot/meshes/left_tire.dae
-- Up-to-date: /home/khizer/amr_project/install/robile_gazebo/share/robile_gazebo//models/amazon_robot/meshes/waffle_pi_base.dae
-- Up-to-date: /home/khizer/amr_project/install/robile_gazebo/share/robile_gazebo//models/amazon_robot/meshes/burger_base.dae
-- Up-to-date: /home/khizer/amr_project/install/robile_gazebo/share/robile_gazebo//models/amazon_robot/meshes/right_tire.dae
-- Up-to-date: /home/khizer/amr_project/install/robile_gazebo/share/robile_gazebo//models/turtlebot3_house
-- Up-to-date: /home/khizer/amr_project/install/robile_gazebo/share/robile_gazebo//models/turtlebot3_house/model.config
-- Up-to-date: /home/khizer/amr_project/install/robile_gazebo/share/robile_gazebo//models/turtlebot3_house/model.sdf
-- Up-to-date: /home/khizer/amr_project/install/robile_gazebo/share/robile_gazebo//models/cafe_table
-- Up-to-date: /home/khizer/amr_project/install/robile_gazebo/share/robile_gazebo//models/cafe_table/model.config
-- Up-to-date: /home/khizer/amr_project/install/robile_gazebo/share/robile_gazebo//models/cafe_table/materials
-- Up-to-date: /home/khizer/amr_project/install/robile_gazebo/share/robile_gazebo//models/cafe_table/materials/textures
-- Up-to-date: /home/khizer/amr_project/install/robile_gazebo/share/robile_gazebo//models/cafe_table/materials/textures/Maple.jpg
-- Up-to-date: /home/khizer/amr_project/install/robile_gazebo/share/robile_gazebo//models/cafe_table/materials/textures/Wood_Floor_Dark.jpg
-- Up-to-date: /home/khizer/amr_project/install/robile_gazebo/share/robile_gazebo//models/cafe_table/model-1_4.sdf
-- Up-to-date: /home/khizer/amr_project/install/robile_gazebo/share/robile_gazebo//models/cafe_table/model.sdf
-- Up-to-date: /home/khizer/amr_project/install/robile_gazebo/share/robile_gazebo//models/cafe_table/meshes
-- Up-to-date: /home/khizer/amr_project/install/robile_gazebo/share/robile_gazebo//models/cafe_table/meshes/cafe_table.dae
-- Up-to-date: /home/khizer/amr_project/install/robile_gazebo/share/robile_gazebo//models/turtlebot3_world
-- Up-to-date: /home/khizer/amr_project/install/robile_gazebo/share/robile_gazebo//models/turtlebot3_world/model.config
-- Up-to-date: /home/khizer/amr_project/install/robile_gazebo/share/robile_gazebo//models/turtlebot3_world/model-1_4.sdf
-- Up-to-date: /home/khizer/amr_project/install/robile_gazebo/share/robile_gazebo//models/turtlebot3_world/model.sdf
-- Up-to-date: /home/khizer/amr_project/install/robile_gazebo/share/robile_gazebo//models/turtlebot3_world/meshes
-- Up-to-date: /home/khizer/amr_project/install/robile_gazebo/share/robile_gazebo//models/turtlebot3_world/meshes/wall.dae
-- Up-to-date: /home/khizer/amr_project/install/robile_gazebo/share/robile_gazebo//models/turtlebot3_world/meshes/hexagon.dae
-- Up-to-date: /home/khizer/amr_project/install/robile_gazebo/share/ament_index/resource_index/package_run_dependencies/robile_gazebo
-- Up-to-date: /home/khizer/amr_project/install/robile_gazebo/share/ament_index/resource_index/parent_prefix_path/robile_gazebo
-- Up-to-date: /home/khizer/amr_project/install/robile_gazebo/share/robile_gazebo/environment/ament_prefix_path.sh
-- Up-to-date: /home/khizer/amr_project/install/robile_gazebo/share/robile_gazebo/environment/ament_prefix_path.dsv
-- Up-to-date: /home/khizer/amr_project/install/robile_gazebo/share/robile_gazebo/environment/path.sh
-- Up-to-date: /home/khizer/amr_project/install/robile_gazebo/share/robile_gazebo/environment/path.dsv
-- Up-to-date: /home/khizer/amr_project/install/robile_gazebo/share/robile_gazebo/local_setup.bash
-- Up-to-date: /home/khizer/amr_project/install/robile_gazebo/share/robile_gazebo/local_setup.sh
-- Up-to-date: /home/khizer/amr_project/install/robile_gazebo/share/robile_gazebo/local_setup.zsh
-- Up-to-date: /home/khizer/amr_project/install/robile_gazebo/share/robile_gazebo/local_setup.dsv
-- Installing: /home/khizer/amr_project/install/robile_gazebo/share/robile_gazebo/package.dsv
-- Up-to-date: /home/khizer/amr_project/install/robile_gazebo/share/ament_index/resource_index/packages/robile_gazebo
-- Up-to-date: /home/khizer/amr_project/install/robile_gazebo/share/robile_gazebo/cmake/ament_cmake_export_include_directories-extras.cmake
-- Up-to-date: /home/khizer/amr_project/install/robile_gazebo/share/robile_gazebo/cmake/robile_gazeboConfig.cmake
-- Up-to-date: /home/khizer/amr_project/install/robile_gazebo/share/robile_gazebo/cmake/robile_gazeboConfig-version.cmake
-- Up-to-date: /home/khizer/amr_project/install/robile_gazebo/share/robile_gazebo/package.xml
