running egg_info
creating ../build/robile_slam/robile_slam.egg-info
writing ../build/robile_slam/robile_slam.egg-info/PKG-INFO
writing dependency_links to ../build/robile_slam/robile_slam.egg-info/dependency_links.txt
writing entry points to ../build/robile_slam/robile_slam.egg-info/entry_points.txt
writing requirements to ../build/robile_slam/robile_slam.egg-info/requires.txt
writing top-level names to ../build/robile_slam/robile_slam.egg-info/top_level.txt
writing manifest file '../build/robile_slam/robile_slam.egg-info/SOURCES.txt'
reading manifest file '../build/robile_slam/robile_slam.egg-info/SOURCES.txt'
writing manifest file '../build/robile_slam/robile_slam.egg-info/SOURCES.txt'
running build
running build_py
creating /home/khizer/amr_project/build/robile_slam/build
creating /home/khizer/amr_project/build/robile_slam/build/lib
creating /home/khizer/amr_project/build/robile_slam/build/lib/robile_slam
copying robile_slam/potential_field_node.py -> /home/khizer/amr_project/build/robile_slam/build/lib/robile_slam
copying robile_slam/mcl.py -> /home/khizer/amr_project/build/robile_slam/build/lib/robile_slam
copying robile_slam/__init__.py -> /home/khizer/amr_project/build/robile_slam/build/lib/robile_slam
copying robile_slam/global_planner_node.py -> /home/khizer/amr_project/build/robile_slam/build/lib/robile_slam
copying robile_slam/monte_carlo_pf_node.py -> /home/khizer/amr_project/build/robile_slam/build/lib/robile_slam
copying robile_slam/waypoint_follower_node.py -> /home/khizer/amr_project/build/robile_slam/build/lib/robile_slam
copying robile_slam/navigation_stack.py -> /home/khizer/amr_project/build/robile_slam/build/lib/robile_slam
running install
running install_lib
creating /home/khizer/amr_project/install/robile_slam/lib/python3.10/site-packages/robile_slam
copying /home/khizer/amr_project/build/robile_slam/build/lib/robile_slam/potential_field_node.py -> /home/khizer/amr_project/install/robile_slam/lib/python3.10/site-packages/robile_slam
copying /home/khizer/amr_project/build/robile_slam/build/lib/robile_slam/mcl.py -> /home/khizer/amr_project/install/robile_slam/lib/python3.10/site-packages/robile_slam
copying /home/khizer/amr_project/build/robile_slam/build/lib/robile_slam/__init__.py -> /home/khizer/amr_project/install/robile_slam/lib/python3.10/site-packages/robile_slam
copying /home/khizer/amr_project/build/robile_slam/build/lib/robile_slam/global_planner_node.py -> /home/khizer/amr_project/install/robile_slam/lib/python3.10/site-packages/robile_slam
copying /home/khizer/amr_project/build/robile_slam/build/lib/robile_slam/monte_carlo_pf_node.py -> /home/khizer/amr_project/install/robile_slam/lib/python3.10/site-packages/robile_slam
copying /home/khizer/amr_project/build/robile_slam/build/lib/robile_slam/waypoint_follower_node.py -> /home/khizer/amr_project/install/robile_slam/lib/python3.10/site-packages/robile_slam
copying /home/khizer/amr_project/build/robile_slam/build/lib/robile_slam/navigation_stack.py -> /home/khizer/amr_project/install/robile_slam/lib/python3.10/site-packages/robile_slam
byte-compiling /home/khizer/amr_project/install/robile_slam/lib/python3.10/site-packages/robile_slam/potential_field_node.py to potential_field_node.cpython-310.pyc
byte-compiling /home/khizer/amr_project/install/robile_slam/lib/python3.10/site-packages/robile_slam/mcl.py to mcl.cpython-310.pyc
byte-compiling /home/khizer/amr_project/install/robile_slam/lib/python3.10/site-packages/robile_slam/__init__.py to __init__.cpython-310.pyc
byte-compiling /home/khizer/amr_project/install/robile_slam/lib/python3.10/site-packages/robile_slam/global_planner_node.py to global_planner_node.cpython-310.pyc
byte-compiling /home/khizer/amr_project/install/robile_slam/lib/python3.10/site-packages/robile_slam/monte_carlo_pf_node.py to monte_carlo_pf_node.cpython-310.pyc
byte-compiling /home/khizer/amr_project/install/robile_slam/lib/python3.10/site-packages/robile_slam/waypoint_follower_node.py to waypoint_follower_node.cpython-310.pyc
byte-compiling /home/khizer/amr_project/install/robile_slam/lib/python3.10/site-packages/robile_slam/navigation_stack.py to navigation_stack.cpython-310.pyc
running install_data
creating /home/khizer/amr_project/install/robile_slam/share/ament_index
creating /home/khizer/amr_project/install/robile_slam/share/ament_index/resource_index
creating /home/khizer/amr_project/install/robile_slam/share/ament_index/resource_index/packages
copying resource/robile_slam -> /home/khizer/amr_project/install/robile_slam/share/ament_index/resource_index/packages
copying package.xml -> /home/khizer/amr_project/install/robile_slam/share/robile_slam
creating /home/khizer/amr_project/install/robile_slam/share/robile_slam/launch
copying launch/robile_slam.launch.py -> /home/khizer/amr_project/install/robile_slam/share/robile_slam/launch
copying launch/test_particle_filter.launch.py -> /home/khizer/amr_project/install/robile_slam/share/robile_slam/launch
copying launch/navigation.launch.py -> /home/khizer/amr_project/install/robile_slam/share/robile_slam/launch
copying launch/map_server.launch.py -> /home/khizer/amr_project/install/robile_slam/share/robile_slam/launch
copying launch/test_global_planner.launch.py -> /home/khizer/amr_project/install/robile_slam/share/robile_slam/launch
copying launch/mcl_test.launch.py -> /home/khizer/amr_project/install/robile_slam/share/robile_slam/launch
copying launch/robile_localization_test.launch.py -> /home/khizer/amr_project/install/robile_slam/share/robile_slam/launch
copying launch/mcl_localization_test.launch.py -> /home/khizer/amr_project/install/robile_slam/share/robile_slam/launch
copying launch/nav_launch.launch.py -> /home/khizer/amr_project/install/robile_slam/share/robile_slam/launch
creating /home/khizer/amr_project/install/robile_slam/share/robile_navigation
creating /home/khizer/amr_project/install/robile_slam/share/robile_navigation/maps
copying maps/dynamic_world_map.pgm -> /home/khizer/amr_project/install/robile_slam/share/robile_navigation/maps
copying maps/new_dynamic_world.yaml -> /home/khizer/amr_project/install/robile_slam/share/robile_navigation/maps
copying maps/dynamic_world_map.yaml -> /home/khizer/amr_project/install/robile_slam/share/robile_navigation/maps
copying maps/new_dynamic_world.pgm -> /home/khizer/amr_project/install/robile_slam/share/robile_navigation/maps
copying maps/latest_map.pgm -> /home/khizer/amr_project/install/robile_slam/share/robile_navigation/maps
copying maps/env_map.yaml -> /home/khizer/amr_project/install/robile_slam/share/robile_navigation/maps
copying maps/env_map.pgm -> /home/khizer/amr_project/install/robile_slam/share/robile_navigation/maps
copying maps/latest_map.yaml -> /home/khizer/amr_project/install/robile_slam/share/robile_navigation/maps
creating /home/khizer/amr_project/install/robile_slam/share/robile_slam/config
copying config/ekf.yaml -> /home/khizer/amr_project/install/robile_slam/share/robile_slam/config
running install_egg_info
Copying ../build/robile_slam/robile_slam.egg-info to /home/khizer/amr_project/install/robile_slam/lib/python3.10/site-packages/robile_slam-0.0.0-py3.10.egg-info
running install_scripts
Installing global_planner_node script to /home/khizer/amr_project/install/robile_slam/lib/robile_slam
Installing mcl script to /home/khizer/amr_project/install/robile_slam/lib/robile_slam
Installing nav_stack script to /home/khizer/amr_project/install/robile_slam/lib/robile_slam
Installing particle_filter_node script to /home/khizer/amr_project/install/robile_slam/lib/robile_slam
Installing potential_field_node script to /home/khizer/amr_project/install/robile_slam/lib/robile_slam
Installing waypoint_follower_node script to /home/khizer/amr_project/install/robile_slam/lib/robile_slam
writing list of installed files to '/home/khizer/amr_project/build/robile_slam/install.log'
