[1.063s] Invoking command in '/home/khizer/amr_project/robile_slam': PYTHONPATH=/home/khizer/amr_project/build/robile_slam/prefix_override:/usr/lib/python3/dist-packages/colcon_core/task/python/colcon_distutils_commands:/home/khizer/amr_project/install/robile_slam/lib/python3.10/site-packages:${PYTHONPATH} /usr/bin/python3 -W ignore:setup.py install is deprecated -W ignore:easy_install command is deprecated setup.py egg_info --egg-base ../build/robile_slam build --build-base /home/khizer/amr_project/build/robile_slam/build install --record /home/khizer/amr_project/build/robile_slam/install.log --single-version-externally-managed install_data
[1.250s] running egg_info
[1.252s] creating ../build/robile_slam/robile_slam.egg-info
[1.252s] writing ../build/robile_slam/robile_slam.egg-info/PKG-INFO
[1.252s] writing dependency_links to ../build/robile_slam/robile_slam.egg-info/dependency_links.txt
[1.252s] writing entry points to ../build/robile_slam/robile_slam.egg-info/entry_points.txt
[1.252s] writing requirements to ../build/robile_slam/robile_slam.egg-info/requires.txt
[1.252s] writing top-level names to ../build/robile_slam/robile_slam.egg-info/top_level.txt
[1.252s] writing manifest file '../build/robile_slam/robile_slam.egg-info/SOURCES.txt'
[1.252s] reading manifest file '../build/robile_slam/robile_slam.egg-info/SOURCES.txt'
[1.253s] writing manifest file '../build/robile_slam/robile_slam.egg-info/SOURCES.txt'
[1.253s] running build
[1.253s] running build_py
[1.254s] creating /home/khizer/amr_project/build/robile_slam/build
[1.254s] creating /home/khizer/amr_project/build/robile_slam/build/lib
[1.254s] creating /home/khizer/amr_project/build/robile_slam/build/lib/robile_slam
[1.254s] copying robile_slam/potential_field_node.py -> /home/khizer/amr_project/build/robile_slam/build/lib/robile_slam
[1.254s] copying robile_slam/mcl.py -> /home/khizer/amr_project/build/robile_slam/build/lib/robile_slam
[1.254s] copying robile_slam/__init__.py -> /home/khizer/amr_project/build/robile_slam/build/lib/robile_slam
[1.254s] copying robile_slam/global_planner_node.py -> /home/khizer/amr_project/build/robile_slam/build/lib/robile_slam
[1.254s] copying robile_slam/monte_carlo_pf_node.py -> /home/khizer/amr_project/build/robile_slam/build/lib/robile_slam
[1.254s] copying robile_slam/waypoint_follower_node.py -> /home/khizer/amr_project/build/robile_slam/build/lib/robile_slam
[1.254s] copying robile_slam/navigation_stack.py -> /home/khizer/amr_project/build/robile_slam/build/lib/robile_slam
[1.254s] running install
[1.254s] running install_lib
[1.254s] creating /home/khizer/amr_project/install/robile_slam/lib/python3.10/site-packages/robile_slam
[1.255s] copying /home/khizer/amr_project/build/robile_slam/build/lib/robile_slam/potential_field_node.py -> /home/khizer/amr_project/install/robile_slam/lib/python3.10/site-packages/robile_slam
[1.255s] copying /home/khizer/amr_project/build/robile_slam/build/lib/robile_slam/mcl.py -> /home/khizer/amr_project/install/robile_slam/lib/python3.10/site-packages/robile_slam
[1.255s] copying /home/khizer/amr_project/build/robile_slam/build/lib/robile_slam/__init__.py -> /home/khizer/amr_project/install/robile_slam/lib/python3.10/site-packages/robile_slam
[1.255s] copying /home/khizer/amr_project/build/robile_slam/build/lib/robile_slam/global_planner_node.py -> /home/khizer/amr_project/install/robile_slam/lib/python3.10/site-packages/robile_slam
[1.255s] copying /home/khizer/amr_project/build/robile_slam/build/lib/robile_slam/monte_carlo_pf_node.py -> /home/khizer/amr_project/install/robile_slam/lib/python3.10/site-packages/robile_slam
[1.255s] copying /home/khizer/amr_project/build/robile_slam/build/lib/robile_slam/waypoint_follower_node.py -> /home/khizer/amr_project/install/robile_slam/lib/python3.10/site-packages/robile_slam
[1.255s] copying /home/khizer/amr_project/build/robile_slam/build/lib/robile_slam/navigation_stack.py -> /home/khizer/amr_project/install/robile_slam/lib/python3.10/site-packages/robile_slam
[1.255s] byte-compiling /home/khizer/amr_project/install/robile_slam/lib/python3.10/site-packages/robile_slam/potential_field_node.py to potential_field_node.cpython-310.pyc
[1.257s] byte-compiling /home/khizer/amr_project/install/robile_slam/lib/python3.10/site-packages/robile_slam/mcl.py to mcl.cpython-310.pyc
[1.257s] byte-compiling /home/khizer/amr_project/install/robile_slam/lib/python3.10/site-packages/robile_slam/__init__.py to __init__.cpython-310.pyc
[1.257s] byte-compiling /home/khizer/amr_project/install/robile_slam/lib/python3.10/site-packages/robile_slam/global_planner_node.py to global_planner_node.cpython-310.pyc
[1.258s] byte-compiling /home/khizer/amr_project/install/robile_slam/lib/python3.10/site-packages/robile_slam/monte_carlo_pf_node.py to monte_carlo_pf_node.cpython-310.pyc
[1.259s] byte-compiling /home/khizer/amr_project/install/robile_slam/lib/python3.10/site-packages/robile_slam/waypoint_follower_node.py to waypoint_follower_node.cpython-310.pyc
[1.260s] byte-compiling /home/khizer/amr_project/install/robile_slam/lib/python3.10/site-packages/robile_slam/navigation_stack.py to navigation_stack.cpython-310.pyc
[1.262s] running install_data
[1.262s] creating /home/khizer/amr_project/install/robile_slam/share/ament_index
[1.262s] creating /home/khizer/amr_project/install/robile_slam/share/ament_index/resource_index
[1.262s] creating /home/khizer/amr_project/install/robile_slam/share/ament_index/resource_index/packages
[1.262s] copying resource/robile_slam -> /home/khizer/amr_project/install/robile_slam/share/ament_index/resource_index/packages
[1.262s] copying package.xml -> /home/khizer/amr_project/install/robile_slam/share/robile_slam
[1.263s] creating /home/khizer/amr_project/install/robile_slam/share/robile_slam/launch
[1.263s] copying launch/robile_slam.launch.py -> /home/khizer/amr_project/install/robile_slam/share/robile_slam/launch
[1.263s] copying launch/test_particle_filter.launch.py -> /home/khizer/amr_project/install/robile_slam/share/robile_slam/launch
[1.263s] copying launch/navigation.launch.py -> /home/khizer/amr_project/install/robile_slam/share/robile_slam/launch
[1.263s] copying launch/map_server.launch.py -> /home/khizer/amr_project/install/robile_slam/share/robile_slam/launch
[1.263s] copying launch/test_global_planner.launch.py -> /home/khizer/amr_project/install/robile_slam/share/robile_slam/launch
[1.263s] copying launch/mcl_test.launch.py -> /home/khizer/amr_project/install/robile_slam/share/robile_slam/launch
[1.263s] copying launch/robile_localization_test.launch.py -> /home/khizer/amr_project/install/robile_slam/share/robile_slam/launch
[1.263s] copying launch/mcl_localization_test.launch.py -> /home/khizer/amr_project/install/robile_slam/share/robile_slam/launch
[1.263s] copying launch/nav_launch.launch.py -> /home/khizer/amr_project/install/robile_slam/share/robile_slam/launch
[1.263s] creating /home/khizer/amr_project/install/robile_slam/share/robile_navigation
[1.263s] creating /home/khizer/amr_project/install/robile_slam/share/robile_navigation/maps
[1.263s] copying maps/dynamic_world_map.pgm -> /home/khizer/amr_project/install/robile_slam/share/robile_navigation/maps
[1.263s] copying maps/new_dynamic_world.yaml -> /home/khizer/amr_project/install/robile_slam/share/robile_navigation/maps
[1.263s] copying maps/dynamic_world_map.yaml -> /home/khizer/amr_project/install/robile_slam/share/robile_navigation/maps
[1.263s] copying maps/new_dynamic_world.pgm -> /home/khizer/amr_project/install/robile_slam/share/robile_navigation/maps
[1.263s] copying maps/latest_map.pgm -> /home/khizer/amr_project/install/robile_slam/share/robile_navigation/maps
[1.263s] copying maps/env_map.yaml -> /home/khizer/amr_project/install/robile_slam/share/robile_navigation/maps
[1.264s] copying maps/env_map.pgm -> /home/khizer/amr_project/install/robile_slam/share/robile_navigation/maps
[1.264s] copying maps/latest_map.yaml -> /home/khizer/amr_project/install/robile_slam/share/robile_navigation/maps
[1.264s] creating /home/khizer/amr_project/install/robile_slam/share/robile_slam/config
[1.264s] copying config/ekf.yaml -> /home/khizer/amr_project/install/robile_slam/share/robile_slam/config
[1.264s] running install_egg_info
[1.265s] Copying ../build/robile_slam/robile_slam.egg-info to /home/khizer/amr_project/install/robile_slam/lib/python3.10/site-packages/robile_slam-0.0.0-py3.10.egg-info
[1.265s] running install_scripts
[1.277s] Installing global_planner_node script to /home/khizer/amr_project/install/robile_slam/lib/robile_slam
[1.277s] Installing mcl script to /home/khizer/amr_project/install/robile_slam/lib/robile_slam
[1.277s] Installing nav_stack script to /home/khizer/amr_project/install/robile_slam/lib/robile_slam
[1.277s] Installing particle_filter_node script to /home/khizer/amr_project/install/robile_slam/lib/robile_slam
[1.278s] Installing potential_field_node script to /home/khizer/amr_project/install/robile_slam/lib/robile_slam
[1.278s] Installing waypoint_follower_node script to /home/khizer/amr_project/install/robile_slam/lib/robile_slam
[1.278s] writing list of installed files to '/home/khizer/amr_project/build/robile_slam/install.log'
[1.300s] Invoked command in '/home/khizer/amr_project/robile_slam' returned '0': PYTHONPATH=/home/khizer/amr_project/build/robile_slam/prefix_override:/usr/lib/python3/dist-packages/colcon_core/task/python/colcon_distutils_commands:/home/khizer/amr_project/install/robile_slam/lib/python3.10/site-packages:${PYTHONPATH} /usr/bin/python3 -W ignore:setup.py install is deprecated -W ignore:easy_install command is deprecated setup.py egg_info --egg-base ../build/robile_slam build --build-base /home/khizer/amr_project/build/robile_slam/build install --record /home/khizer/amr_project/build/robile_slam/install.log --single-version-externally-managed install_data
